pid 179001's current affinity list: 0-255
pid 179001's new affinity list: 255
pid 179002's current affinity list: 0-255
pid 179002's new affinity list: 254
pid 179003's current affinity list: 0-255
pid 179003's new affinity list: 253
pid 179004's current affinity list: 0-255
pid 179004's new affinity list: 252
pid 179005's current affinity list: 0-255
pid 179005's new affinity list: 251
pid 179006's current affinity list: 0-255
pid 179006's new affinity list: 250
pid 179007's current affinity list: 0-255
pid 179007's new affinity list: 249
pid 179008's current affinity list: 0-255
pid 179008's new affinity list: 248
pid 179009's current affinity list: 0-255
pid 179009's new affinity list: 247
pid 179010's current affinity list: 0-255
pid 179010's new affinity list: 246
pid 179011's current affinity list: 0-255
pid 179011's new affinity list: 245
pid 179012's current affinity list: 0-255
pid 179012's new affinity list: 244
pid 179013's current affinity list: 0-255
pid 179013's new affinity list: 243
pid 179014's current affinity list: 0-255
pid 179014's new affinity list: 242
pid 179015's current affinity list: 0-255
pid 179015's new affinity list: 241
pid 179016's current affinity list: 0-255
pid 179016's new affinity list: 240
pid 179017's current affinity list: 0-255
pid 179017's new affinity list: 239
pid 179018's current affinity list: 0-255
pid 179018's new affinity list: 238
pid 179019's current affinity list: 0-255
pid 179019's new affinity list: 237
pid 179020's current affinity list: 0-255
pid 179020's new affinity list: 236
pid 179021's current affinity list: 0-255
pid 179021's new affinity list: 235
pid 179022's current affinity list: 0-255
pid 179022's new affinity list: 234
pid 179023's current affinity list: 0-255
pid 179023's new affinity list: 233
pid 179024's current affinity list: 0-255
pid 179024's new affinity list: 232
pid 179025's current affinity list: 0-255
pid 179025's new affinity list: 231
pid 179026's current affinity list: 0-255
pid 179026's new affinity list: 230
pid 179027's current affinity list: 0-255
pid 179027's new affinity list: 229
pid 179028's current affinity list: 0-255
pid 179028's new affinity list: 228
pid 179029's current affinity list: 0-255
pid 179029's new affinity list: 227
pid 179030's current affinity list: 0-255
pid 179030's new affinity list: 226
pid 179031's current affinity list: 0-255
pid 179031's new affinity list: 225
pid 179032's current affinity list: 0-255
pid 179032's new affinity list: 224
pid 179033's current affinity list: 0-255
pid 179033's new affinity list: 223
pid 179034's current affinity list: 0-255
pid 179034's new affinity list: 222
pid 179035's current affinity list: 0-255
pid 179035's new affinity list: 221
pid 179036's current affinity list: 0-255
pid 179036's new affinity list: 220
pid 179037's current affinity list: 0-255
pid 179037's new affinity list: 219
pid 179038's current affinity list: 0-255
pid 179038's new affinity list: 218
pid 179039's current affinity list: 0-255
pid 179039's new affinity list: 217
pid 179040's current affinity list: 0-255
pid 179040's new affinity list: 216
pid 179041's current affinity list: 0-255
pid 179041's new affinity list: 215
pid 179042's current affinity list: 0-255
pid 179042's new affinity list: 214
pid 179043's current affinity list: 0-255
pid 179043's new affinity list: 213
pid 179044's current affinity list: 0-255
pid 179044's new affinity list: 212
pid 179045's current affinity list: 0-255
pid 179045's new affinity list: 211
pid 179046's current affinity list: 0-255
pid 179046's new affinity list: 210
pid 179047's current affinity list: 0-255
pid 179047's new affinity list: 209
pid 179048's current affinity list: 0-255
pid 179048's new affinity list: 208
pid 179049's current affinity list: 0-255
pid 179049's new affinity list: 207
pid 179050's current affinity list: 0-255
pid 179050's new affinity list: 206
pid 179051's current affinity list: 0-255
pid 179051's new affinity list: 205
pid 179052's current affinity list: 0-255
pid 179052's new affinity list: 204
pid 179053's current affinity list: 0-255
pid 179053's new affinity list: 203
pid 179054's current affinity list: 0-255
pid 179054's new affinity list: 202
pid 179055's current affinity list: 0-255
pid 179055's new affinity list: 201
pid 179056's current affinity list: 0-255
pid 179056's new affinity list: 200
pid 179057's current affinity list: 0-255
pid 179057's new affinity list: 199
pid 179058's current affinity list: 0-255
pid 179058's new affinity list: 198
pid 179060's current affinity list: 0-255
pid 179060's new affinity list: 197
pid 179061's current affinity list: 0-255
pid 179061's new affinity list: 196
pid 179062's current affinity list: 0-255
pid 179062's new affinity list: 195
pid 179063's current affinity list: 0-255
pid 179063's new affinity list: 194
pid 179064's current affinity list: 0-255
pid 179064's new affinity list: 193
pid 179065's current affinity list: 0-255
pid 179065's new affinity list: 192
pid 179066's current affinity list: 0-255
pid 179066's new affinity list: 191
pid 179067's current affinity list: 0-255
pid 179067's new affinity list: 190
pid 179068's current affinity list: 0-255
pid 179068's new affinity list: 189
pid 179069's current affinity list: 0-255
pid 179069's new affinity list: 188
pid 179070's current affinity list: 0-255
pid 179070's new affinity list: 187
pid 179071's current affinity list: 0-255
pid 179071's new affinity list: 186
pid 179072's current affinity list: 0-255
pid 179072's new affinity list: 185
pid 179073's current affinity list: 0-255
pid 179073's new affinity list: 184
pid 179074's current affinity list: 0-255
pid 179074's new affinity list: 183
pid 179075's current affinity list: 0-255
pid 179075's new affinity list: 182
pid 179076's current affinity list: 0-255
pid 179076's new affinity list: 181
pid 179077's current affinity list: 0-255
pid 179077's new affinity list: 180
pid 179078's current affinity list: 0-255
pid 179078's new affinity list: 179
pid 179079's current affinity list: 0-255
pid 179079's new affinity list: 178
pid 179080's current affinity list: 0-255
pid 179080's new affinity list: 177
pid 179081's current affinity list: 0-255
pid 179081's new affinity list: 176
pid 179082's current affinity list: 0-255
pid 179082's new affinity list: 175
pid 179083's current affinity list: 0-255
pid 179083's new affinity list: 174
pid 179084's current affinity list: 0-255
pid 179084's new affinity list: 173
pid 179085's current affinity list: 0-255
pid 179085's new affinity list: 172
pid 179086's current affinity list: 0-255
pid 179086's new affinity list: 171
pid 179087's current affinity list: 0-255
pid 179087's new affinity list: 170
pid 179088's current affinity list: 0-255
pid 179088's new affinity list: 169
pid 179089's current affinity list: 0-255
pid 179089's new affinity list: 168
pid 179090's current affinity list: 0-255
pid 179090's new affinity list: 167
pid 179091's current affinity list: 0-255
pid 179091's new affinity list: 166
pid 179092's current affinity list: 0-255
pid 179092's new affinity list: 165
pid 179093's current affinity list: 0-255
pid 179093's new affinity list: 164
pid 179094's current affinity list: 0-255
pid 179094's new affinity list: 163
pid 179095's current affinity list: 0-255
pid 179095's new affinity list: 162
pid 179096's current affinity list: 0-255
pid 179096's new affinity list: 161
pid 179097's current affinity list: 0-255
pid 179097's new affinity list: 160
pid 179098's current affinity list: 0-255
pid 179098's new affinity list: 159
pid 179099's current affinity list: 0-255
pid 179099's new affinity list: 158
pid 179100's current affinity list: 0-255
pid 179100's new affinity list: 157
pid 179101's current affinity list: 0-255
pid 179101's new affinity list: 156
pid 179102's current affinity list: 0-255
pid 179102's new affinity list: 155
pid 179103's current affinity list: 0-255
pid 179103's new affinity list: 154
pid 179104's current affinity list: 0-255
pid 179104's new affinity list: 153
pid 179105's current affinity list: 0-255
pid 179105's new affinity list: 152
pid 179106's current affinity list: 0-255
pid 179106's new affinity list: 151
pid 179107's current affinity list: 0-255
pid 179107's new affinity list: 150
pid 179108's current affinity list: 0-255
pid 179108's new affinity list: 149
pid 179109's current affinity list: 0-255
pid 179109's new affinity list: 148
pid 179110's current affinity list: 0-255
pid 179110's new affinity list: 147
pid 179111's current affinity list: 0-255
pid 179111's new affinity list: 146
pid 179112's current affinity list: 0-255
pid 179112's new affinity list: 145
pid 179113's current affinity list: 0-255
pid 179113's new affinity list: 144
pid 179114's current affinity list: 0-255
pid 179114's new affinity list: 143
pid 179115's current affinity list: 0-255
pid 179115's new affinity list: 142
pid 179116's current affinity list: 0-255
pid 179116's new affinity list: 141
pid 179117's current affinity list: 0-255
pid 179117's new affinity list: 140
pid 179118's current affinity list: 0-255
pid 179118's new affinity list: 139
pid 179119's current affinity list: 0-255
pid 179119's new affinity list: 138
pid 179120's current affinity list: 0-255
pid 179120's new affinity list: 137
pid 179121's current affinity list: 0-255
pid 179121's new affinity list: 136
pid 179123's current affinity list: 0-255
pid 179123's new affinity list: 135
pid 179124's current affinity list: 0-255
pid 179124's new affinity list: 134
pid 179125's current affinity list: 0-255
pid 179125's new affinity list: 133
pid 179126's current affinity list: 0-255
pid 179126's new affinity list: 132
pid 179128's current affinity list: 0-255
pid 179128's new affinity list: 131
pid 179129's current affinity list: 0-255
pid 179129's new affinity list: 130
pid 179130's current affinity list: 0-255
pid 179130's new affinity list: 129
pid 179131's current affinity list: 0-255
pid 179131's new affinity list: 128
pid 179132's current affinity list: 0-255
pid 179132's new affinity list: 127
pid 179133's current affinity list: 0-255
pid 179133's new affinity list: 126
pid 179134's current affinity list: 0-255
pid 179134's new affinity list: 125
pid 179135's current affinity list: 0-255
pid 179135's new affinity list: 124
pid 179136's current affinity list: 0-255
pid 179136's new affinity list: 123
pid 179137's current affinity list: 0-255
pid 179137's new affinity list: 122
pid 179138's current affinity list: 0-255
pid 179138's new affinity list: 121
pid 179139's current affinity list: 0-255
pid 179139's new affinity list: 120
pid 179140's current affinity list: 0-255
pid 179140's new affinity list: 119
pid 179141's current affinity list: 0-255
pid 179141's new affinity list: 118
pid 179142's current affinity list: 0-255
pid 179142's new affinity list: 117
pid 179143's current affinity list: 0-255
pid 179143's new affinity list: 116
pid 179144's current affinity list: 0-255
pid 179144's new affinity list: 115
pid 179145's current affinity list: 0-255
pid 179145's new affinity list: 114
pid 179146's current affinity list: 0-255
pid 179146's new affinity list: 113
pid 179147's current affinity list: 0-255
pid 179147's new affinity list: 112
pid 179148's current affinity list: 0-255
pid 179148's new affinity list: 111
pid 179149's current affinity list: 0-255
pid 179149's new affinity list: 110
pid 179150's current affinity list: 0-255
pid 179150's new affinity list: 109
pid 179151's current affinity list: 0-255
pid 179151's new affinity list: 108
pid 179152's current affinity list: 0-255
pid 179152's new affinity list: 107
pid 179153's current affinity list: 0-255
pid 179153's new affinity list: 106
pid 179154's current affinity list: 0-255
pid 179154's new affinity list: 105
pid 179155's current affinity list: 0-255
pid 179155's new affinity list: 104
pid 179156's current affinity list: 0-255
pid 179156's new affinity list: 103
pid 179157's current affinity list: 0-255
pid 179157's new affinity list: 102
pid 179158's current affinity list: 0-255
pid 179158's new affinity list: 101
pid 179159's current affinity list: 0-255
pid 179159's new affinity list: 100
pid 179160's current affinity list: 0-255
pid 179160's new affinity list: 99
pid 179161's current affinity list: 0-255
pid 179161's new affinity list: 98
pid 179162's current affinity list: 0-255
pid 179162's new affinity list: 97
pid 179163's current affinity list: 0-255
pid 179163's new affinity list: 96
pid 179164's current affinity list: 0-255
pid 179164's new affinity list: 95
pid 179166's current affinity list: 0-255
pid 179166's new affinity list: 94
pid 179168's current affinity list: 0-255
pid 179168's new affinity list: 93
pid 179169's current affinity list: 0-255
pid 179169's new affinity list: 92
pid 179170's current affinity list: 0-255
pid 179170's new affinity list: 91
pid 179171's current affinity list: 0-255
pid 179171's new affinity list: 90
pid 179172's current affinity list: 0-255
pid 179172's new affinity list: 89
pid 179173's current affinity list: 0-255
pid 179173's new affinity list: 88
pid 179174's current affinity list: 0-255
pid 179174's new affinity list: 87
pid 179175's current affinity list: 0-255
pid 179175's new affinity list: 86
pid 179176's current affinity list: 0-255
pid 179176's new affinity list: 85
pid 179178's current affinity list: 0-255
pid 179178's new affinity list: 84
pid 179179's current affinity list: 0-255
pid 179179's new affinity list: 83
pid 179180's current affinity list: 0-255
pid 179180's new affinity list: 82
pid 179181's current affinity list: 0-255
pid 179181's new affinity list: 81
pid 179182's current affinity list: 0-255
pid 179182's new affinity list: 80
pid 179183's current affinity list: 0-255
pid 179183's new affinity list: 79
pid 179184's current affinity list: 0-255
pid 179184's new affinity list: 78
pid 179185's current affinity list: 0-255
pid 179185's new affinity list: 77
pid 179186's current affinity list: 0-255
pid 179186's new affinity list: 76
pid 179187's current affinity list: 0-255
pid 179187's new affinity list: 75
pid 179190's current affinity list: 0-255
pid 179190's new affinity list: 74
pid 179193's current affinity list: 0-255
pid 179193's new affinity list: 73
pid 179194's current affinity list: 0-255
pid 179194's new affinity list: 72
pid 179195's current affinity list: 0-255
pid 179195's new affinity list: 71
pid 179196's current affinity list: 0-255
pid 179196's new affinity list: 70
pid 179197's current affinity list: 0-255
pid 179197's new affinity list: 69
pid 179198's current affinity list: 0-255
pid 179198's new affinity list: 68
pid 179199's current affinity list: 0-255
pid 179199's new affinity list: 67
pid 179200's current affinity list: 0-255
pid 179200's new affinity list: 66
pid 179201's current affinity list: 0-255
pid 179201's new affinity list: 65
pid 179202's current affinity list: 0-255
pid 179202's new affinity list: 64
pid 179203's current affinity list: 0-255
pid 179203's new affinity list: 63
pid 179204's current affinity list: 0-255
pid 179204's new affinity list: 62
pid 179205's current affinity list: 0-255
pid 179205's new affinity list: 61
pid 179206's current affinity list: 0-255
pid 179206's new affinity list: 60
pid 179207's current affinity list: 0-255
pid 179207's new affinity list: 59
pid 179208's current affinity list: 0-255
pid 179208's new affinity list: 58
pid 179209's current affinity list: 0-255
pid 179209's new affinity list: 57
pid 179210's current affinity list: 0-255
pid 179210's new affinity list: 56
pid 179211's current affinity list: 0-255
pid 179211's new affinity list: 55
pid 179212's current affinity list: 0-255
pid 179212's new affinity list: 54
pid 179213's current affinity list: 0-255
pid 179213's new affinity list: 53
pid 179214's current affinity list: 0-255
pid 179214's new affinity list: 52
pid 179215's current affinity list: 0-255
pid 179215's new affinity list: 51
pid 179216's current affinity list: 0-255
pid 179216's new affinity list: 50
pid 179217's current affinity list: 0-255
pid 179217's new affinity list: 49
pid 179218's current affinity list: 0-255
pid 179218's new affinity list: 48
pid 179219's current affinity list: 0-255
pid 179219's new affinity list: 47
pid 179220's current affinity list: 0-255
pid 179220's new affinity list: 46
pid 179221's current affinity list: 0-255
pid 179221's new affinity list: 45
pid 179222's current affinity list: 0-255
pid 179222's new affinity list: 44
pid 179223's current affinity list: 0-255
pid 179223's new affinity list: 43
pid 179224's current affinity list: 0-255
pid 179224's new affinity list: 42
pid 179225's current affinity list: 0-255
pid 179225's new affinity list: 41
pid 179226's current affinity list: 0-255
pid 179226's new affinity list: 40
pid 179227's current affinity list: 0-255
pid 179227's new affinity list: 39
pid 179228's current affinity list: 0-255
pid 179228's new affinity list: 38
pid 179229's current affinity list: 0-255
pid 179229's new affinity list: 37
pid 179231's current affinity list: 0-255
pid 179231's new affinity list: 36
pid 179232's current affinity list: 0-255
pid 179232's new affinity list: 35
pid 179233's current affinity list: 0-255
pid 179233's new affinity list: 34
pid 179234's current affinity list: 0-255
pid 179234's new affinity list: 33
pid 179235's current affinity list: 0-255
pid 179235's new affinity list: 32
pid 179236's current affinity list: 0-255
pid 179236's new affinity list: 31
pid 179238's current affinity list: 0-255
pid 179238's new affinity list: 30
pid 179240's current affinity list: 0-255
pid 179240's new affinity list: 29
pid 179242's current affinity list: 0-255
pid 179242's new affinity list: 28
pid 179243's current affinity list: 0-255
pid 179243's new affinity list: 27
pid 179244's current affinity list: 0-255
pid 179244's new affinity list: 26
pid 179245's current affinity list: 0-255
pid 179245's new affinity list: 25
pid 179246's current affinity list: 0-255
pid 179246's new affinity list: 24
pid 179247's current affinity list: 0-255
pid 179247's new affinity list: 23
pid 179248's current affinity list: 0-255
pid 179248's new affinity list: 22
pid 179249's current affinity list: 0-255
pid 179249's new affinity list: 21
pid 179250's current affinity list: 0-255
pid 179250's new affinity list: 20
pid 179251's current affinity list: 0-255
pid 179251's new affinity list: 19
pid 179252's current affinity list: 0-255
pid 179252's new affinity list: 18
pid 179253's current affinity list: 0-255
pid 179253's new affinity list: 17
pid 179254's current affinity list: 0-255
pid 179254's new affinity list: 16
pid 179255's current affinity list: 0-255
pid 179255's new affinity list: 15
pid 179256's current affinity list: 0-255
pid 179256's new affinity list: 14
pid 179257's current affinity list: 0-255
pid 179257's new affinity list: 13
pid 179258's current affinity list: 0-255
pid 179258's new affinity list: 12
pid 179259's current affinity list: 0-255
pid 179259's new affinity list: 11
pid 179260's current affinity list: 0-255
pid 179260's new affinity list: 10
pid 179261's current affinity list: 0-255
pid 179261's new affinity list: 9
pid 179262's current affinity list: 0-255
pid 179262's new affinity list: 8
pid 179263's current affinity list: 0-255
pid 179263's new affinity list: 7
pid 179264's current affinity list: 0-255
pid 179264's new affinity list: 6
pid 179265's current affinity list: 0-255
pid 179265's new affinity list: 5
pid 179266's current affinity list: 0-255
pid 179266's new affinity list: 4
pid 179267's current affinity list: 0-255
pid 179267's new affinity list: 3
pid 179268's current affinity list: 0-255
pid 179268's new affinity list: 2
pid 179269's current affinity list: 0-255
pid 179269's new affinity list: 1
pid 179270's current affinity list: 0-255
pid 179270's new affinity list: 0
pid 178859's current affinity list: 0-255
pid 178859's new affinity list: 0-255
/home/wangsy/Zhuh/miniconda3/envs/Li_bgc/lib/python3.12/site-packages/Bio/SeqFeature.py:230: BiopythonDeprecationWarning: Please use .location.strand rather than .strand
  warnings.warn(
/home/wangsy/Zhuh/miniconda3/envs/Li_bgc/lib/python3.12/site-packages/Bio/SeqFeature.py:230: BiopythonDeprecationWarning: Please use .location.strand rather than .strand
  warnings.warn(
/home/wangsy/Zhuh/miniconda3/envs/Li_bgc/lib/python3.12/site-packages/Bio/SeqFeature.py:230: BiopythonDeprecationWarning: Please use .location.strand rather than .strand
  warnings.warn(
/home/wangsy/Zhuh/miniconda3/envs/Li_bgc/lib/python3.12/site-packages/Bio/SeqFeature.py:230: BiopythonDeprecationWarning: Please use .location.strand rather than .strand
  warnings.warn(
creating output folder...
Loading database into memory (this can take a while)...
[0.05560660362243652s] loading sqlite3 database
Using HMM database version 'bigslice-models-2022-11-30' (built using antiSMASH version 7.0.0)
Loading HMM databases...
[10.134193897247314s] loading hmm databases
processing dataset: dataset_1...
Found 0 BGCs from 0 GBKs, another 7782 to be parsed.
Parsing and inserting 7782 GBKs...
/home/wangsy/Zhuh/miniconda3/envs/Li_bgc/lib/python3.12/site-packages/Bio/SeqFeature.py:230: BiopythonDeprecationWarning: Please use .location.strand rather than .strand
  warnings.warn(
  0%|          | 0/7782 [00:00<?, ?it/s]/home/wangsy/Zhuh/miniconda3/envs/Li_bgc/lib/python3.12/site-packages/Bio/SeqFeature.py:230: BiopythonDeprecationWarning: Please use .location.strand rather than .strand
  warnings.warn(
/home/wangsy/Zhuh/miniconda3/envs/Li_bgc/lib/python3.12/site-packages/Bio/SeqFeature.py:230: BiopythonDeprecationWarning: Please use .location.strand rather than .strand
  warnings.warn(
/home/wangsy/Zhuh/miniconda3/envs/Li_bgc/lib/python3.12/site-packages/Bio/SeqFeature.py:230: BiopythonDeprecationWarning: Please use .location.strand rather than .strand
  warnings.warn(
/home/wangsy/Zhuh/miniconda3/envs/Li_bgc/lib/python3.12/site-packages/Bio/SeqFeature.py:230: BiopythonDeprecationWarning: Please use .location.strand rather than .strand
  warnings.warn(
/home/wangsy/Zhuh/miniconda3/envs/Li_bgc/lib/python3.12/site-packages/Bio/SeqFeature.py:230: BiopythonDeprecationWarning: Please use .location.strand rather than .strand
  warnings.warn(
/home/wangsy/Zhuh/miniconda3/envs/Li_bgc/lib/python3.12/site-packages/Bio/SeqFeature.py:230: BiopythonDeprecationWarning: Please use .location.strand rather than .strand
  warnings.warn(
/home/wangsy/Zhuh/miniconda3/envs/Li_bgc/lib/python3.12/site-packages/Bio/SeqFeature.py:230: BiopythonDeprecationWarning: Please use .location.strand rather than .strand
  warnings.warn(
/home/wangsy/Zhuh/miniconda3/envs/Li_bgc/lib/python3.12/site-packages/Bio/SeqFeature.py:230: BiopythonDeprecationWarning: Please use .location.strand rather than .strand
  warnings.warn(
/home/wangsy/Zhuh/miniconda3/envs/Li_bgc/lib/python3.12/site-packages/Bio/SeqFeature.py:230: BiopythonDeprecationWarning: Please use .location.strand rather than .strand
  warnings.warn(
/home/wangsy/Zhuh/miniconda3/envs/Li_bgc/lib/python3.12/site-packages/Bio/SeqFeature.py:230: BiopythonDeprecationWarning: Please use .location.strand rather than .strand
  warnings.warn(
/home/wangsy/Zhuh/miniconda3/envs/Li_bgc/lib/python3.12/site-packages/Bio/SeqFeature.py:230: BiopythonDeprecationWarning: Please use .location.strand rather than .strand
  warnings.warn(
/home/wangsy/Zhuh/miniconda3/envs/Li_bgc/lib/python3.12/site-packages/Bio/SeqFeature.py:230: BiopythonDeprecationWarning: Please use .location.strand rather than .strand
  warnings.warn(
/home/wangsy/Zhuh/miniconda3/envs/Li_bgc/lib/python3.12/site-packages/Bio/SeqFeature.py:230: BiopythonDeprecationWarning: Please use .location.strand rather than .strand
  warnings.warn(
/home/wangsy/Zhuh/miniconda3/envs/Li_bgc/lib/python3.12/site-packages/Bio/SeqFeature.py:230: BiopythonDeprecationWarning: Please use .location.strand rather than .strand
  warnings.warn(
/home/wangsy/Zhuh/miniconda3/envs/Li_bgc/lib/python3.12/site-packages/Bio/SeqFeature.py:230: BiopythonDeprecationWarning: Please use .location.strand rather than .strand
  warnings.warn(
/home/wangsy/Zhuh/miniconda3/envs/Li_bgc/lib/python3.12/site-packages/Bio/SeqFeature.py:230: BiopythonDeprecationWarning: Please use .location.strand rather than .strand
  warnings.warn(
/home/wangsy/Zhuh/miniconda3/envs/Li_bgc/lib/python3.12/site-packages/Bio/SeqFeature.py:230: BiopythonDeprecationWarning: Please use .location.strand rather than .strand
  warnings.warn(
/home/wangsy/Zhuh/miniconda3/envs/Li_bgc/lib/python3.12/site-packages/Bio/SeqFeature.py:230: BiopythonDeprecationWarning: Please use .location.strand rather than .strand
  warnings.warn(
/home/wangsy/Zhuh/miniconda3/envs/Li_bgc/lib/python3.12/site-packages/Bio/SeqFeature.py:230: BiopythonDeprecationWarning: Please use .location.strand rather than .strand
  warnings.warn(
/home/wangsy/Zhuh/miniconda3/envs/Li_bgc/lib/python3.12/site-packages/Bio/SeqFeature.py:230: BiopythonDeprecationWarning: Please use .location.strand rather than .strand
  warnings.warn(
/home/wangsy/Zhuh/miniconda3/envs/Li_bgc/lib/python3.12/site-packages/Bio/SeqFeature.py:230: BiopythonDeprecationWarning: Please use .location.strand rather than .strand
  warnings.warn(
/home/wangsy/Zhuh/miniconda3/envs/Li_bgc/lib/python3.12/site-packages/Bio/SeqFeature.py:230: BiopythonDeprecationWarning: Please use .location.strand rather than .strand
  warnings.warn(
/home/wangsy/Zhuh/miniconda3/envs/Li_bgc/lib/python3.12/site-packages/Bio/SeqFeature.py:230: BiopythonDeprecationWarning: Please use .location.strand rather than .strand
  warnings.warn(
/home/wangsy/Zhuh/miniconda3/envs/Li_bgc/lib/python3.12/site-packages/Bio/SeqFeature.py:230: BiopythonDeprecationWarning: Please use .location.strand rather than .strand
  warnings.warn(
/home/wangsy/Zhuh/miniconda3/envs/Li_bgc/lib/python3.12/site-packages/Bio/SeqFeature.py:230: BiopythonDeprecationWarning: Please use .location.strand rather than .strand
  warnings.warn(
/home/wangsy/Zhuh/miniconda3/envs/Li_bgc/lib/python3.12/site-packages/Bio/SeqFeature.py:230: BiopythonDeprecationWarning: Please use .location.strand rather than .strand
  warnings.warn(
/home/wangsy/Zhuh/miniconda3/envs/Li_bgc/lib/python3.12/site-packages/Bio/SeqFeature.py:230: BiopythonDeprecationWarning: Please use .location.strand rather than .strand
  warnings.warn(
/home/wangsy/Zhuh/miniconda3/envs/Li_bgc/lib/python3.12/site-packages/Bio/SeqFeature.py:230: BiopythonDeprecationWarning: Please use .location.strand rather than .strand
  warnings.warn(
/home/wangsy/Zhuh/miniconda3/envs/Li_bgc/lib/python3.12/site-packages/Bio/SeqFeature.py:230: BiopythonDeprecationWarning: Please use .location.strand rather than .strand
  warnings.warn(
/home/wangsy/Zhuh/miniconda3/envs/Li_bgc/lib/python3.12/site-packages/Bio/SeqFeature.py:230: BiopythonDeprecationWarning: Please use .location.strand rather than .strand
  warnings.warn(
/home/wangsy/Zhuh/miniconda3/envs/Li_bgc/lib/python3.12/site-packages/Bio/SeqFeature.py:230: BiopythonDeprecationWarning: Please use .location.strand rather than .strand
  warnings.warn(
/home/wangsy/Zhuh/miniconda3/envs/Li_bgc/lib/python3.12/site-packages/Bio/SeqFeature.py:230: BiopythonDeprecationWarning: Please use .location.strand rather than .strand
  warnings.warn(
/home/wangsy/Zhuh/miniconda3/envs/Li_bgc/lib/python3.12/site-packages/Bio/SeqFeature.py:230: BiopythonDeprecationWarning: Please use .location.strand rather than .strand
  warnings.warn(
/home/wangsy/Zhuh/miniconda3/envs/Li_bgc/lib/python3.12/site-packages/Bio/SeqFeature.py:230: BiopythonDeprecationWarning: Please use .location.strand rather than .strand
  warnings.warn(
/home/wangsy/Zhuh/miniconda3/envs/Li_bgc/lib/python3.12/site-packages/Bio/SeqFeature.py:230: BiopythonDeprecationWarning: Please use .location.strand rather than .strand
  warnings.warn(
/home/wangsy/Zhuh/miniconda3/envs/Li_bgc/lib/python3.12/site-packages/Bio/SeqFeature.py:230: BiopythonDeprecationWarning: Please use .location.strand rather than .strand
  warnings.warn(
/home/wangsy/Zhuh/miniconda3/envs/Li_bgc/lib/python3.12/site-packages/Bio/SeqFeature.py:230: BiopythonDeprecationWarning: Please use .location.strand rather than .strand
  warnings.warn(
/home/wangsy/Zhuh/miniconda3/envs/Li_bgc/lib/python3.12/site-packages/Bio/SeqFeature.py:230: BiopythonDeprecationWarning: Please use .location.strand rather than .strand
  warnings.warn(
/home/wangsy/Zhuh/miniconda3/envs/Li_bgc/lib/python3.12/site-packages/Bio/SeqFeature.py:230: BiopythonDeprecationWarning: Please use .location.strand rather than .strand
  warnings.warn(
/home/wangsy/Zhuh/miniconda3/envs/Li_bgc/lib/python3.12/site-packages/Bio/SeqFeature.py:230: BiopythonDeprecationWarning: Please use .location.strand rather than .strand
  warnings.warn(
/home/wangsy/Zhuh/miniconda3/envs/Li_bgc/lib/python3.12/site-packages/Bio/SeqFeature.py:230: BiopythonDeprecationWarning: Please use .location.strand rather than .strand
  warnings.warn(
/home/wangsy/Zhuh/miniconda3/envs/Li_bgc/lib/python3.12/site-packages/Bio/SeqFeature.py:230: BiopythonDeprecationWarning: Please use .location.strand rather than .strand
  warnings.warn(
/home/wangsy/Zhuh/miniconda3/envs/Li_bgc/lib/python3.12/site-packages/Bio/SeqFeature.py:230: BiopythonDeprecationWarning: Please use .location.strand rather than .strand
  warnings.warn(
/home/wangsy/Zhuh/miniconda3/envs/Li_bgc/lib/python3.12/site-packages/Bio/SeqFeature.py:230: BiopythonDeprecationWarning: Please use .location.strand rather than .strand
  warnings.warn(
/home/wangsy/Zhuh/miniconda3/envs/Li_bgc/lib/python3.12/site-packages/Bio/SeqFeature.py:230: BiopythonDeprecationWarning: Please use .location.strand rather than .strand
  warnings.warn(
/home/wangsy/Zhuh/miniconda3/envs/Li_bgc/lib/python3.12/site-packages/Bio/SeqFeature.py:230: BiopythonDeprecationWarning: Please use .location.strand rather than .strand
  warnings.warn(
/home/wangsy/Zhuh/miniconda3/envs/Li_bgc/lib/python3.12/site-packages/Bio/SeqFeature.py:230: BiopythonDeprecationWarning: Please use .location.strand rather than .strand
  warnings.warn(
/home/wangsy/Zhuh/miniconda3/envs/Li_bgc/lib/python3.12/site-packages/Bio/SeqFeature.py:230: BiopythonDeprecationWarning: Please use .location.strand rather than .strand
  warnings.warn(
/home/wangsy/Zhuh/miniconda3/envs/Li_bgc/lib/python3.12/site-packages/Bio/SeqFeature.py:230: BiopythonDeprecationWarning: Please use .location.strand rather than .strand
  warnings.warn(
/home/wangsy/Zhuh/miniconda3/envs/Li_bgc/lib/python3.12/site-packages/Bio/SeqFeature.py:230: BiopythonDeprecationWarning: Please use .location.strand rather than .strand
  warnings.warn(
/home/wangsy/Zhuh/miniconda3/envs/Li_bgc/lib/python3.12/site-packages/Bio/SeqFeature.py:230: BiopythonDeprecationWarning: Please use .location.strand rather than .strand
  warnings.warn(
/home/wangsy/Zhuh/miniconda3/envs/Li_bgc/lib/python3.12/site-packages/Bio/SeqFeature.py:230: BiopythonDeprecationWarning: Please use .location.strand rather than .strand
  warnings.warn(
/home/wangsy/Zhuh/miniconda3/envs/Li_bgc/lib/python3.12/site-packages/Bio/SeqFeature.py:230: BiopythonDeprecationWarning: Please use .location.strand rather than .strand
  warnings.warn(
/home/wangsy/Zhuh/miniconda3/envs/Li_bgc/lib/python3.12/site-packages/Bio/SeqFeature.py:230: BiopythonDeprecationWarning: Please use .location.strand rather than .strand
  warnings.warn(
/home/wangsy/Zhuh/miniconda3/envs/Li_bgc/lib/python3.12/site-packages/Bio/SeqFeature.py:230: BiopythonDeprecationWarning: Please use .location.strand rather than .strand
  warnings.warn(
/home/wangsy/Zhuh/miniconda3/envs/Li_bgc/lib/python3.12/site-packages/Bio/SeqFeature.py:230: BiopythonDeprecationWarning: Please use .location.strand rather than .strand
  warnings.warn(
/home/wangsy/Zhuh/miniconda3/envs/Li_bgc/lib/python3.12/site-packages/Bio/SeqFeature.py:230: BiopythonDeprecationWarning: Please use .location.strand rather than .strand
  warnings.warn(
/home/wangsy/Zhuh/miniconda3/envs/Li_bgc/lib/python3.12/site-packages/Bio/SeqFeature.py:230: BiopythonDeprecationWarning: Please use .location.strand rather than .strand
  warnings.warn(
/home/wangsy/Zhuh/miniconda3/envs/Li_bgc/lib/python3.12/site-packages/Bio/SeqFeature.py:230: BiopythonDeprecationWarning: Please use .location.strand rather than .strand
  warnings.warn(
/home/wangsy/Zhuh/miniconda3/envs/Li_bgc/lib/python3.12/site-packages/Bio/SeqFeature.py:230: BiopythonDeprecationWarning: Please use .location.strand rather than .strand
  warnings.warn(
/home/wangsy/Zhuh/miniconda3/envs/Li_bgc/lib/python3.12/site-packages/Bio/SeqFeature.py:230: BiopythonDeprecationWarning: Please use .location.strand rather than .strand
  warnings.warn(
/home/wangsy/Zhuh/miniconda3/envs/Li_bgc/lib/python3.12/site-packages/Bio/SeqFeature.py:230: BiopythonDeprecationWarning: Please use .location.strand rather than .strand
  warnings.warn(
/home/wangsy/Zhuh/miniconda3/envs/Li_bgc/lib/python3.12/site-packages/Bio/SeqFeature.py:230: BiopythonDeprecationWarning: Please use .location.strand rather than .strand
  warnings.warn(
/home/wangsy/Zhuh/miniconda3/envs/Li_bgc/lib/python3.12/site-packages/Bio/SeqFeature.py:230: BiopythonDeprecationWarning: Please use .location.strand rather than .strand
  warnings.warn(
/home/wangsy/Zhuh/miniconda3/envs/Li_bgc/lib/python3.12/site-packages/Bio/SeqFeature.py:230: BiopythonDeprecationWarning: Please use .location.strand rather than .strand
  warnings.warn(
/home/wangsy/Zhuh/miniconda3/envs/Li_bgc/lib/python3.12/site-packages/Bio/SeqFeature.py:230: BiopythonDeprecationWarning: Please use .location.strand rather than .strand
  warnings.warn(
/home/wangsy/Zhuh/miniconda3/envs/Li_bgc/lib/python3.12/site-packages/Bio/SeqFeature.py:230: BiopythonDeprecationWarning: Please use .location.strand rather than .strand
  warnings.warn(
/home/wangsy/Zhuh/miniconda3/envs/Li_bgc/lib/python3.12/site-packages/Bio/SeqFeature.py:230: BiopythonDeprecationWarning: Please use .location.strand rather than .strand
  warnings.warn(
/home/wangsy/Zhuh/miniconda3/envs/Li_bgc/lib/python3.12/site-packages/Bio/SeqFeature.py:230: BiopythonDeprecationWarning: Please use .location.strand rather than .strand
  warnings.warn(
/home/wangsy/Zhuh/miniconda3/envs/Li_bgc/lib/python3.12/site-packages/Bio/SeqFeature.py:230: BiopythonDeprecationWarning: Please use .location.strand rather than .strand
  warnings.warn(
/home/wangsy/Zhuh/miniconda3/envs/Li_bgc/lib/python3.12/site-packages/Bio/SeqFeature.py:230: BiopythonDeprecationWarning: Please use .location.strand rather than .strand
  warnings.warn(
/home/wangsy/Zhuh/miniconda3/envs/Li_bgc/lib/python3.12/site-packages/Bio/SeqFeature.py:230: BiopythonDeprecationWarning: Please use .location.strand rather than .strand
  warnings.warn(
/home/wangsy/Zhuh/miniconda3/envs/Li_bgc/lib/python3.12/site-packages/Bio/SeqFeature.py:230: BiopythonDeprecationWarning: Please use .location.strand rather than .strand
  warnings.warn(
/home/wangsy/Zhuh/miniconda3/envs/Li_bgc/lib/python3.12/site-packages/Bio/SeqFeature.py:230: BiopythonDeprecationWarning: Please use .location.strand rather than .strand
  warnings.warn(
/home/wangsy/Zhuh/miniconda3/envs/Li_bgc/lib/python3.12/site-packages/Bio/SeqFeature.py:230: BiopythonDeprecationWarning: Please use .location.strand rather than .strand
  warnings.warn(
/home/wangsy/Zhuh/miniconda3/envs/Li_bgc/lib/python3.12/site-packages/Bio/SeqFeature.py:230: BiopythonDeprecationWarning: Please use .location.strand rather than .strand
  warnings.warn(
/home/wangsy/Zhuh/miniconda3/envs/Li_bgc/lib/python3.12/site-packages/Bio/SeqFeature.py:230: BiopythonDeprecationWarning: Please use .location.strand rather than .strand
  warnings.warn(
/home/wangsy/Zhuh/miniconda3/envs/Li_bgc/lib/python3.12/site-packages/Bio/SeqFeature.py:230: BiopythonDeprecationWarning: Please use .location.strand rather than .strand
  warnings.warn(
/home/wangsy/Zhuh/miniconda3/envs/Li_bgc/lib/python3.12/site-packages/Bio/SeqFeature.py:230: BiopythonDeprecationWarning: Please use .location.strand rather than .strand
  warnings.warn(
/home/wangsy/Zhuh/miniconda3/envs/Li_bgc/lib/python3.12/site-packages/Bio/SeqFeature.py:230: BiopythonDeprecationWarning: Please use .location.strand rather than .strand
  warnings.warn(
/home/wangsy/Zhuh/miniconda3/envs/Li_bgc/lib/python3.12/site-packages/Bio/SeqFeature.py:230: BiopythonDeprecationWarning: Please use .location.strand rather than .strand
  warnings.warn(
/home/wangsy/Zhuh/miniconda3/envs/Li_bgc/lib/python3.12/site-packages/Bio/SeqFeature.py:230: BiopythonDeprecationWarning: Please use .location.strand rather than .strand
  warnings.warn(
/home/wangsy/Zhuh/miniconda3/envs/Li_bgc/lib/python3.12/site-packages/Bio/SeqFeature.py:230: BiopythonDeprecationWarning: Please use .location.strand rather than .strand
  warnings.warn(
/home/wangsy/Zhuh/miniconda3/envs/Li_bgc/lib/python3.12/site-packages/Bio/SeqFeature.py:230: BiopythonDeprecationWarning: Please use .location.strand rather than .strand
  warnings.warn(
/home/wangsy/Zhuh/miniconda3/envs/Li_bgc/lib/python3.12/site-packages/Bio/SeqFeature.py:230: BiopythonDeprecationWarning: Please use .location.strand rather than .strand
  warnings.warn(
/home/wangsy/Zhuh/miniconda3/envs/Li_bgc/lib/python3.12/site-packages/Bio/SeqFeature.py:230: BiopythonDeprecationWarning: Please use .location.strand rather than .strand
  warnings.warn(
/home/wangsy/Zhuh/miniconda3/envs/Li_bgc/lib/python3.12/site-packages/Bio/SeqFeature.py:230: BiopythonDeprecationWarning: Please use .location.strand rather than .strand
  warnings.warn(
/home/wangsy/Zhuh/miniconda3/envs/Li_bgc/lib/python3.12/site-packages/Bio/SeqFeature.py:230: BiopythonDeprecationWarning: Please use .location.strand rather than .strand
  warnings.warn(
/home/wangsy/Zhuh/miniconda3/envs/Li_bgc/lib/python3.12/site-packages/Bio/SeqFeature.py:230: BiopythonDeprecationWarning: Please use .location.strand rather than .strand
  warnings.warn(
/home/wangsy/Zhuh/miniconda3/envs/Li_bgc/lib/python3.12/site-packages/Bio/SeqFeature.py:230: BiopythonDeprecationWarning: Please use .location.strand rather than .strand
  warnings.warn(
/home/wangsy/Zhuh/miniconda3/envs/Li_bgc/lib/python3.12/site-packages/Bio/SeqFeature.py:230: BiopythonDeprecationWarning: Please use .location.strand rather than .strand
  warnings.warn(
/home/wangsy/Zhuh/miniconda3/envs/Li_bgc/lib/python3.12/site-packages/Bio/SeqFeature.py:230: BiopythonDeprecationWarning: Please use .location.strand rather than .strand
  warnings.warn(
/home/wangsy/Zhuh/miniconda3/envs/Li_bgc/lib/python3.12/site-packages/Bio/SeqFeature.py:230: BiopythonDeprecationWarning: Please use .location.strand rather than .strand
  warnings.warn(
/home/wangsy/Zhuh/miniconda3/envs/Li_bgc/lib/python3.12/site-packages/Bio/SeqFeature.py:230: BiopythonDeprecationWarning: Please use .location.strand rather than .strand
  warnings.warn(
/home/wangsy/Zhuh/miniconda3/envs/Li_bgc/lib/python3.12/site-packages/Bio/SeqFeature.py:230: BiopythonDeprecationWarning: Please use .location.strand rather than .strand
  warnings.warn(
/home/wangsy/Zhuh/miniconda3/envs/Li_bgc/lib/python3.12/site-packages/Bio/SeqFeature.py:230: BiopythonDeprecationWarning: Please use .location.strand rather than .strand
  warnings.warn(
/home/wangsy/Zhuh/miniconda3/envs/Li_bgc/lib/python3.12/site-packages/Bio/SeqFeature.py:230: BiopythonDeprecationWarning: Please use .location.strand rather than .strand
  warnings.warn(
/home/wangsy/Zhuh/miniconda3/envs/Li_bgc/lib/python3.12/site-packages/Bio/SeqFeature.py:230: BiopythonDeprecationWarning: Please use .location.strand rather than .strand
  warnings.warn(
/home/wangsy/Zhuh/miniconda3/envs/Li_bgc/lib/python3.12/site-packages/Bio/SeqFeature.py:230: BiopythonDeprecationWarning: Please use .location.strand rather than .strand
  warnings.warn(
/home/wangsy/Zhuh/miniconda3/envs/Li_bgc/lib/python3.12/site-packages/Bio/SeqFeature.py:230: BiopythonDeprecationWarning: Please use .location.strand rather than .strand
  warnings.warn(
/home/wangsy/Zhuh/miniconda3/envs/Li_bgc/lib/python3.12/site-packages/Bio/SeqFeature.py:230: BiopythonDeprecationWarning: Please use .location.strand rather than .strand
  warnings.warn(
/home/wangsy/Zhuh/miniconda3/envs/Li_bgc/lib/python3.12/site-packages/Bio/SeqFeature.py:230: BiopythonDeprecationWarning: Please use .location.strand rather than .strand
  warnings.warn(
/home/wangsy/Zhuh/miniconda3/envs/Li_bgc/lib/python3.12/site-packages/Bio/SeqFeature.py:230: BiopythonDeprecationWarning: Please use .location.strand rather than .strand
  warnings.warn(
/home/wangsy/Zhuh/miniconda3/envs/Li_bgc/lib/python3.12/site-packages/Bio/SeqFeature.py:230: BiopythonDeprecationWarning: Please use .location.strand rather than .strand
  warnings.warn(
/home/wangsy/Zhuh/miniconda3/envs/Li_bgc/lib/python3.12/site-packages/Bio/SeqFeature.py:230: BiopythonDeprecationWarning: Please use .location.strand rather than .strand
  warnings.warn(
/home/wangsy/Zhuh/miniconda3/envs/Li_bgc/lib/python3.12/site-packages/Bio/SeqFeature.py:230: BiopythonDeprecationWarning: Please use .location.strand rather than .strand
  warnings.warn(
/home/wangsy/Zhuh/miniconda3/envs/Li_bgc/lib/python3.12/site-packages/Bio/SeqFeature.py:230: BiopythonDeprecationWarning: Please use .location.strand rather than .strand
  warnings.warn(
/home/wangsy/Zhuh/miniconda3/envs/Li_bgc/lib/python3.12/site-packages/Bio/SeqFeature.py:230: BiopythonDeprecationWarning: Please use .location.strand rather than .strand
  warnings.warn(
/home/wangsy/Zhuh/miniconda3/envs/Li_bgc/lib/python3.12/site-packages/Bio/SeqFeature.py:230: BiopythonDeprecationWarning: Please use .location.strand rather than .strand
  warnings.warn(
/home/wangsy/Zhuh/miniconda3/envs/Li_bgc/lib/python3.12/site-packages/Bio/SeqFeature.py:230: BiopythonDeprecationWarning: Please use .location.strand rather than .strand
  warnings.warn(
/home/wangsy/Zhuh/miniconda3/envs/Li_bgc/lib/python3.12/site-packages/Bio/SeqFeature.py:230: BiopythonDeprecationWarning: Please use .location.strand rather than .strand
  warnings.warn(
/home/wangsy/Zhuh/miniconda3/envs/Li_bgc/lib/python3.12/site-packages/Bio/SeqFeature.py:230: BiopythonDeprecationWarning: Please use .location.strand rather than .strand
  warnings.warn(
/home/wangsy/Zhuh/miniconda3/envs/Li_bgc/lib/python3.12/site-packages/Bio/SeqFeature.py:230: BiopythonDeprecationWarning: Please use .location.strand rather than .strand
  warnings.warn(
/home/wangsy/Zhuh/miniconda3/envs/Li_bgc/lib/python3.12/site-packages/Bio/SeqFeature.py:230: BiopythonDeprecationWarning: Please use .location.strand rather than .strand
  warnings.warn(
/home/wangsy/Zhuh/miniconda3/envs/Li_bgc/lib/python3.12/site-packages/Bio/SeqFeature.py:230: BiopythonDeprecationWarning: Please use .location.strand rather than .strand
  warnings.warn(
/home/wangsy/Zhuh/miniconda3/envs/Li_bgc/lib/python3.12/site-packages/Bio/SeqFeature.py:230: BiopythonDeprecationWarning: Please use .location.strand rather than .strand
  warnings.warn(
/home/wangsy/Zhuh/miniconda3/envs/Li_bgc/lib/python3.12/site-packages/Bio/SeqFeature.py:230: BiopythonDeprecationWarning: Please use .location.strand rather than .strand
  warnings.warn(
/home/wangsy/Zhuh/miniconda3/envs/Li_bgc/lib/python3.12/site-packages/Bio/SeqFeature.py:230: BiopythonDeprecationWarning: Please use .location.strand rather than .strand
  warnings.warn(
/home/wangsy/Zhuh/miniconda3/envs/Li_bgc/lib/python3.12/site-packages/Bio/SeqFeature.py:230: BiopythonDeprecationWarning: Please use .location.strand rather than .strand
  warnings.warn(
/home/wangsy/Zhuh/miniconda3/envs/Li_bgc/lib/python3.12/site-packages/Bio/SeqFeature.py:230: BiopythonDeprecationWarning: Please use .location.strand rather than .strand
  warnings.warn(
/home/wangsy/Zhuh/miniconda3/envs/Li_bgc/lib/python3.12/site-packages/Bio/SeqFeature.py:230: BiopythonDeprecationWarning: Please use .location.strand rather than .strand
  warnings.warn(
/home/wangsy/Zhuh/miniconda3/envs/Li_bgc/lib/python3.12/site-packages/Bio/SeqFeature.py:230: BiopythonDeprecationWarning: Please use .location.strand rather than .strand
  warnings.warn(
/home/wangsy/Zhuh/miniconda3/envs/Li_bgc/lib/python3.12/site-packages/Bio/SeqFeature.py:230: BiopythonDeprecationWarning: Please use .location.strand rather than .strand
  warnings.warn(
/home/wangsy/Zhuh/miniconda3/envs/Li_bgc/lib/python3.12/site-packages/Bio/SeqFeature.py:230: BiopythonDeprecationWarning: Please use .location.strand rather than .strand
  warnings.warn(
/home/wangsy/Zhuh/miniconda3/envs/Li_bgc/lib/python3.12/site-packages/Bio/SeqFeature.py:230: BiopythonDeprecationWarning: Please use .location.strand rather than .strand
  warnings.warn(
/home/wangsy/Zhuh/miniconda3/envs/Li_bgc/lib/python3.12/site-packages/Bio/SeqFeature.py:230: BiopythonDeprecationWarning: Please use .location.strand rather than .strand
  warnings.warn(
/home/wangsy/Zhuh/miniconda3/envs/Li_bgc/lib/python3.12/site-packages/Bio/SeqFeature.py:230: BiopythonDeprecationWarning: Please use .location.strand rather than .strand
  warnings.warn(
/home/wangsy/Zhuh/miniconda3/envs/Li_bgc/lib/python3.12/site-packages/Bio/SeqFeature.py:230: BiopythonDeprecationWarning: Please use .location.strand rather than .strand
  warnings.warn(
/home/wangsy/Zhuh/miniconda3/envs/Li_bgc/lib/python3.12/site-packages/Bio/SeqFeature.py:230: BiopythonDeprecationWarning: Please use .location.strand rather than .strand
  warnings.warn(
/home/wangsy/Zhuh/miniconda3/envs/Li_bgc/lib/python3.12/site-packages/Bio/SeqFeature.py:230: BiopythonDeprecationWarning: Please use .location.strand rather than .strand
  warnings.warn(
/home/wangsy/Zhuh/miniconda3/envs/Li_bgc/lib/python3.12/site-packages/Bio/SeqFeature.py:230: BiopythonDeprecationWarning: Please use .location.strand rather than .strand
  warnings.warn(
/home/wangsy/Zhuh/miniconda3/envs/Li_bgc/lib/python3.12/site-packages/Bio/SeqFeature.py:230: BiopythonDeprecationWarning: Please use .location.strand rather than .strand
  warnings.warn(
/home/wangsy/Zhuh/miniconda3/envs/Li_bgc/lib/python3.12/site-packages/Bio/SeqFeature.py:230: BiopythonDeprecationWarning: Please use .location.strand rather than .strand
  warnings.warn(
/home/wangsy/Zhuh/miniconda3/envs/Li_bgc/lib/python3.12/site-packages/Bio/SeqFeature.py:230: BiopythonDeprecationWarning: Please use .location.strand rather than .strand
  warnings.warn(
/home/wangsy/Zhuh/miniconda3/envs/Li_bgc/lib/python3.12/site-packages/Bio/SeqFeature.py:230: BiopythonDeprecationWarning: Please use .location.strand rather than .strand
  warnings.warn(
/home/wangsy/Zhuh/miniconda3/envs/Li_bgc/lib/python3.12/site-packages/Bio/SeqFeature.py:230: BiopythonDeprecationWarning: Please use .location.strand rather than .strand
  warnings.warn(
/home/wangsy/Zhuh/miniconda3/envs/Li_bgc/lib/python3.12/site-packages/Bio/SeqFeature.py:230: BiopythonDeprecationWarning: Please use .location.strand rather than .strand
  warnings.warn(
/home/wangsy/Zhuh/miniconda3/envs/Li_bgc/lib/python3.12/site-packages/Bio/SeqFeature.py:230: BiopythonDeprecationWarning: Please use .location.strand rather than .strand
  warnings.warn(
/home/wangsy/Zhuh/miniconda3/envs/Li_bgc/lib/python3.12/site-packages/Bio/SeqFeature.py:230: BiopythonDeprecationWarning: Please use .location.strand rather than .strand
  warnings.warn(
/home/wangsy/Zhuh/miniconda3/envs/Li_bgc/lib/python3.12/site-packages/Bio/SeqFeature.py:230: BiopythonDeprecationWarning: Please use .location.strand rather than .strand
  warnings.warn(
/home/wangsy/Zhuh/miniconda3/envs/Li_bgc/lib/python3.12/site-packages/Bio/SeqFeature.py:230: BiopythonDeprecationWarning: Please use .location.strand rather than .strand
  warnings.warn(
/home/wangsy/Zhuh/miniconda3/envs/Li_bgc/lib/python3.12/site-packages/Bio/SeqFeature.py:230: BiopythonDeprecationWarning: Please use .location.strand rather than .strand
  warnings.warn(
/home/wangsy/Zhuh/miniconda3/envs/Li_bgc/lib/python3.12/site-packages/Bio/SeqFeature.py:230: BiopythonDeprecationWarning: Please use .location.strand rather than .strand
  warnings.warn(
/home/wangsy/Zhuh/miniconda3/envs/Li_bgc/lib/python3.12/site-packages/Bio/SeqFeature.py:230: BiopythonDeprecationWarning: Please use .location.strand rather than .strand
  warnings.warn(
/home/wangsy/Zhuh/miniconda3/envs/Li_bgc/lib/python3.12/site-packages/Bio/SeqFeature.py:230: BiopythonDeprecationWarning: Please use .location.strand rather than .strand
  warnings.warn(
/home/wangsy/Zhuh/miniconda3/envs/Li_bgc/lib/python3.12/site-packages/Bio/SeqFeature.py:230: BiopythonDeprecationWarning: Please use .location.strand rather than .strand
  warnings.warn(
/home/wangsy/Zhuh/miniconda3/envs/Li_bgc/lib/python3.12/site-packages/Bio/SeqFeature.py:230: BiopythonDeprecationWarning: Please use .location.strand rather than .strand
  warnings.warn(
/home/wangsy/Zhuh/miniconda3/envs/Li_bgc/lib/python3.12/site-packages/Bio/SeqFeature.py:230: BiopythonDeprecationWarning: Please use .location.strand rather than .strand
  warnings.warn(
/home/wangsy/Zhuh/miniconda3/envs/Li_bgc/lib/python3.12/site-packages/Bio/SeqFeature.py:230: BiopythonDeprecationWarning: Please use .location.strand rather than .strand
  warnings.warn(
/home/wangsy/Zhuh/miniconda3/envs/Li_bgc/lib/python3.12/site-packages/Bio/SeqFeature.py:230: BiopythonDeprecationWarning: Please use .location.strand rather than .strand
  warnings.warn(
/home/wangsy/Zhuh/miniconda3/envs/Li_bgc/lib/python3.12/site-packages/Bio/SeqFeature.py:230: BiopythonDeprecationWarning: Please use .location.strand rather than .strand
  warnings.warn(
/home/wangsy/Zhuh/miniconda3/envs/Li_bgc/lib/python3.12/site-packages/Bio/SeqFeature.py:230: BiopythonDeprecationWarning: Please use .location.strand rather than .strand
  warnings.warn(
/home/wangsy/Zhuh/miniconda3/envs/Li_bgc/lib/python3.12/site-packages/Bio/SeqFeature.py:230: BiopythonDeprecationWarning: Please use .location.strand rather than .strand
  warnings.warn(
/home/wangsy/Zhuh/miniconda3/envs/Li_bgc/lib/python3.12/site-packages/Bio/SeqFeature.py:230: BiopythonDeprecationWarning: Please use .location.strand rather than .strand
  warnings.warn(
/home/wangsy/Zhuh/miniconda3/envs/Li_bgc/lib/python3.12/site-packages/Bio/SeqFeature.py:230: BiopythonDeprecationWarning: Please use .location.strand rather than .strand
  warnings.warn(
/home/wangsy/Zhuh/miniconda3/envs/Li_bgc/lib/python3.12/site-packages/Bio/SeqFeature.py:230: BiopythonDeprecationWarning: Please use .location.strand rather than .strand
  warnings.warn(
/home/wangsy/Zhuh/miniconda3/envs/Li_bgc/lib/python3.12/site-packages/Bio/SeqFeature.py:230: BiopythonDeprecationWarning: Please use .location.strand rather than .strand
  warnings.warn(
/home/wangsy/Zhuh/miniconda3/envs/Li_bgc/lib/python3.12/site-packages/Bio/SeqFeature.py:230: BiopythonDeprecationWarning: Please use .location.strand rather than .strand
  warnings.warn(
/home/wangsy/Zhuh/miniconda3/envs/Li_bgc/lib/python3.12/site-packages/Bio/SeqFeature.py:230: BiopythonDeprecationWarning: Please use .location.strand rather than .strand
  warnings.warn(
/home/wangsy/Zhuh/miniconda3/envs/Li_bgc/lib/python3.12/site-packages/Bio/SeqFeature.py:230: BiopythonDeprecationWarning: Please use .location.strand rather than .strand
  warnings.warn(
/home/wangsy/Zhuh/miniconda3/envs/Li_bgc/lib/python3.12/site-packages/Bio/SeqFeature.py:230: BiopythonDeprecationWarning: Please use .location.strand rather than .strand
  warnings.warn(
/home/wangsy/Zhuh/miniconda3/envs/Li_bgc/lib/python3.12/site-packages/Bio/SeqFeature.py:230: BiopythonDeprecationWarning: Please use .location.strand rather than .strand
  warnings.warn(
/home/wangsy/Zhuh/miniconda3/envs/Li_bgc/lib/python3.12/site-packages/Bio/SeqFeature.py:230: BiopythonDeprecationWarning: Please use .location.strand rather than .strand
  warnings.warn(
/home/wangsy/Zhuh/miniconda3/envs/Li_bgc/lib/python3.12/site-packages/Bio/SeqFeature.py:230: BiopythonDeprecationWarning: Please use .location.strand rather than .strand
  warnings.warn(
/home/wangsy/Zhuh/miniconda3/envs/Li_bgc/lib/python3.12/site-packages/Bio/SeqFeature.py:230: BiopythonDeprecationWarning: Please use .location.strand rather than .strand
  warnings.warn(
/home/wangsy/Zhuh/miniconda3/envs/Li_bgc/lib/python3.12/site-packages/Bio/SeqFeature.py:230: BiopythonDeprecationWarning: Please use .location.strand rather than .strand
  warnings.warn(
/home/wangsy/Zhuh/miniconda3/envs/Li_bgc/lib/python3.12/site-packages/Bio/SeqFeature.py:230: BiopythonDeprecationWarning: Please use .location.strand rather than .strand
  warnings.warn(
/home/wangsy/Zhuh/miniconda3/envs/Li_bgc/lib/python3.12/site-packages/Bio/SeqFeature.py:230: BiopythonDeprecationWarning: Please use .location.strand rather than .strand
  warnings.warn(
/home/wangsy/Zhuh/miniconda3/envs/Li_bgc/lib/python3.12/site-packages/Bio/SeqFeature.py:230: BiopythonDeprecationWarning: Please use .location.strand rather than .strand
  warnings.warn(
/home/wangsy/Zhuh/miniconda3/envs/Li_bgc/lib/python3.12/site-packages/Bio/SeqFeature.py:230: BiopythonDeprecationWarning: Please use .location.strand rather than .strand
  warnings.warn(
/home/wangsy/Zhuh/miniconda3/envs/Li_bgc/lib/python3.12/site-packages/Bio/SeqFeature.py:230: BiopythonDeprecationWarning: Please use .location.strand rather than .strand
  warnings.warn(
/home/wangsy/Zhuh/miniconda3/envs/Li_bgc/lib/python3.12/site-packages/Bio/SeqFeature.py:230: BiopythonDeprecationWarning: Please use .location.strand rather than .strand
  warnings.warn(
/home/wangsy/Zhuh/miniconda3/envs/Li_bgc/lib/python3.12/site-packages/Bio/SeqFeature.py:230: BiopythonDeprecationWarning: Please use .location.strand rather than .strand
  warnings.warn(
/home/wangsy/Zhuh/miniconda3/envs/Li_bgc/lib/python3.12/site-packages/Bio/SeqFeature.py:230: BiopythonDeprecationWarning: Please use .location.strand rather than .strand
  warnings.warn(
/home/wangsy/Zhuh/miniconda3/envs/Li_bgc/lib/python3.12/site-packages/Bio/SeqFeature.py:230: BiopythonDeprecationWarning: Please use .location.strand rather than .strand
  warnings.warn(
/home/wangsy/Zhuh/miniconda3/envs/Li_bgc/lib/python3.12/site-packages/Bio/SeqFeature.py:230: BiopythonDeprecationWarning: Please use .location.strand rather than .strand
  warnings.warn(
/home/wangsy/Zhuh/miniconda3/envs/Li_bgc/lib/python3.12/site-packages/Bio/SeqFeature.py:230: BiopythonDeprecationWarning: Please use .location.strand rather than .strand
  warnings.warn(
/home/wangsy/Zhuh/miniconda3/envs/Li_bgc/lib/python3.12/site-packages/Bio/SeqFeature.py:230: BiopythonDeprecationWarning: Please use .location.strand rather than .strand
  warnings.warn(
/home/wangsy/Zhuh/miniconda3/envs/Li_bgc/lib/python3.12/site-packages/Bio/SeqFeature.py:230: BiopythonDeprecationWarning: Please use .location.strand rather than .strand
  warnings.warn(
/home/wangsy/Zhuh/miniconda3/envs/Li_bgc/lib/python3.12/site-packages/Bio/SeqFeature.py:230: BiopythonDeprecationWarning: Please use .location.strand rather than .strand
  warnings.warn(
/home/wangsy/Zhuh/miniconda3/envs/Li_bgc/lib/python3.12/site-packages/Bio/SeqFeature.py:230: BiopythonDeprecationWarning: Please use .location.strand rather than .strand
  warnings.warn(
/home/wangsy/Zhuh/miniconda3/envs/Li_bgc/lib/python3.12/site-packages/Bio/SeqFeature.py:230: BiopythonDeprecationWarning: Please use .location.strand rather than .strand
  warnings.warn(
/home/wangsy/Zhuh/miniconda3/envs/Li_bgc/lib/python3.12/site-packages/Bio/SeqFeature.py:230: BiopythonDeprecationWarning: Please use .location.strand rather than .strand
  warnings.warn(
/home/wangsy/Zhuh/miniconda3/envs/Li_bgc/lib/python3.12/site-packages/Bio/SeqFeature.py:230: BiopythonDeprecationWarning: Please use .location.strand rather than .strand
  warnings.warn(
/home/wangsy/Zhuh/miniconda3/envs/Li_bgc/lib/python3.12/site-packages/Bio/SeqFeature.py:230: BiopythonDeprecationWarning: Please use .location.strand rather than .strand
  warnings.warn(
/home/wangsy/Zhuh/miniconda3/envs/Li_bgc/lib/python3.12/site-packages/Bio/SeqFeature.py:230: BiopythonDeprecationWarning: Please use .location.strand rather than .strand
  warnings.warn(
/home/wangsy/Zhuh/miniconda3/envs/Li_bgc/lib/python3.12/site-packages/Bio/SeqFeature.py:230: BiopythonDeprecationWarning: Please use .location.strand rather than .strand
  warnings.warn(
/home/wangsy/Zhuh/miniconda3/envs/Li_bgc/lib/python3.12/site-packages/Bio/SeqFeature.py:230: BiopythonDeprecationWarning: Please use .location.strand rather than .strand
  warnings.warn(
/home/wangsy/Zhuh/miniconda3/envs/Li_bgc/lib/python3.12/site-packages/Bio/SeqFeature.py:230: BiopythonDeprecationWarning: Please use .location.strand rather than .strand
  warnings.warn(
/home/wangsy/Zhuh/miniconda3/envs/Li_bgc/lib/python3.12/site-packages/Bio/SeqFeature.py:230: BiopythonDeprecationWarning: Please use .location.strand rather than .strand
  warnings.warn(
/home/wangsy/Zhuh/miniconda3/envs/Li_bgc/lib/python3.12/site-packages/Bio/SeqFeature.py:230: BiopythonDeprecationWarning: Please use .location.strand rather than .strand
  warnings.warn(
/home/wangsy/Zhuh/miniconda3/envs/Li_bgc/lib/python3.12/site-packages/Bio/SeqFeature.py:230: BiopythonDeprecationWarning: Please use .location.strand rather than .strand
  warnings.warn(
/home/wangsy/Zhuh/miniconda3/envs/Li_bgc/lib/python3.12/site-packages/Bio/SeqFeature.py:230: BiopythonDeprecationWarning: Please use .location.strand rather than .strand
  warnings.warn(
/home/wangsy/Zhuh/miniconda3/envs/Li_bgc/lib/python3.12/site-packages/Bio/SeqFeature.py:230: BiopythonDeprecationWarning: Please use .location.strand rather than .strand
  warnings.warn(
/home/wangsy/Zhuh/miniconda3/envs/Li_bgc/lib/python3.12/site-packages/Bio/SeqFeature.py:230: BiopythonDeprecationWarning: Please use .location.strand rather than .strand
  warnings.warn(
/home/wangsy/Zhuh/miniconda3/envs/Li_bgc/lib/python3.12/site-packages/Bio/SeqFeature.py:230: BiopythonDeprecationWarning: Please use .location.strand rather than .strand
  warnings.warn(
/home/wangsy/Zhuh/miniconda3/envs/Li_bgc/lib/python3.12/site-packages/Bio/SeqFeature.py:230: BiopythonDeprecationWarning: Please use .location.strand rather than .strand
  warnings.warn(
/home/wangsy/Zhuh/miniconda3/envs/Li_bgc/lib/python3.12/site-packages/Bio/SeqFeature.py:230: BiopythonDeprecationWarning: Please use .location.strand rather than .strand
  warnings.warn(
/home/wangsy/Zhuh/miniconda3/envs/Li_bgc/lib/python3.12/site-packages/Bio/SeqFeature.py:230: BiopythonDeprecationWarning: Please use .location.strand rather than .strand
  warnings.warn(
/home/wangsy/Zhuh/miniconda3/envs/Li_bgc/lib/python3.12/site-packages/Bio/SeqFeature.py:230: BiopythonDeprecationWarning: Please use .location.strand rather than .strand
  warnings.warn(
/home/wangsy/Zhuh/miniconda3/envs/Li_bgc/lib/python3.12/site-packages/Bio/SeqFeature.py:230: BiopythonDeprecationWarning: Please use .location.strand rather than .strand
  warnings.warn(
/home/wangsy/Zhuh/miniconda3/envs/Li_bgc/lib/python3.12/site-packages/Bio/SeqFeature.py:230: BiopythonDeprecationWarning: Please use .location.strand rather than .strand
  warnings.warn(
/home/wangsy/Zhuh/miniconda3/envs/Li_bgc/lib/python3.12/site-packages/Bio/SeqFeature.py:230: BiopythonDeprecationWarning: Please use .location.strand rather than .strand
  warnings.warn(
/home/wangsy/Zhuh/miniconda3/envs/Li_bgc/lib/python3.12/site-packages/Bio/SeqFeature.py:230: BiopythonDeprecationWarning: Please use .location.strand rather than .strand
  warnings.warn(
/home/wangsy/Zhuh/miniconda3/envs/Li_bgc/lib/python3.12/site-packages/Bio/SeqFeature.py:230: BiopythonDeprecationWarning: Please use .location.strand rather than .strand
  warnings.warn(
/home/wangsy/Zhuh/miniconda3/envs/Li_bgc/lib/python3.12/site-packages/Bio/SeqFeature.py:230: BiopythonDeprecationWarning: Please use .location.strand rather than .strand
  warnings.warn(
/home/wangsy/Zhuh/miniconda3/envs/Li_bgc/lib/python3.12/site-packages/Bio/SeqFeature.py:230: BiopythonDeprecationWarning: Please use .location.strand rather than .strand
  warnings.warn(
/home/wangsy/Zhuh/miniconda3/envs/Li_bgc/lib/python3.12/site-packages/Bio/SeqFeature.py:230: BiopythonDeprecationWarning: Please use .location.strand rather than .strand
  warnings.warn(
/home/wangsy/Zhuh/miniconda3/envs/Li_bgc/lib/python3.12/site-packages/Bio/SeqFeature.py:230: BiopythonDeprecationWarning: Please use .location.strand rather than .strand
  warnings.warn(
/home/wangsy/Zhuh/miniconda3/envs/Li_bgc/lib/python3.12/site-packages/Bio/SeqFeature.py:230: BiopythonDeprecationWarning: Please use .location.strand rather than .strand
  warnings.warn(
/home/wangsy/Zhuh/miniconda3/envs/Li_bgc/lib/python3.12/site-packages/Bio/SeqFeature.py:230: BiopythonDeprecationWarning: Please use .location.strand rather than .strand
  warnings.warn(
/home/wangsy/Zhuh/miniconda3/envs/Li_bgc/lib/python3.12/site-packages/Bio/SeqFeature.py:230: BiopythonDeprecationWarning: Please use .location.strand rather than .strand
  warnings.warn(
/home/wangsy/Zhuh/miniconda3/envs/Li_bgc/lib/python3.12/site-packages/Bio/SeqFeature.py:230: BiopythonDeprecationWarning: Please use .location.strand rather than .strand
  warnings.warn(
/home/wangsy/Zhuh/miniconda3/envs/Li_bgc/lib/python3.12/site-packages/Bio/SeqFeature.py:230: BiopythonDeprecationWarning: Please use .location.strand rather than .strand
  warnings.warn(
/home/wangsy/Zhuh/miniconda3/envs/Li_bgc/lib/python3.12/site-packages/Bio/SeqFeature.py:230: BiopythonDeprecationWarning: Please use .location.strand rather than .strand
  warnings.warn(
/home/wangsy/Zhuh/miniconda3/envs/Li_bgc/lib/python3.12/site-packages/Bio/SeqFeature.py:230: BiopythonDeprecationWarning: Please use .location.strand rather than .strand
  warnings.warn(
/home/wangsy/Zhuh/miniconda3/envs/Li_bgc/lib/python3.12/site-packages/Bio/SeqFeature.py:230: BiopythonDeprecationWarning: Please use .location.strand rather than .strand
  warnings.warn(
/home/wangsy/Zhuh/miniconda3/envs/Li_bgc/lib/python3.12/site-packages/Bio/SeqFeature.py:230: BiopythonDeprecationWarning: Please use .location.strand rather than .strand
  warnings.warn(
/home/wangsy/Zhuh/miniconda3/envs/Li_bgc/lib/python3.12/site-packages/Bio/SeqFeature.py:230: BiopythonDeprecationWarning: Please use .location.strand rather than .strand
  warnings.warn(
/home/wangsy/Zhuh/miniconda3/envs/Li_bgc/lib/python3.12/site-packages/Bio/SeqFeature.py:230: BiopythonDeprecationWarning: Please use .location.strand rather than .strand
  warnings.warn(
/home/wangsy/Zhuh/miniconda3/envs/Li_bgc/lib/python3.12/site-packages/Bio/SeqFeature.py:230: BiopythonDeprecationWarning: Please use .location.strand rather than .strand
  warnings.warn(
/home/wangsy/Zhuh/miniconda3/envs/Li_bgc/lib/python3.12/site-packages/Bio/SeqFeature.py:230: BiopythonDeprecationWarning: Please use .location.strand rather than .strand
  warnings.warn(
/home/wangsy/Zhuh/miniconda3/envs/Li_bgc/lib/python3.12/site-packages/Bio/SeqFeature.py:230: BiopythonDeprecationWarning: Please use .location.strand rather than .strand
  warnings.warn(
/home/wangsy/Zhuh/miniconda3/envs/Li_bgc/lib/python3.12/site-packages/Bio/SeqFeature.py:230: BiopythonDeprecationWarning: Please use .location.strand rather than .strand
  warnings.warn(
/home/wangsy/Zhuh/miniconda3/envs/Li_bgc/lib/python3.12/site-packages/Bio/SeqFeature.py:230: BiopythonDeprecationWarning: Please use .location.strand rather than .strand
  warnings.warn(
/home/wangsy/Zhuh/miniconda3/envs/Li_bgc/lib/python3.12/site-packages/Bio/SeqFeature.py:230: BiopythonDeprecationWarning: Please use .location.strand rather than .strand
  warnings.warn(
/home/wangsy/Zhuh/miniconda3/envs/Li_bgc/lib/python3.12/site-packages/Bio/SeqFeature.py:230: BiopythonDeprecationWarning: Please use .location.strand rather than .strand
  warnings.warn(
/home/wangsy/Zhuh/miniconda3/envs/Li_bgc/lib/python3.12/site-packages/Bio/SeqFeature.py:230: BiopythonDeprecationWarning: Please use .location.strand rather than .strand
  warnings.warn(
/home/wangsy/Zhuh/miniconda3/envs/Li_bgc/lib/python3.12/site-packages/Bio/SeqFeature.py:230: BiopythonDeprecationWarning: Please use .location.strand rather than .strand
  warnings.warn(
/home/wangsy/Zhuh/miniconda3/envs/Li_bgc/lib/python3.12/site-packages/Bio/SeqFeature.py:230: BiopythonDeprecationWarning: Please use .location.strand rather than .strand
  warnings.warn(
/home/wangsy/Zhuh/miniconda3/envs/Li_bgc/lib/python3.12/site-packages/Bio/SeqFeature.py:230: BiopythonDeprecationWarning: Please use .location.strand rather than .strand
  warnings.warn(
/home/wangsy/Zhuh/miniconda3/envs/Li_bgc/lib/python3.12/site-packages/Bio/SeqFeature.py:230: BiopythonDeprecationWarning: Please use .location.strand rather than .strand
  warnings.warn(
/home/wangsy/Zhuh/miniconda3/envs/Li_bgc/lib/python3.12/site-packages/Bio/SeqFeature.py:230: BiopythonDeprecationWarning: Please use .location.strand rather than .strand
  warnings.warn(
/home/wangsy/Zhuh/miniconda3/envs/Li_bgc/lib/python3.12/site-packages/Bio/SeqFeature.py:230: BiopythonDeprecationWarning: Please use .location.strand rather than .strand
  warnings.warn(
/home/wangsy/Zhuh/miniconda3/envs/Li_bgc/lib/python3.12/site-packages/Bio/SeqFeature.py:230: BiopythonDeprecationWarning: Please use .location.strand rather than .strand
  warnings.warn(
/home/wangsy/Zhuh/miniconda3/envs/Li_bgc/lib/python3.12/site-packages/Bio/SeqFeature.py:230: BiopythonDeprecationWarning: Please use .location.strand rather than .strand
  warnings.warn(
/home/wangsy/Zhuh/miniconda3/envs/Li_bgc/lib/python3.12/site-packages/Bio/SeqFeature.py:230: BiopythonDeprecationWarning: Please use .location.strand rather than .strand
  warnings.warn(
/home/wangsy/Zhuh/miniconda3/envs/Li_bgc/lib/python3.12/site-packages/Bio/SeqFeature.py:230: BiopythonDeprecationWarning: Please use .location.strand rather than .strand
  warnings.warn(
/home/wangsy/Zhuh/miniconda3/envs/Li_bgc/lib/python3.12/site-packages/Bio/SeqFeature.py:230: BiopythonDeprecationWarning: Please use .location.strand rather than .strand
  warnings.warn(
/home/wangsy/Zhuh/miniconda3/envs/Li_bgc/lib/python3.12/site-packages/Bio/SeqFeature.py:230: BiopythonDeprecationWarning: Please use .location.strand rather than .strand
  warnings.warn(
/home/wangsy/Zhuh/miniconda3/envs/Li_bgc/lib/python3.12/site-packages/Bio/SeqFeature.py:230: BiopythonDeprecationWarning: Please use .location.strand rather than .strand
  warnings.warn(
/home/wangsy/Zhuh/miniconda3/envs/Li_bgc/lib/python3.12/site-packages/Bio/SeqFeature.py:230: BiopythonDeprecationWarning: Please use .location.strand rather than .strand
  warnings.warn(
/home/wangsy/Zhuh/miniconda3/envs/Li_bgc/lib/python3.12/site-packages/Bio/SeqFeature.py:230: BiopythonDeprecationWarning: Please use .location.strand rather than .strand
  warnings.warn(
/home/wangsy/Zhuh/miniconda3/envs/Li_bgc/lib/python3.12/site-packages/Bio/SeqFeature.py:230: BiopythonDeprecationWarning: Please use .location.strand rather than .strand
  warnings.warn(
/home/wangsy/Zhuh/miniconda3/envs/Li_bgc/lib/python3.12/site-packages/Bio/SeqFeature.py:230: BiopythonDeprecationWarning: Please use .location.strand rather than .strand
  warnings.warn(
/home/wangsy/Zhuh/miniconda3/envs/Li_bgc/lib/python3.12/site-packages/Bio/SeqFeature.py:230: BiopythonDeprecationWarning: Please use .location.strand rather than .strand
  warnings.warn(
/home/wangsy/Zhuh/miniconda3/envs/Li_bgc/lib/python3.12/site-packages/Bio/SeqFeature.py:230: BiopythonDeprecationWarning: Please use .location.strand rather than .strand
  warnings.warn(
/home/wangsy/Zhuh/miniconda3/envs/Li_bgc/lib/python3.12/site-packages/Bio/SeqFeature.py:230: BiopythonDeprecationWarning: Please use .location.strand rather than .strand
  warnings.warn(
/home/wangsy/Zhuh/miniconda3/envs/Li_bgc/lib/python3.12/site-packages/Bio/SeqFeature.py:230: BiopythonDeprecationWarning: Please use .location.strand rather than .strand
  warnings.warn(
/home/wangsy/Zhuh/miniconda3/envs/Li_bgc/lib/python3.12/site-packages/Bio/SeqFeature.py:230: BiopythonDeprecationWarning: Please use .location.strand rather than .strand
  warnings.warn(
/home/wangsy/Zhuh/miniconda3/envs/Li_bgc/lib/python3.12/site-packages/Bio/SeqFeature.py:230: BiopythonDeprecationWarning: Please use .location.strand rather than .strand
  warnings.warn(
  8%|         | 591/7782 [00:01<00:12, 588.32it/s] 25%|       | 1950/7782 [00:02<00:05, 1039.19it/s] 40%|      | 3077/7782 [00:03<00:05, 937.51it/s]  70%|   | 5462/7782 [00:05<00:02, 1129.11it/s]100%|| 7782/7782 [00:05<00:00, 1316.95it/s]
Inserted 7782 new BGCs.
Parsing and inserting taxonomy information...
0it [00:00, ?it/s]233it [00:01, 232.93it/s]466it [00:02, 202.69it/s]490it [00:02, 204.58it/s]
Added taxonomy info for 491 BGCs...
[14.275379657745361s] processing dataset: dataset_1
Found 7782 BGC(s) from 1 dataset(s)
Checking run status of 7782 BGCs...
  0%|          | 0/7782 [00:00<?, ?it/s]100%|| 7782/7782 [00:00<00:00, 994608.70it/s]
[0.009267330169677734s] checking run status
Doing biosyn_pfam scan on 7782 BGCs...
  0%|          | 0/7782 [00:00<?, ?it/s]100%|| 7782/7782 [00:00<00:00, 39226.71it/s]
0 BGCs are already scanned in previous run
Preparing fasta files for hmmscans...
  0%|          | 0/7782 [00:00<?, ?it/s]100%|| 7782/7782 [00:00<00:00, 10842.41it/s]
Running hmmsearch in parallel...7782 BGCs (in 260 chunks)
  0%|          | 0/7782 [00:00<?, ?it/s]  0%|          | 30/7782 [00:08<34:41,  3.72it/s]  1%|          | 60/7782 [00:16<34:24,  3.74it/s]  1%|          | 90/7782 [00:22<32:05,  4.00it/s]  2%|         | 120/7782 [00:31<33:18,  3.83it/s]  2%|         | 150/7782 [00:39<33:27,  3.80it/s]  2%|         | 180/7782 [00:47<33:38,  3.77it/s]  3%|         | 210/7782 [00:52<30:15,  4.17it/s]  3%|         | 240/7782 [01:01<31:31,  3.99it/s]  3%|         | 270/7782 [01:09<32:28,  3.86it/s]  4%|         | 300/7782 [01:17<32:39,  3.82it/s]  4%|         | 330/7782 [01:26<33:45,  3.68it/s]  5%|         | 360/7782 [01:33<32:43,  3.78it/s]  5%|         | 390/7782 [01:40<31:20,  3.93it/s]  5%|         | 420/7782 [01:47<30:25,  4.03it/s]  6%|         | 450/7782 [01:54<29:16,  4.17it/s]  6%|         | 480/7782 [02:01<29:21,  4.15it/s]  7%|         | 510/7782 [02:09<29:47,  4.07it/s]  7%|         | 540/7782 [02:17<30:40,  3.94it/s]  7%|         | 570/7782 [02:24<29:51,  4.03it/s]  8%|         | 600/7782 [02:31<28:52,  4.14it/s]  8%|         | 630/7782 [02:38<28:35,  4.17it/s]  8%|         | 660/7782 [02:45<28:40,  4.14it/s]  9%|         | 690/7782 [02:51<26:22,  4.48it/s]  9%|         | 720/7782 [02:58<26:33,  4.43it/s] 10%|         | 750/7782 [03:04<25:58,  4.51it/s] 10%|         | 780/7782 [03:11<26:07,  4.47it/s] 10%|         | 810/7782 [03:19<27:54,  4.16it/s] 11%|         | 840/7782 [03:27<27:49,  4.16it/s] 11%|         | 870/7782 [03:34<27:36,  4.17it/s] 12%|        | 900/7782 [03:41<27:36,  4.15it/s] 12%|        | 930/7782 [03:48<27:25,  4.16it/s] 12%|        | 960/7782 [03:56<28:10,  4.04it/s] 13%|        | 990/7782 [04:03<27:33,  4.11it/s] 13%|        | 1020/7782 [04:11<27:31,  4.09it/s] 13%|        | 1050/7782 [04:18<27:41,  4.05it/s] 14%|        | 1080/7782 [04:25<27:19,  4.09it/s] 14%|        | 1110/7782 [04:32<26:27,  4.20it/s] 15%|        | 1140/7782 [04:40<27:16,  4.06it/s] 15%|        | 1170/7782 [04:48<27:49,  3.96it/s] 15%|        | 1200/7782 [04:55<27:02,  4.06it/s] 16%|        | 1230/7782 [05:01<25:54,  4.22it/s] 16%|        | 1260/7782 [05:07<24:19,  4.47it/s] 17%|        | 1290/7782 [05:15<25:11,  4.29it/s] 17%|        | 1320/7782 [05:18<21:17,  5.06it/s] 17%|        | 1350/7782 [05:25<22:22,  4.79it/s] 18%|        | 1380/7782 [05:32<23:16,  4.58it/s] 18%|        | 1410/7782 [05:40<24:00,  4.42it/s] 19%|        | 1440/7782 [05:48<24:55,  4.24it/s] 19%|        | 1470/7782 [05:55<25:02,  4.20it/s] 19%|        | 1500/7782 [06:02<24:35,  4.26it/s] 20%|        | 1530/7782 [06:09<24:14,  4.30it/s] 20%|        | 1560/7782 [06:15<23:07,  4.49it/s] 20%|        | 1590/7782 [06:19<20:29,  5.04it/s] 21%|        | 1620/7782 [06:26<21:32,  4.77it/s] 21%|        | 1650/7782 [06:30<19:24,  5.27it/s] 22%|       | 1680/7782 [06:36<19:17,  5.27it/s] 22%|       | 1710/7782 [06:43<20:18,  4.98it/s] 22%|       | 1740/7782 [06:48<19:33,  5.15it/s] 23%|       | 1770/7782 [06:54<19:30,  5.14it/s] 23%|       | 1800/7782 [07:01<20:16,  4.92it/s] 24%|       | 1830/7782 [07:07<20:28,  4.84it/s] 24%|       | 1860/7782 [07:13<20:35,  4.79it/s] 24%|       | 1890/7782 [07:20<20:39,  4.75it/s] 25%|       | 1920/7782 [07:28<22:14,  4.39it/s] 25%|       | 1950/7782 [07:35<21:59,  4.42it/s] 25%|       | 1980/7782 [07:42<22:29,  4.30it/s] 26%|       | 2010/7782 [07:49<22:20,  4.31it/s] 26%|       | 2040/7782 [07:56<22:09,  4.32it/s] 27%|       | 2070/7782 [08:02<21:10,  4.50it/s] 27%|       | 2100/7782 [08:09<21:52,  4.33it/s] 27%|       | 2130/7782 [08:16<21:28,  4.39it/s] 28%|       | 2160/7782 [08:22<20:38,  4.54it/s] 28%|       | 2190/7782 [08:27<19:06,  4.88it/s] 29%|       | 2220/7782 [08:34<19:58,  4.64it/s] 29%|       | 2250/7782 [08:42<21:00,  4.39it/s] 29%|       | 2280/7782 [08:48<20:07,  4.56it/s] 30%|       | 2310/7782 [08:55<20:08,  4.53it/s] 30%|       | 2340/7782 [09:01<19:51,  4.57it/s] 30%|       | 2370/7782 [09:08<20:19,  4.44it/s] 31%|       | 2400/7782 [09:15<19:54,  4.51it/s] 31%|       | 2430/7782 [09:22<20:34,  4.33it/s] 32%|      | 2460/7782 [09:29<20:33,  4.31it/s] 32%|      | 2490/7782 [09:37<20:35,  4.28it/s] 32%|      | 2520/7782 [09:42<19:31,  4.49it/s] 33%|      | 2550/7782 [09:50<19:51,  4.39it/s] 33%|      | 2580/7782 [09:57<20:37,  4.20it/s] 34%|      | 2610/7782 [10:03<18:50,  4.57it/s] 34%|      | 2640/7782 [10:08<17:44,  4.83it/s] 34%|      | 2670/7782 [10:15<18:27,  4.62it/s] 35%|      | 2700/7782 [10:22<18:45,  4.51it/s] 35%|      | 2730/7782 [10:30<19:44,  4.26it/s] 35%|      | 2760/7782 [10:37<19:40,  4.25it/s] 36%|      | 2790/7782 [10:44<19:22,  4.29it/s] 36%|      | 2820/7782 [10:51<19:18,  4.28it/s] 37%|      | 2850/7782 [10:58<18:59,  4.33it/s] 37%|      | 2880/7782 [11:05<19:13,  4.25it/s] 37%|      | 2910/7782 [11:11<18:22,  4.42it/s] 38%|      | 2940/7782 [11:18<18:23,  4.39it/s] 38%|      | 2970/7782 [11:26<18:32,  4.33it/s] 39%|      | 3000/7782 [11:31<16:55,  4.71it/s] 39%|      | 3030/7782 [11:37<17:13,  4.60it/s] 39%|      | 3060/7782 [11:44<17:21,  4.53it/s] 40%|      | 3090/7782 [11:52<17:49,  4.39it/s] 40%|      | 3120/7782 [11:59<17:46,  4.37it/s] 40%|      | 3150/7782 [12:05<17:33,  4.40it/s] 41%|      | 3180/7782 [12:12<16:57,  4.52it/s] 41%|      | 3210/7782 [12:15<14:31,  5.25it/s] 42%|     | 3240/7782 [12:23<15:46,  4.80it/s] 42%|     | 3270/7782 [12:29<16:00,  4.70it/s] 42%|     | 3300/7782 [12:36<15:55,  4.69it/s] 43%|     | 3330/7782 [12:42<15:48,  4.69it/s] 43%|     | 3360/7782 [12:49<16:07,  4.57it/s] 44%|     | 3390/7782 [12:56<16:01,  4.57it/s] 44%|     | 3420/7782 [13:03<16:27,  4.42it/s] 44%|     | 3450/7782 [13:10<16:31,  4.37it/s] 45%|     | 3480/7782 [13:17<16:26,  4.36it/s] 45%|     | 3510/7782 [13:23<16:03,  4.43it/s] 45%|     | 3540/7782 [13:30<15:53,  4.45it/s] 46%|     | 3570/7782 [13:37<16:11,  4.34it/s] 46%|     | 3600/7782 [13:45<16:29,  4.23it/s] 47%|     | 3630/7782 [13:52<16:17,  4.25it/s] 47%|     | 3660/7782 [13:59<15:56,  4.31it/s] 47%|     | 3690/7782 [14:05<15:35,  4.37it/s] 48%|     | 3720/7782 [14:12<15:23,  4.40it/s] 48%|     | 3750/7782 [14:19<15:38,  4.30it/s] 49%|     | 3780/7782 [14:26<15:23,  4.34it/s] 49%|     | 3810/7782 [14:33<15:09,  4.37it/s] 49%|     | 3840/7782 [14:39<14:40,  4.48it/s] 50%|     | 3870/7782 [14:45<14:13,  4.58it/s] 50%|     | 3900/7782 [14:51<13:26,  4.81it/s] 51%|     | 3930/7782 [14:58<14:05,  4.56it/s] 51%|     | 3960/7782 [15:05<14:04,  4.53it/s] 51%|    | 3990/7782 [15:12<14:17,  4.42it/s] 52%|    | 4020/7782 [15:17<12:53,  4.87it/s] 52%|    | 4050/7782 [15:24<13:15,  4.69it/s] 52%|    | 4080/7782 [15:31<13:50,  4.46it/s] 53%|    | 4110/7782 [15:39<14:06,  4.34it/s] 53%|    | 4140/7782 [15:44<13:10,  4.61it/s] 54%|    | 4170/7782 [15:50<12:50,  4.69it/s] 54%|    | 4200/7782 [15:57<13:08,  4.54it/s] 54%|    | 4230/7782 [16:04<13:09,  4.50it/s] 55%|    | 4260/7782 [16:12<13:51,  4.24it/s] 55%|    | 4290/7782 [16:20<13:50,  4.21it/s] 56%|    | 4320/7782 [16:27<13:47,  4.18it/s] 56%|    | 4350/7782 [16:33<13:15,  4.31it/s] 56%|    | 4380/7782 [16:39<12:43,  4.46it/s] 57%|    | 4410/7782 [16:46<12:40,  4.43it/s] 57%|    | 4440/7782 [16:55<13:24,  4.15it/s] 57%|    | 4470/7782 [17:01<12:39,  4.36it/s] 58%|    | 4500/7782 [17:07<12:27,  4.39it/s] 58%|    | 4530/7782 [17:15<12:31,  4.33it/s] 59%|    | 4560/7782 [17:21<11:51,  4.53it/s] 59%|    | 4590/7782 [17:29<12:40,  4.20it/s] 59%|    | 4620/7782 [17:35<12:07,  4.35it/s] 60%|    | 4650/7782 [17:43<12:18,  4.24it/s] 60%|    | 4680/7782 [17:50<12:10,  4.25it/s] 61%|    | 4710/7782 [17:56<11:46,  4.35it/s] 61%|    | 4740/7782 [18:04<12:05,  4.19it/s] 61%|   | 4770/7782 [18:11<11:47,  4.26it/s] 62%|   | 4800/7782 [18:14<09:52,  5.03it/s] 62%|   | 4830/7782 [18:20<09:53,  4.97it/s] 62%|   | 4860/7782 [18:27<10:05,  4.82it/s] 63%|   | 4890/7782 [18:34<10:16,  4.69it/s] 63%|   | 4920/7782 [18:40<10:08,  4.70it/s] 64%|   | 4950/7782 [18:47<10:16,  4.60it/s] 64%|   | 4980/7782 [18:53<09:55,  4.70it/s] 64%|   | 5010/7782 [19:00<09:56,  4.65it/s] 65%|   | 5040/7782 [19:06<09:47,  4.67it/s] 65%|   | 5070/7782 [19:14<10:18,  4.38it/s] 66%|   | 5100/7782 [19:21<10:10,  4.39it/s] 66%|   | 5130/7782 [19:28<10:06,  4.38it/s] 66%|   | 5160/7782 [19:35<10:00,  4.37it/s] 67%|   | 5190/7782 [19:42<10:07,  4.27it/s] 67%|   | 5220/7782 [19:48<09:46,  4.37it/s] 67%|   | 5250/7782 [19:55<09:40,  4.36it/s] 68%|   | 5280/7782 [20:02<09:27,  4.41it/s] 68%|   | 5310/7782 [20:10<09:42,  4.24it/s] 69%|   | 5340/7782 [20:15<08:56,  4.55it/s] 69%|   | 5370/7782 [20:21<08:43,  4.60it/s] 69%|   | 5400/7782 [20:27<08:09,  4.87it/s] 70%|   | 5430/7782 [20:33<08:08,  4.81it/s] 70%|   | 5460/7782 [20:39<08:02,  4.81it/s] 71%|   | 5490/7782 [20:46<08:07,  4.70it/s] 71%|   | 5520/7782 [20:53<08:00,  4.71it/s] 71%|  | 5550/7782 [20:59<08:06,  4.59it/s] 72%|  | 5580/7782 [21:08<08:33,  4.29it/s] 72%|  | 5610/7782 [21:14<08:22,  4.32it/s] 72%|  | 5640/7782 [21:22<08:26,  4.23it/s] 73%|  | 5670/7782 [21:25<07:04,  4.98it/s] 73%|  | 5700/7782 [21:30<06:28,  5.36it/s] 74%|  | 5730/7782 [21:37<06:44,  5.07it/s] 74%|  | 5760/7782 [21:43<06:41,  5.04it/s] 74%|  | 5790/7782 [21:50<07:05,  4.69it/s] 75%|  | 5820/7782 [21:58<07:22,  4.44it/s] 75%|  | 5850/7782 [22:05<07:19,  4.40it/s] 76%|  | 5880/7782 [22:12<07:25,  4.27it/s] 76%|  | 5910/7782 [22:18<07:05,  4.40it/s] 76%|  | 5940/7782 [22:25<06:46,  4.53it/s] 77%|  | 5970/7782 [22:32<06:52,  4.39it/s] 77%|  | 6000/7782 [22:40<07:04,  4.20it/s] 77%|  | 6030/7782 [22:46<06:45,  4.33it/s] 78%|  | 6060/7782 [22:51<06:03,  4.74it/s] 78%|  | 6090/7782 [22:57<05:42,  4.94it/s] 79%|  | 6120/7782 [23:01<05:06,  5.42it/s] 79%|  | 6150/7782 [23:06<04:54,  5.54it/s] 79%|  | 6180/7782 [23:12<05:01,  5.31it/s] 80%|  | 6210/7782 [23:18<05:03,  5.18it/s] 80%|  | 6240/7782 [23:25<05:14,  4.91it/s] 81%|  | 6270/7782 [23:32<05:17,  4.76it/s] 81%|  | 6300/7782 [23:39<05:20,  4.63it/s] 81%| | 6330/7782 [23:46<05:29,  4.40it/s] 82%| | 6360/7782 [23:54<05:27,  4.34it/s] 82%| | 6390/7782 [24:01<05:20,  4.34it/s] 82%| | 6420/7782 [24:07<05:04,  4.47it/s] 83%| | 6450/7782 [24:13<04:55,  4.50it/s] 83%| | 6480/7782 [24:20<04:50,  4.48it/s] 84%| | 6510/7782 [24:28<04:59,  4.24it/s] 84%| | 6540/7782 [24:35<04:51,  4.26it/s] 84%| | 6570/7782 [24:42<04:39,  4.34it/s] 85%| | 6600/7782 [24:48<04:27,  4.42it/s] 85%| | 6630/7782 [24:54<04:07,  4.65it/s] 86%| | 6660/7782 [25:01<04:09,  4.50it/s] 86%| | 6690/7782 [25:09<04:12,  4.32it/s] 86%| | 6720/7782 [25:15<04:02,  4.38it/s] 87%| | 6750/7782 [25:22<03:57,  4.35it/s] 87%| | 6780/7782 [25:29<03:47,  4.41it/s] 88%| | 6810/7782 [25:34<03:26,  4.71it/s] 88%| | 6840/7782 [25:42<03:30,  4.47it/s] 88%| | 6870/7782 [25:48<03:24,  4.47it/s] 89%| | 6900/7782 [25:55<03:14,  4.54it/s] 89%| | 6930/7782 [26:02<03:09,  4.49it/s] 89%| | 6960/7782 [26:08<03:03,  4.47it/s] 90%| | 6990/7782 [26:18<03:17,  4.01it/s] 90%| | 7020/7782 [26:25<03:10,  4.00it/s] 91%| | 7050/7782 [26:31<02:53,  4.21it/s] 91%| | 7080/7782 [26:38<02:41,  4.36it/s] 91%|| 7110/7782 [26:45<02:33,  4.38it/s] 92%|| 7140/7782 [26:51<02:25,  4.42it/s] 92%|| 7170/7782 [26:57<02:13,  4.58it/s] 93%|| 7200/7782 [27:04<02:11,  4.44it/s] 93%|| 7230/7782 [27:11<02:04,  4.43it/s] 93%|| 7260/7782 [27:15<01:41,  5.17it/s] 94%|| 7290/7782 [27:21<01:37,  5.06it/s] 94%|| 7320/7782 [27:26<01:28,  5.20it/s] 94%|| 7350/7782 [27:35<01:35,  4.50it/s] 95%|| 7380/7782 [27:41<01:24,  4.78it/s] 95%|| 7410/7782 [27:47<01:19,  4.67it/s] 96%|| 7440/7782 [27:54<01:14,  4.61it/s] 96%|| 7470/7782 [28:01<01:08,  4.58it/s] 96%|| 7500/7782 [28:09<01:05,  4.31it/s] 97%|| 7530/7782 [28:16<00:58,  4.29it/s] 97%|| 7560/7782 [28:23<00:51,  4.28it/s] 98%|| 7590/7782 [28:30<00:45,  4.25it/s] 98%|| 7620/7782 [28:36<00:37,  4.32it/s] 98%|| 7650/7782 [28:43<00:30,  4.36it/s] 99%|| 7680/7782 [28:52<00:24,  4.09it/s] 99%|| 7710/7782 [28:59<00:17,  4.08it/s] 99%|| 7740/7782 [29:07<00:10,  4.05it/s]100%|| 7770/7782 [29:14<00:02,  4.08it/s]100%|| 7782/7782 [29:20<00:00,  3.48it/s]100%|| 7782/7782 [29:20<00:00,  4.42it/s]
[1761.611810684204s] biosyn_pfam scan
run_status is now BIOSYN_SCANNED
Doing sub_pfam scan on 7782 BGCs...
  0%|          | 0/7782 [00:00<?, ?it/s]100%|| 7782/7782 [00:00<00:00, 18771.13it/s]
0 BGCs are already scanned in previous run
Preparing fasta files for subpfam_scans...
  0%|          | 0/7782 [00:00<?, ?it/s]  3%|         | 240/7782 [00:01<00:33, 224.16it/s]  6%|         | 480/7782 [00:02<00:33, 217.17it/s]  9%|         | 720/7782 [00:03<00:33, 211.19it/s] 12%|        | 960/7782 [00:04<00:31, 219.53it/s] 15%|        | 1200/7782 [00:05<00:33, 194.94it/s] 19%|        | 1470/7782 [00:06<00:29, 211.42it/s] 23%|       | 1770/7782 [00:07<00:25, 235.41it/s] 28%|       | 2190/7782 [00:09<00:19, 284.26it/s] 32%|      | 2490/7782 [00:10<00:19, 266.54it/s] 36%|      | 2790/7782 [00:11<00:19, 259.61it/s] 39%|      | 3060/7782 [00:12<00:18, 259.18it/s] 45%|     | 3480/7782 [00:13<00:14, 301.12it/s] 51%|     | 3930/7782 [00:14<00:11, 341.74it/s] 55%|    | 4290/7782 [00:16<00:11, 314.23it/s] 59%|    | 4620/7782 [00:17<00:10, 310.60it/s] 64%|   | 4950/7782 [00:18<00:10, 276.64it/s] 67%|   | 5250/7782 [00:19<00:09, 272.64it/s] 72%|  | 5580/7782 [00:20<00:07, 279.64it/s] 76%|  | 5880/7782 [00:22<00:07, 269.82it/s] 79%|  | 6180/7782 [00:23<00:05, 273.30it/s] 84%| | 6540/7782 [00:24<00:04, 265.23it/s] 89%| | 6900/7782 [00:25<00:03, 288.27it/s] 93%|| 7230/7782 [00:26<00:01, 291.49it/s] 97%|| 7530/7782 [00:27<00:00, 291.42it/s]100%|| 7782/7782 [00:28<00:00, 271.62it/s]
Running subpfam_scans in parallel... 7782 BGCs
  0%|          | 0/20045 [00:00<?, ?it/s]  0%|          | 1/20045 [00:03<17:31:07,  3.15s/it]  0%|          | 15/20045 [00:05<1:41:44,  3.28it/s]  0%|          | 43/20045 [00:07<49:04,  6.79it/s]    2%|         | 459/20045 [00:11<05:49, 56.10it/s]  3%|         | 552/20045 [00:13<05:30, 58.93it/s]  4%|         | 846/20045 [00:15<03:41, 86.61it/s]  7%|         | 1487/20045 [00:23<03:53, 79.55it/s]  8%|         | 1669/20045 [00:24<03:32, 86.67it/s] 14%|        | 2731/20045 [00:26<01:30, 191.34it/s] 15%|        | 3020/20045 [00:28<01:34, 180.85it/s] 17%|        | 3333/20045 [00:32<02:05, 133.47it/s] 22%|       | 4468/20045 [00:35<01:10, 219.85it/s] 22%|       | 4468/20045 [00:46<01:10, 219.85it/s] 27%|       | 5470/20045 [00:48<02:01, 119.82it/s] 46%|     | 9206/20045 [00:50<00:31, 348.24it/s] 51%|     | 10263/20045 [00:55<00:31, 305.76it/s] 55%|    | 11065/20045 [01:00<00:34, 257.76it/s] 58%|    | 11672/20045 [01:03<00:32, 254.43it/s] 61%|    | 12169/20045 [01:08<00:41, 190.45it/s] 63%|   | 12542/20045 [01:11<00:41, 179.67it/s] 66%|   | 13184/20045 [01:13<00:31, 216.00it/s] 68%|   | 13537/20045 [01:23<00:57, 113.32it/s] 72%|  | 14444/20045 [01:26<00:37, 147.94it/s] 85%| | 17041/20045 [01:28<00:09, 309.81it/s] 89%| | 17913/20045 [01:32<00:07, 286.19it/s] 94%|| 18826/20045 [01:35<00:04, 287.62it/s]100%|| 20045/20045 [01:36<00:00, 206.93it/s]
[133.67962908744812s] sub_pfam scan
run_status is now SUBPFAM_SCANNED
Extracting features from 7782 BGCs...
0 BGCs are already extracted in previous run
Extracting features...
  0%|          | 0/7782 [00:00<?, ?it/s]  0%|          | 30/7782 [00:01<06:49, 18.95it/s]  1%|          | 60/7782 [00:05<11:46, 10.93it/s]  1%|          | 90/7782 [00:07<10:37, 12.07it/s]  2%|         | 120/7782 [00:09<10:01, 12.73it/s]  2%|         | 150/7782 [00:11<10:05, 12.60it/s]  2%|         | 180/7782 [00:14<09:51, 12.85it/s]  3%|         | 210/7782 [00:16<10:02, 12.57it/s]  3%|         | 240/7782 [00:19<10:13, 12.29it/s]  3%|         | 270/7782 [00:21<09:58, 12.54it/s]  4%|         | 300/7782 [00:23<09:06, 13.69it/s]  4%|         | 330/7782 [00:25<09:18, 13.34it/s]  5%|         | 360/7782 [00:27<08:30, 14.53it/s]  5%|         | 390/7782 [00:29<08:14, 14.96it/s]  5%|         | 420/7782 [00:30<07:48, 15.71it/s]  6%|         | 450/7782 [00:33<08:09, 14.98it/s]  6%|         | 480/7782 [00:36<09:20, 13.03it/s]  7%|         | 510/7782 [00:38<09:09, 13.23it/s]  7%|         | 540/7782 [00:40<09:44, 12.39it/s]  7%|         | 570/7782 [00:42<08:39, 13.87it/s]  8%|         | 600/7782 [00:44<08:26, 14.19it/s]  8%|         | 630/7782 [00:47<08:57, 13.30it/s]  8%|         | 660/7782 [00:50<10:06, 11.74it/s]  9%|         | 690/7782 [00:53<10:28, 11.28it/s]  9%|         | 720/7782 [00:55<10:27, 11.25it/s] 10%|         | 750/7782 [00:57<09:31, 12.31it/s] 10%|         | 780/7782 [01:00<09:22, 12.46it/s] 10%|         | 810/7782 [01:02<08:41, 13.38it/s] 11%|         | 840/7782 [01:03<08:06, 14.26it/s] 11%|         | 870/7782 [01:06<08:51, 13.00it/s] 12%|        | 900/7782 [01:09<09:58, 11.49it/s] 12%|        | 930/7782 [01:11<09:02, 12.63it/s] 12%|        | 960/7782 [01:13<08:27, 13.44it/s] 13%|        | 990/7782 [01:15<08:15, 13.71it/s] 13%|        | 1020/7782 [01:18<08:19, 13.54it/s] 13%|        | 1050/7782 [01:21<09:39, 11.61it/s] 14%|        | 1080/7782 [01:23<09:11, 12.16it/s] 14%|        | 1110/7782 [01:25<08:21, 13.30it/s] 15%|        | 1140/7782 [01:27<07:35, 14.57it/s] 15%|        | 1170/7782 [01:30<09:15, 11.90it/s] 15%|        | 1200/7782 [01:33<09:23, 11.67it/s] 16%|        | 1230/7782 [01:36<10:00, 10.92it/s] 16%|        | 1260/7782 [01:38<09:04, 11.97it/s] 17%|        | 1290/7782 [01:40<08:47, 12.30it/s] 17%|        | 1320/7782 [01:43<09:29, 11.35it/s] 17%|        | 1350/7782 [01:46<09:07, 11.74it/s] 18%|        | 1380/7782 [01:48<08:30, 12.53it/s] 18%|        | 1410/7782 [01:50<08:18, 12.79it/s] 19%|        | 1440/7782 [01:52<08:07, 13.01it/s] 19%|        | 1470/7782 [01:55<08:20, 12.62it/s] 19%|        | 1500/7782 [01:57<08:15, 12.68it/s] 20%|        | 1530/7782 [01:58<06:58, 14.95it/s] 20%|        | 1590/7782 [02:01<05:32, 18.60it/s] 21%|        | 1620/7782 [02:02<05:19, 19.27it/s] 21%|        | 1650/7782 [02:03<04:53, 20.88it/s] 22%|       | 1680/7782 [02:04<04:33, 22.34it/s] 22%|       | 1710/7782 [02:05<04:27, 22.70it/s] 22%|       | 1740/7782 [02:06<04:14, 23.71it/s] 23%|       | 1770/7782 [02:08<04:06, 24.35it/s] 24%|       | 1830/7782 [02:10<03:40, 27.03it/s] 24%|       | 1890/7782 [02:11<03:13, 30.46it/s] 25%|       | 1950/7782 [02:12<02:39, 36.53it/s] 26%|       | 2010/7782 [02:14<02:51, 33.58it/s] 27%|       | 2070/7782 [02:17<03:20, 28.51it/s] 27%|       | 2130/7782 [02:19<03:21, 28.04it/s] 28%|       | 2190/7782 [02:22<03:27, 26.94it/s] 29%|       | 2220/7782 [02:24<03:59, 23.26it/s] 29%|       | 2250/7782 [02:25<03:52, 23.79it/s] 29%|       | 2280/7782 [02:26<03:57, 23.20it/s] 30%|       | 2310/7782 [02:28<04:03, 22.45it/s] 30%|       | 2340/7782 [02:29<03:47, 23.89it/s] 30%|       | 2370/7782 [02:30<03:54, 23.11it/s] 31%|       | 2400/7782 [02:32<04:07, 21.70it/s] 31%|       | 2430/7782 [02:34<04:34, 19.52it/s] 32%|      | 2460/7782 [02:35<04:25, 20.02it/s] 32%|      | 2490/7782 [02:37<04:24, 19.99it/s] 32%|      | 2520/7782 [02:38<04:27, 19.66it/s] 33%|      | 2550/7782 [02:40<05:04, 17.18it/s] 33%|      | 2580/7782 [02:43<05:25, 15.98it/s] 34%|      | 2610/7782 [02:45<05:42, 15.10it/s] 34%|      | 2640/7782 [02:48<06:49, 12.56it/s] 34%|      | 2670/7782 [02:51<07:06, 11.98it/s] 35%|      | 2700/7782 [02:53<06:54, 12.26it/s] 35%|      | 2730/7782 [02:56<06:44, 12.49it/s] 35%|      | 2760/7782 [02:58<06:17, 13.32it/s] 36%|      | 2790/7782 [02:59<05:51, 14.19it/s] 36%|      | 2820/7782 [03:01<05:29, 15.04it/s] 37%|      | 2850/7782 [03:03<05:11, 15.84it/s] 37%|      | 2880/7782 [03:04<04:57, 16.48it/s] 37%|      | 2910/7782 [03:06<04:39, 17.40it/s] 38%|      | 2940/7782 [03:08<04:45, 16.94it/s] 38%|      | 2970/7782 [03:09<04:38, 17.29it/s] 39%|      | 3000/7782 [03:10<04:03, 19.63it/s] 39%|      | 3030/7782 [03:12<03:47, 20.87it/s] 40%|      | 3090/7782 [03:13<03:01, 25.82it/s] 40%|      | 3150/7782 [03:15<02:53, 26.71it/s] 41%|      | 3180/7782 [03:17<02:51, 26.86it/s] 41%|      | 3210/7782 [03:18<02:52, 26.48it/s] 42%|     | 3240/7782 [03:19<03:01, 25.04it/s] 42%|     | 3300/7782 [03:21<02:31, 29.53it/s] 43%|     | 3360/7782 [03:22<02:22, 31.01it/s] 44%|     | 3420/7782 [03:24<02:21, 30.79it/s] 45%|     | 3480/7782 [03:27<02:27, 29.23it/s] 45%|     | 3510/7782 [03:28<02:26, 29.22it/s] 45%|     | 3540/7782 [03:29<02:24, 29.30it/s] 46%|     | 3570/7782 [03:30<02:38, 26.55it/s] 46%|     | 3600/7782 [03:31<02:35, 26.95it/s] 47%|     | 3660/7782 [03:34<02:34, 26.61it/s] 47%|     | 3690/7782 [03:35<02:41, 25.32it/s] 48%|     | 3720/7782 [03:37<03:03, 22.17it/s] 48%|     | 3750/7782 [03:38<03:10, 21.17it/s] 49%|     | 3810/7782 [03:40<02:26, 27.14it/s] 50%|     | 3870/7782 [03:42<02:13, 29.34it/s] 50%|     | 3900/7782 [03:43<02:13, 29.15it/s] 51%|     | 3960/7782 [03:44<02:00, 31.60it/s] 52%|    | 4020/7782 [03:47<02:14, 28.05it/s] 52%|    | 4050/7782 [03:48<02:11, 28.30it/s] 52%|    | 4080/7782 [03:50<02:31, 24.52it/s] 53%|    | 4110/7782 [03:52<02:49, 21.64it/s] 53%|    | 4140/7782 [03:53<02:52, 21.16it/s] 54%|    | 4170/7782 [03:55<02:56, 20.44it/s] 54%|    | 4200/7782 [03:56<03:04, 19.47it/s] 54%|    | 4230/7782 [03:58<02:56, 20.14it/s] 55%|    | 4260/7782 [04:00<03:06, 18.93it/s] 55%|    | 4290/7782 [04:01<03:15, 17.85it/s] 56%|    | 4320/7782 [04:03<03:15, 17.67it/s] 56%|    | 4350/7782 [04:04<02:59, 19.11it/s] 56%|    | 4380/7782 [04:06<02:45, 20.56it/s] 57%|    | 4410/7782 [04:08<03:00, 18.72it/s] 57%|    | 4440/7782 [04:10<03:29, 15.98it/s] 57%|    | 4470/7782 [04:12<03:33, 15.54it/s] 58%|    | 4500/7782 [04:14<03:27, 15.85it/s] 58%|    | 4530/7782 [04:16<03:16, 16.51it/s] 59%|    | 4560/7782 [04:17<02:52, 18.69it/s] 59%|    | 4590/7782 [04:18<02:52, 18.54it/s] 59%|    | 4620/7782 [04:20<02:37, 20.08it/s] 60%|    | 4650/7782 [04:21<02:45, 18.89it/s] 60%|    | 4680/7782 [04:23<02:42, 19.14it/s] 61%|    | 4710/7782 [04:25<02:56, 17.45it/s] 61%|    | 4740/7782 [04:28<03:28, 14.57it/s] 61%|   | 4770/7782 [04:30<03:28, 14.42it/s] 62%|   | 4800/7782 [04:31<03:02, 16.37it/s] 62%|   | 4830/7782 [04:33<02:59, 16.41it/s] 62%|   | 4860/7782 [04:35<02:54, 16.76it/s] 63%|   | 4890/7782 [04:37<03:10, 15.18it/s] 63%|   | 4920/7782 [04:39<03:02, 15.71it/s] 64%|   | 4950/7782 [04:41<03:02, 15.50it/s] 64%|   | 4980/7782 [04:43<02:51, 16.35it/s] 64%|   | 5010/7782 [04:44<02:38, 17.46it/s] 65%|   | 5040/7782 [04:46<02:37, 17.42it/s] 65%|   | 5070/7782 [04:47<02:32, 17.74it/s] 66%|   | 5100/7782 [04:49<02:40, 16.69it/s] 66%|   | 5130/7782 [04:51<02:37, 16.85it/s] 66%|   | 5160/7782 [04:53<02:40, 16.30it/s] 67%|   | 5190/7782 [04:56<02:56, 14.69it/s] 67%|   | 5250/7782 [04:57<01:56, 21.81it/s] 68%|   | 5310/7782 [04:59<01:40, 24.57it/s] 69%|   | 5370/7782 [05:01<01:32, 26.16it/s] 69%|   | 5400/7782 [05:02<01:30, 26.44it/s] 70%|   | 5460/7782 [05:03<01:15, 30.73it/s] 71%|   | 5520/7782 [05:06<01:20, 28.26it/s] 71%|  | 5550/7782 [05:07<01:25, 26.05it/s] 72%|  | 5610/7782 [05:10<01:24, 25.78it/s] 72%|  | 5640/7782 [05:11<01:31, 23.43it/s] 73%|  | 5670/7782 [05:13<01:31, 23.12it/s] 73%|  | 5700/7782 [05:15<01:42, 20.34it/s] 74%|  | 5730/7782 [05:16<01:36, 21.17it/s] 74%|  | 5790/7782 [05:18<01:19, 25.05it/s] 75%|  | 5820/7782 [05:19<01:24, 23.13it/s] 75%|  | 5850/7782 [05:21<01:20, 23.96it/s] 76%|  | 5880/7782 [05:22<01:21, 23.40it/s] 76%|  | 5940/7782 [05:24<01:15, 24.42it/s] 77%|  | 5970/7782 [05:25<01:11, 25.27it/s] 77%|  | 6030/7782 [05:27<01:06, 26.45it/s] 78%|  | 6060/7782 [05:29<01:10, 24.34it/s] 78%|  | 6090/7782 [05:30<01:08, 24.53it/s] 79%|  | 6120/7782 [05:32<01:12, 22.96it/s] 79%|  | 6180/7782 [05:34<01:01, 26.09it/s] 80%|  | 6210/7782 [05:35<01:03, 24.74it/s] 80%|  | 6240/7782 [05:36<01:02, 24.63it/s] 81%|  | 6270/7782 [05:37<01:02, 24.36it/s] 81%|  | 6300/7782 [05:39<00:59, 25.00it/s] 81%| | 6330/7782 [05:40<00:57, 25.38it/s] 82%| | 6390/7782 [05:42<00:53, 25.78it/s] 82%| | 6420/7782 [05:44<01:01, 22.02it/s] 83%| | 6480/7782 [05:46<00:52, 24.99it/s] 84%| | 6510/7782 [05:47<00:54, 23.48it/s] 84%| | 6540/7782 [05:49<00:53, 23.11it/s] 84%| | 6570/7782 [05:51<00:57, 21.01it/s] 85%| | 6600/7782 [05:52<00:55, 21.40it/s] 85%| | 6630/7782 [05:53<00:49, 23.16it/s] 86%| | 6690/7782 [05:56<00:46, 23.44it/s] 87%| | 6750/7782 [05:58<00:44, 23.41it/s] 87%| | 6780/7782 [06:00<00:44, 22.33it/s] 88%| | 6810/7782 [06:01<00:46, 21.00it/s] 88%| | 6840/7782 [06:03<00:45, 20.71it/s] 88%| | 6870/7782 [06:04<00:42, 21.71it/s] 89%| | 6900/7782 [06:06<00:41, 21.34it/s] 89%| | 6930/7782 [06:07<00:44, 19.21it/s] 89%| | 6960/7782 [06:09<00:40, 20.41it/s] 90%| | 6990/7782 [06:10<00:37, 20.93it/s] 90%| | 7020/7782 [06:11<00:34, 22.38it/s] 91%| | 7050/7782 [06:13<00:36, 20.15it/s] 91%| | 7080/7782 [06:14<00:32, 21.45it/s] 91%|| 7110/7782 [06:16<00:33, 20.20it/s] 92%|| 7140/7782 [06:18<00:32, 19.63it/s] 92%|| 7170/7782 [06:19<00:33, 18.29it/s] 93%|| 7200/7782 [06:22<00:34, 16.68it/s] 93%|| 7230/7782 [06:23<00:31, 17.32it/s] 93%|| 7260/7782 [06:26<00:34, 15.30it/s] 94%|| 7290/7782 [06:27<00:29, 16.91it/s] 94%|| 7320/7782 [06:28<00:25, 17.85it/s] 94%|| 7350/7782 [06:30<00:25, 17.09it/s] 95%|| 7380/7782 [06:31<00:20, 19.50it/s] 95%|| 7410/7782 [06:33<00:19, 19.09it/s] 96%|| 7440/7782 [06:35<00:18, 18.00it/s] 96%|| 7470/7782 [06:37<00:17, 17.98it/s] 96%|| 7500/7782 [06:39<00:16, 17.23it/s] 97%|| 7530/7782 [06:40<00:14, 16.99it/s] 97%|| 7560/7782 [06:42<00:13, 16.69it/s] 98%|| 7590/7782 [06:44<00:11, 17.20it/s] 98%|| 7620/7782 [06:46<00:09, 17.50it/s] 98%|| 7650/7782 [06:47<00:06, 19.51it/s] 99%|| 7680/7782 [06:48<00:05, 18.62it/s] 99%|| 7710/7782 [06:50<00:04, 17.23it/s] 99%|| 7740/7782 [06:52<00:02, 16.92it/s]100%|| 7770/7782 [06:54<00:00, 16.36it/s]100%|| 7782/7782 [06:55<00:00, 18.72it/s]
/home/wangsy/Zhuh/miniconda3/envs/Li_bgc/lib/python3.12/site-packages/sklearn/cluster/_birch.py:536: FutureWarning: `copy` was deprecated in 1.6 and will be removed in 1.8 since it has no effect internally. Simply leave this parameter to its default value to avoid this warning.
  warnings.warn(
[426.0152688026428s] features extraction
run_status is now FEATURES_EXTRACTED
Building GCF models...
[19.517016887664795s] clustering
run_status is now CLUSTERING_FINISHED
Assigning GCF membership...
[11.289653539657593s] membership_assignment
run_status is now MEMBERSHIPS_ASSIGNED
[6.198883056640625e-06s] preparing_output
run_status is now RUN_FINISHED
Dumping in-memory database content into /home/wangsy/Intertidal_BGCs_Mining/bigslice_output/result/data.db... 23.7455s
BiG-SLiCE run complete!

Computers / CPU cores / Max jobs to run
1:local / 256 / 9

Computer:jobs running/jobs completed/%of started jobs/Average seconds to complete
ETA: 0s Left: 9 AVG: 0.00s  local:9/0/100%/0.0s /usr/bin/bash: antismash: command not found
ETA: 0s Left: 8 AVG: 0.00s  local:8/1/100%/1.0s /usr/bin/bash: antismash: command not found
ETA: 0s Left: 7 AVG: 0.00s  local:7/2/100%/0.5s /usr/bin/bash: antismash: command not found
ETA: 0s Left: 6 AVG: 0.00s  local:6/3/100%/0.3s /usr/bin/bash: antismash: command not found
ETA: 0s Left: 5 AVG: 0.00s  local:5/4/100%/0.2s /usr/bin/bash: antismash: command not found
ETA: 0s Left: 4 AVG: 0.00s  local:4/5/100%/0.2s /usr/bin/bash: antismash: command not found
ETA: 0s Left: 3 AVG: 0.00s  local:3/6/100%/0.2s /usr/bin/bash: antismash: command not found
ETA: 0s Left: 2 AVG: 0.00s  local:2/7/100%/0.1s /usr/bin/bash: antismash: command not found
ETA: 0s Left: 1 AVG: 0.00s  local:1/8/100%/0.1s /usr/bin/bash: antismash: command not found
ETA: 0s Left: 0 AVG: 0.00s  local:0/9/100%/0.1s ETA: 0s Left: 0 AVG: 0.00s  local:0/9/100%/0.1s 
