pid 8661's current affinity list: 0-255
pid 8661's new affinity list: 255
pid 8662's current affinity list: 0-255
pid 8662's new affinity list: 254
pid 8663's current affinity list: 0-255
pid 8663's new affinity list: 253
pid 8664's current affinity list: 0-255
pid 8664's new affinity list: 252
pid 8665's current affinity list: 0-255
pid 8665's new affinity list: 251
pid 8666's current affinity list: 0-255
pid 8666's new affinity list: 250
pid 8667's current affinity list: 0-255
pid 8667's new affinity list: 249
pid 8668's current affinity list: 0-255
pid 8668's new affinity list: 248
pid 8669's current affinity list: 0-255
pid 8669's new affinity list: 247
pid 8670's current affinity list: 0-255
pid 8670's new affinity list: 246
pid 8671's current affinity list: 0-255
pid 8671's new affinity list: 245
pid 8672's current affinity list: 0-255
pid 8672's new affinity list: 244
pid 8673's current affinity list: 0-255
pid 8673's new affinity list: 243
pid 8674's current affinity list: 0-255
pid 8674's new affinity list: 242
pid 8675's current affinity list: 0-255
pid 8675's new affinity list: 241
pid 8676's current affinity list: 0-255
pid 8676's new affinity list: 240
pid 8677's current affinity list: 0-255
pid 8677's new affinity list: 239
pid 8679's current affinity list: 0-255
pid 8679's new affinity list: 238
pid 8681's current affinity list: 0-255
pid 8681's new affinity list: 237
pid 8682's current affinity list: 0-255
pid 8682's new affinity list: 236
pid 8684's current affinity list: 0-255
pid 8684's new affinity list: 235
pid 8686's current affinity list: 0-255
pid 8686's new affinity list: 234
pid 8688's current affinity list: 0-255
pid 8688's new affinity list: 233
pid 8689's current affinity list: 0-255
pid 8689's new affinity list: 232
pid 8690's current affinity list: 0-255
pid 8690's new affinity list: 231
pid 8691's current affinity list: 0-255
pid 8691's new affinity list: 230
pid 8693's current affinity list: 0-255
pid 8693's new affinity list: 229
pid 8694's current affinity list: 0-255
pid 8694's new affinity list: 228
pid 8695's current affinity list: 0-255
pid 8695's new affinity list: 227
pid 8696's current affinity list: 0-255
pid 8696's new affinity list: 226
pid 8697's current affinity list: 0-255
pid 8697's new affinity list: 225
pid 8698's current affinity list: 0-255
pid 8698's new affinity list: 224
pid 8699's current affinity list: 0-255
pid 8699's new affinity list: 223
pid 8700's current affinity list: 0-255
pid 8700's new affinity list: 222
pid 8701's current affinity list: 0-255
pid 8701's new affinity list: 221
pid 8702's current affinity list: 0-255
pid 8702's new affinity list: 220
pid 8703's current affinity list: 0-255
pid 8703's new affinity list: 219
pid 8704's current affinity list: 0-255
pid 8704's new affinity list: 218
pid 8705's current affinity list: 0-255
pid 8705's new affinity list: 217
pid 8706's current affinity list: 0-255
pid 8706's new affinity list: 216
pid 8707's current affinity list: 0-255
pid 8707's new affinity list: 215
pid 8708's current affinity list: 0-255
pid 8708's new affinity list: 214
pid 8717's current affinity list: 0-255
pid 8717's new affinity list: 213
pid 8718's current affinity list: 0-255
pid 8718's new affinity list: 212
pid 8719's current affinity list: 0-255
pid 8719's new affinity list: 211
pid 8720's current affinity list: 0-255
pid 8720's new affinity list: 210
pid 8721's current affinity list: 0-255
pid 8721's new affinity list: 209
pid 8722's current affinity list: 0-255
pid 8722's new affinity list: 208
pid 8723's current affinity list: 0-255
pid 8723's new affinity list: 207
pid 8724's current affinity list: 0-255
pid 8724's new affinity list: 206
pid 8725's current affinity list: 0-255
pid 8725's new affinity list: 205
pid 8726's current affinity list: 0-255
pid 8726's new affinity list: 204
pid 8727's current affinity list: 0-255
pid 8727's new affinity list: 203
pid 8728's current affinity list: 0-255
pid 8728's new affinity list: 202
pid 8729's current affinity list: 0-255
pid 8729's new affinity list: 201
pid 8730's current affinity list: 0-255
pid 8730's new affinity list: 200
pid 8731's current affinity list: 0-255
pid 8731's new affinity list: 199
pid 8732's current affinity list: 0-255
pid 8732's new affinity list: 198
pid 8733's current affinity list: 0-255
pid 8733's new affinity list: 197
pid 8734's current affinity list: 0-255
pid 8734's new affinity list: 196
pid 8735's current affinity list: 0-255
pid 8735's new affinity list: 195
pid 8736's current affinity list: 0-255
pid 8736's new affinity list: 194
pid 8737's current affinity list: 0-255
pid 8737's new affinity list: 193
pid 8738's current affinity list: 0-255
pid 8738's new affinity list: 192
pid 8739's current affinity list: 0-255
pid 8739's new affinity list: 191
pid 8740's current affinity list: 0-255
pid 8740's new affinity list: 190
pid 8753's current affinity list: 0-255
pid 8753's new affinity list: 189
pid 8756's current affinity list: 0-255
pid 8756's new affinity list: 188
pid 8761's current affinity list: 0-255
pid 8761's new affinity list: 187
pid 8764's current affinity list: 0-255
pid 8764's new affinity list: 186
pid 8766's current affinity list: 0-255
pid 8766's new affinity list: 185
pid 8767's current affinity list: 0-255
pid 8767's new affinity list: 184
pid 8768's current affinity list: 0-255
pid 8768's new affinity list: 183
pid 8769's current affinity list: 0-255
pid 8769's new affinity list: 182
pid 8770's current affinity list: 0-255
pid 8770's new affinity list: 181
pid 8771's current affinity list: 0-255
pid 8771's new affinity list: 180
pid 8772's current affinity list: 0-255
pid 8772's new affinity list: 179
pid 8773's current affinity list: 0-255
pid 8773's new affinity list: 178
pid 8774's current affinity list: 0-255
pid 8774's new affinity list: 177
pid 8775's current affinity list: 0-255
pid 8775's new affinity list: 176
pid 8777's current affinity list: 0-255
pid 8777's new affinity list: 175
pid 8778's current affinity list: 0-255
pid 8778's new affinity list: 174
pid 8779's current affinity list: 0-255
pid 8779's new affinity list: 173
pid 8780's current affinity list: 0-255
pid 8780's new affinity list: 172
pid 8781's current affinity list: 0-255
pid 8781's new affinity list: 171
pid 8782's current affinity list: 0-255
pid 8782's new affinity list: 170
pid 8783's current affinity list: 0-255
pid 8783's new affinity list: 169
pid 8784's current affinity list: 0-255
pid 8784's new affinity list: 168
pid 8785's current affinity list: 0-255
pid 8785's new affinity list: 167
pid 8786's current affinity list: 0-255
pid 8786's new affinity list: 166
pid 8787's current affinity list: 0-255
pid 8787's new affinity list: 165
pid 8788's current affinity list: 0-255
pid 8788's new affinity list: 164
pid 8789's current affinity list: 0-255
pid 8789's new affinity list: 163
pid 8790's current affinity list: 0-255
pid 8790's new affinity list: 162
pid 8791's current affinity list: 0-255
pid 8791's new affinity list: 161
pid 8792's current affinity list: 0-255
pid 8792's new affinity list: 160
pid 8793's current affinity list: 0-255
pid 8793's new affinity list: 159
pid 8794's current affinity list: 0-255
pid 8794's new affinity list: 158
pid 8795's current affinity list: 0-255
pid 8795's new affinity list: 157
pid 8804's current affinity list: 0-255
pid 8804's new affinity list: 156
pid 8805's current affinity list: 0-255
pid 8805's new affinity list: 155
pid 8806's current affinity list: 0-255
pid 8806's new affinity list: 154
pid 8807's current affinity list: 0-255
pid 8807's new affinity list: 153
pid 8808's current affinity list: 0-255
pid 8808's new affinity list: 152
pid 8809's current affinity list: 0-255
pid 8809's new affinity list: 151
pid 8810's current affinity list: 0-255
pid 8810's new affinity list: 150
pid 8811's current affinity list: 0-255
pid 8811's new affinity list: 149
pid 8812's current affinity list: 0-255
pid 8812's new affinity list: 148
pid 8813's current affinity list: 0-255
pid 8813's new affinity list: 147
pid 8814's current affinity list: 0-255
pid 8814's new affinity list: 146
pid 8815's current affinity list: 0-255
pid 8815's new affinity list: 145
pid 8816's current affinity list: 0-255
pid 8816's new affinity list: 144
pid 8817's current affinity list: 0-255
pid 8817's new affinity list: 143
pid 8818's current affinity list: 0-255
pid 8818's new affinity list: 142
pid 8819's current affinity list: 0-255
pid 8819's new affinity list: 141
pid 8820's current affinity list: 0-255
pid 8820's new affinity list: 140
pid 8821's current affinity list: 0-255
pid 8821's new affinity list: 139
pid 8822's current affinity list: 0-255
pid 8822's new affinity list: 138
pid 8823's current affinity list: 0-255
pid 8823's new affinity list: 137
pid 8825's current affinity list: 0-255
pid 8825's new affinity list: 136
pid 8826's current affinity list: 0-255
pid 8826's new affinity list: 135
pid 8827's current affinity list: 0-255
pid 8827's new affinity list: 134
pid 8828's current affinity list: 0-255
pid 8828's new affinity list: 133
pid 8829's current affinity list: 0-255
pid 8829's new affinity list: 132
pid 8830's current affinity list: 0-255
pid 8830's new affinity list: 131
pid 8832's current affinity list: 0-255
pid 8832's new affinity list: 130
pid 8833's current affinity list: 0-255
pid 8833's new affinity list: 129
pid 8834's current affinity list: 0-255
pid 8834's new affinity list: 128
pid 8835's current affinity list: 0-255
pid 8835's new affinity list: 127
pid 8836's current affinity list: 0-255
pid 8836's new affinity list: 126
pid 8837's current affinity list: 0-255
pid 8837's new affinity list: 125
pid 8838's current affinity list: 0-255
pid 8838's new affinity list: 124
pid 8839's current affinity list: 0-255
pid 8839's new affinity list: 123
pid 8840's current affinity list: 0-255
pid 8840's new affinity list: 122
pid 8841's current affinity list: 0-255
pid 8841's new affinity list: 121
pid 8842's current affinity list: 0-255
pid 8842's new affinity list: 120
pid 8843's current affinity list: 0-255
pid 8843's new affinity list: 119
pid 8844's current affinity list: 0-255
pid 8844's new affinity list: 118
pid 8845's current affinity list: 0-255
pid 8845's new affinity list: 117
pid 8846's current affinity list: 0-255
pid 8846's new affinity list: 116
pid 8847's current affinity list: 0-255
pid 8847's new affinity list: 115
pid 8848's current affinity list: 0-255
pid 8848's new affinity list: 114
pid 8849's current affinity list: 0-255
pid 8849's new affinity list: 113
pid 8850's current affinity list: 0-255
pid 8850's new affinity list: 112
pid 8851's current affinity list: 0-255
pid 8851's new affinity list: 111
pid 8852's current affinity list: 0-255
pid 8852's new affinity list: 110
pid 8853's current affinity list: 0-255
pid 8853's new affinity list: 109
pid 8854's current affinity list: 0-255
pid 8854's new affinity list: 108
pid 8855's current affinity list: 0-255
pid 8855's new affinity list: 107
pid 8856's current affinity list: 0-255
pid 8856's new affinity list: 106
pid 8857's current affinity list: 0-255
pid 8857's new affinity list: 105
pid 8858's current affinity list: 0-255
pid 8858's new affinity list: 104
pid 8859's current affinity list: 0-255
pid 8859's new affinity list: 103
pid 8860's current affinity list: 0-255
pid 8860's new affinity list: 102
pid 8861's current affinity list: 0-255
pid 8861's new affinity list: 101
pid 8862's current affinity list: 0-255
pid 8862's new affinity list: 100
pid 8863's current affinity list: 0-255
pid 8863's new affinity list: 99
pid 8864's current affinity list: 0-255
pid 8864's new affinity list: 98
pid 8866's current affinity list: 0-255
pid 8866's new affinity list: 97
pid 8867's current affinity list: 0-255
pid 8867's new affinity list: 96
pid 8868's current affinity list: 0-255
pid 8868's new affinity list: 95
pid 8869's current affinity list: 0-255
pid 8869's new affinity list: 94
pid 8870's current affinity list: 0-255
pid 8870's new affinity list: 93
pid 8879's current affinity list: 0-255
pid 8879's new affinity list: 92
pid 8880's current affinity list: 0-255
pid 8880's new affinity list: 91
pid 8881's current affinity list: 0-255
pid 8881's new affinity list: 90
pid 8882's current affinity list: 0-255
pid 8882's new affinity list: 89
pid 8883's current affinity list: 0-255
pid 8883's new affinity list: 88
pid 8885's current affinity list: 0-255
pid 8885's new affinity list: 87
pid 8886's current affinity list: 0-255
pid 8886's new affinity list: 86
pid 8887's current affinity list: 0-255
pid 8887's new affinity list: 85
pid 8888's current affinity list: 0-255
pid 8888's new affinity list: 84
pid 8889's current affinity list: 0-255
pid 8889's new affinity list: 83
pid 8890's current affinity list: 0-255
pid 8890's new affinity list: 82
pid 8891's current affinity list: 0-255
pid 8891's new affinity list: 81
pid 8892's current affinity list: 0-255
pid 8892's new affinity list: 80
pid 8893's current affinity list: 0-255
pid 8893's new affinity list: 79
pid 8894's current affinity list: 0-255
pid 8894's new affinity list: 78
pid 8895's current affinity list: 0-255
pid 8895's new affinity list: 77
pid 8896's current affinity list: 0-255
pid 8896's new affinity list: 76
pid 8897's current affinity list: 0-255
pid 8897's new affinity list: 75
pid 8898's current affinity list: 0-255
pid 8898's new affinity list: 74
pid 8899's current affinity list: 0-255
pid 8899's new affinity list: 73
pid 8900's current affinity list: 0-255
pid 8900's new affinity list: 72
pid 8901's current affinity list: 0-255
pid 8901's new affinity list: 71
pid 8902's current affinity list: 0-255
pid 8902's new affinity list: 70
pid 8903's current affinity list: 0-255
pid 8903's new affinity list: 69
pid 8904's current affinity list: 0-255
pid 8904's new affinity list: 68
pid 8905's current affinity list: 0-255
pid 8905's new affinity list: 67
pid 8906's current affinity list: 0-255
pid 8906's new affinity list: 66
pid 8907's current affinity list: 0-255
pid 8907's new affinity list: 65
pid 8908's current affinity list: 0-255
pid 8908's new affinity list: 64
pid 8909's current affinity list: 0-255
pid 8909's new affinity list: 63
pid 8910's current affinity list: 0-255
pid 8910's new affinity list: 62
pid 8911's current affinity list: 0-255
pid 8911's new affinity list: 61
pid 8912's current affinity list: 0-255
pid 8912's new affinity list: 60
pid 8913's current affinity list: 0-255
pid 8913's new affinity list: 59
pid 8914's current affinity list: 0-255
pid 8914's new affinity list: 58
pid 8915's current affinity list: 0-255
pid 8915's new affinity list: 57
pid 8916's current affinity list: 0-255
pid 8916's new affinity list: 56
pid 8917's current affinity list: 0-255
pid 8917's new affinity list: 55
pid 8918's current affinity list: 0-255
pid 8918's new affinity list: 54
pid 8919's current affinity list: 0-255
pid 8919's new affinity list: 53
pid 8920's current affinity list: 0-255
pid 8920's new affinity list: 52
pid 8922's current affinity list: 0-255
pid 8922's new affinity list: 51
pid 8923's current affinity list: 0-255
pid 8923's new affinity list: 50
pid 8924's current affinity list: 0-255
pid 8924's new affinity list: 49
pid 8925's current affinity list: 0-255
pid 8925's new affinity list: 48
pid 8926's current affinity list: 0-255
pid 8926's new affinity list: 47
pid 8927's current affinity list: 0-255
pid 8927's new affinity list: 46
pid 8928's current affinity list: 0-255
pid 8928's new affinity list: 45
pid 8929's current affinity list: 0-255
pid 8929's new affinity list: 44
pid 8930's current affinity list: 0-255
pid 8930's new affinity list: 43
pid 8931's current affinity list: 0-255
pid 8931's new affinity list: 42
pid 8932's current affinity list: 0-255
pid 8932's new affinity list: 41
pid 8933's current affinity list: 0-255
pid 8933's new affinity list: 40
pid 8934's current affinity list: 0-255
pid 8934's new affinity list: 39
pid 8935's current affinity list: 0-255
pid 8935's new affinity list: 38
pid 8936's current affinity list: 0-255
pid 8936's new affinity list: 37
pid 8937's current affinity list: 0-255
pid 8937's new affinity list: 36
pid 8938's current affinity list: 0-255
pid 8938's new affinity list: 35
pid 8939's current affinity list: 0-255
pid 8939's new affinity list: 34
pid 8948's current affinity list: 0-255
pid 8948's new affinity list: 33
pid 8949's current affinity list: 0-255
pid 8949's new affinity list: 32
pid 8950's current affinity list: 0-255
pid 8950's new affinity list: 31
pid 8951's current affinity list: 0-255
pid 8951's new affinity list: 30
pid 8952's current affinity list: 0-255
pid 8952's new affinity list: 29
pid 8953's current affinity list: 0-255
pid 8953's new affinity list: 28
pid 8954's current affinity list: 0-255
pid 8954's new affinity list: 27
pid 8955's current affinity list: 0-255
pid 8955's new affinity list: 26
pid 8956's current affinity list: 0-255
pid 8956's new affinity list: 25
pid 8957's current affinity list: 0-255
pid 8957's new affinity list: 24
pid 8958's current affinity list: 0-255
pid 8958's new affinity list: 23
pid 8959's current affinity list: 0-255
pid 8959's new affinity list: 22
pid 8960's current affinity list: 0-255
pid 8960's new affinity list: 21
pid 8961's current affinity list: 0-255
pid 8961's new affinity list: 20
pid 8962's current affinity list: 0-255
pid 8962's new affinity list: 19
pid 8963's current affinity list: 0-255
pid 8963's new affinity list: 18
pid 8964's current affinity list: 0-255
pid 8964's new affinity list: 17
pid 8965's current affinity list: 0-255
pid 8965's new affinity list: 16
pid 8966's current affinity list: 0-255
pid 8966's new affinity list: 15
pid 8968's current affinity list: 0-255
pid 8968's new affinity list: 14
pid 8969's current affinity list: 0-255
pid 8969's new affinity list: 13
pid 8970's current affinity list: 0-255
pid 8970's new affinity list: 12
pid 8971's current affinity list: 0-255
pid 8971's new affinity list: 11
pid 8972's current affinity list: 0-255
pid 8972's new affinity list: 10
pid 8973's current affinity list: 0-255
pid 8973's new affinity list: 9
pid 8974's current affinity list: 0-255
pid 8974's new affinity list: 8
pid 8975's current affinity list: 0-255
pid 8975's new affinity list: 7
pid 8976's current affinity list: 0-255
pid 8976's new affinity list: 6
pid 8977's current affinity list: 0-255
pid 8977's new affinity list: 5
pid 8978's current affinity list: 0-255
pid 8978's new affinity list: 4
pid 8979's current affinity list: 0-255
pid 8979's new affinity list: 3
pid 8980's current affinity list: 0-255
pid 8980's new affinity list: 2
pid 8981's current affinity list: 0-255
pid 8981's new affinity list: 1
pid 8982's current affinity list: 0-255
pid 8982's new affinity list: 0
pid 8475's current affinity list: 0-255
pid 8475's new affinity list: 0-255
/home/wangsy/Zhuh/miniconda3/envs/Li_bgc/lib/python3.12/site-packages/Bio/SeqFeature.py:230: BiopythonDeprecationWarning: Please use .location.strand rather than .strand
  warnings.warn(
/home/wangsy/Zhuh/miniconda3/envs/Li_bgc/lib/python3.12/site-packages/Bio/SeqFeature.py:230: BiopythonDeprecationWarning: Please use .location.strand rather than .strand
  warnings.warn(
/home/wangsy/Zhuh/miniconda3/envs/Li_bgc/lib/python3.12/site-packages/Bio/SeqFeature.py:230: BiopythonDeprecationWarning: Please use .location.strand rather than .strand
  warnings.warn(
/home/wangsy/Zhuh/miniconda3/envs/Li_bgc/lib/python3.12/site-packages/Bio/SeqFeature.py:230: BiopythonDeprecationWarning: Please use .location.strand rather than .strand
  warnings.warn(
/home/wangsy/Zhuh/miniconda3/envs/Li_bgc/lib/python3.12/site-packages/Bio/SeqFeature.py:230: BiopythonDeprecationWarning: Please use .location.strand rather than .strand
  warnings.warn(
/home/wangsy/Zhuh/miniconda3/envs/Li_bgc/lib/python3.12/site-packages/Bio/SeqFeature.py:230: BiopythonDeprecationWarning: Please use .location.strand rather than .strand
  warnings.warn(
/home/wangsy/Zhuh/miniconda3/envs/Li_bgc/lib/python3.12/site-packages/Bio/SeqFeature.py:230: BiopythonDeprecationWarning: Please use .location.strand rather than .strand
  warnings.warn(
/home/wangsy/Zhuh/miniconda3/envs/Li_bgc/lib/python3.12/site-packages/Bio/SeqFeature.py:230: BiopythonDeprecationWarning: Please use .location.strand rather than .strand
  warnings.warn(
/home/wangsy/Zhuh/miniconda3/envs/Li_bgc/lib/python3.12/site-packages/Bio/SeqFeature.py:230: BiopythonDeprecationWarning: Please use .location.strand rather than .strand
  warnings.warn(
/home/wangsy/Zhuh/miniconda3/envs/Li_bgc/lib/python3.12/site-packages/Bio/SeqFeature.py:230: BiopythonDeprecationWarning: Please use .location.strand rather than .strand
  warnings.warn(
/home/wangsy/Zhuh/miniconda3/envs/Li_bgc/lib/python3.12/site-packages/Bio/SeqFeature.py:230: BiopythonDeprecationWarning: Please use .location.strand rather than .strand
  warnings.warn(
/home/wangsy/Zhuh/miniconda3/envs/Li_bgc/lib/python3.12/site-packages/Bio/SeqFeature.py:230: BiopythonDeprecationWarning: Please use .location.strand rather than .strand
  warnings.warn(
/home/wangsy/Zhuh/miniconda3/envs/Li_bgc/lib/python3.12/site-packages/Bio/SeqFeature.py:230: BiopythonDeprecationWarning: Please use .location.strand rather than .strand
  warnings.warn(
/home/wangsy/Zhuh/miniconda3/envs/Li_bgc/lib/python3.12/site-packages/Bio/SeqFeature.py:230: BiopythonDeprecationWarning: Please use .location.strand rather than .strand
  warnings.warn(
/home/wangsy/Zhuh/miniconda3/envs/Li_bgc/lib/python3.12/site-packages/Bio/SeqFeature.py:230: BiopythonDeprecationWarning: Please use .location.strand rather than .strand
  warnings.warn(
/home/wangsy/Zhuh/miniconda3/envs/Li_bgc/lib/python3.12/site-packages/Bio/SeqFeature.py:230: BiopythonDeprecationWarning: Please use .location.strand rather than .strand
  warnings.warn(
/home/wangsy/Zhuh/miniconda3/envs/Li_bgc/lib/python3.12/site-packages/Bio/SeqFeature.py:230: BiopythonDeprecationWarning: Please use .location.strand rather than .strand
  warnings.warn(
/home/wangsy/Zhuh/miniconda3/envs/Li_bgc/lib/python3.12/site-packages/Bio/SeqFeature.py:230: BiopythonDeprecationWarning: Please use .location.strand rather than .strand
  warnings.warn(
/home/wangsy/Zhuh/miniconda3/envs/Li_bgc/lib/python3.12/site-packages/Bio/SeqFeature.py:230: BiopythonDeprecationWarning: Please use .location.strand rather than .strand
  warnings.warn(
/home/wangsy/Zhuh/miniconda3/envs/Li_bgc/lib/python3.12/site-packages/Bio/SeqFeature.py:230: BiopythonDeprecationWarning: Please use .location.strand rather than .strand
  warnings.warn(
/home/wangsy/Zhuh/miniconda3/envs/Li_bgc/lib/python3.12/site-packages/Bio/SeqFeature.py:230: BiopythonDeprecationWarning: Please use .location.strand rather than .strand
  warnings.warn(
/home/wangsy/Zhuh/miniconda3/envs/Li_bgc/lib/python3.12/site-packages/Bio/SeqFeature.py:230: BiopythonDeprecationWarning: Please use .location.strand rather than .strand
  warnings.warn(
/home/wangsy/Zhuh/miniconda3/envs/Li_bgc/lib/python3.12/site-packages/Bio/SeqFeature.py:230: BiopythonDeprecationWarning: Please use .location.strand rather than .strand
  warnings.warn(
/home/wangsy/Zhuh/miniconda3/envs/Li_bgc/lib/python3.12/site-packages/Bio/SeqFeature.py:230: BiopythonDeprecationWarning: Please use .location.strand rather than .strand
  warnings.warn(
/home/wangsy/Zhuh/miniconda3/envs/Li_bgc/lib/python3.12/site-packages/Bio/SeqFeature.py:230: BiopythonDeprecationWarning: Please use .location.strand rather than .strand
  warnings.warn(
/home/wangsy/Zhuh/miniconda3/envs/Li_bgc/lib/python3.12/site-packages/Bio/SeqFeature.py:230: BiopythonDeprecationWarning: Please use .location.strand rather than .strand
  warnings.warn(
/home/wangsy/Zhuh/miniconda3/envs/Li_bgc/lib/python3.12/site-packages/Bio/SeqFeature.py:230: BiopythonDeprecationWarning: Please use .location.strand rather than .strand
  warnings.warn(
/home/wangsy/Zhuh/miniconda3/envs/Li_bgc/lib/python3.12/site-packages/Bio/SeqFeature.py:230: BiopythonDeprecationWarning: Please use .location.strand rather than .strand
  warnings.warn(
/home/wangsy/Zhuh/miniconda3/envs/Li_bgc/lib/python3.12/site-packages/Bio/SeqFeature.py:230: BiopythonDeprecationWarning: Please use .location.strand rather than .strand
  warnings.warn(
/home/wangsy/Zhuh/miniconda3/envs/Li_bgc/lib/python3.12/site-packages/Bio/SeqFeature.py:230: BiopythonDeprecationWarning: Please use .location.strand rather than .strand
  warnings.warn(
/home/wangsy/Zhuh/miniconda3/envs/Li_bgc/lib/python3.12/site-packages/Bio/SeqFeature.py:230: BiopythonDeprecationWarning: Please use .location.strand rather than .strand
  warnings.warn(
/home/wangsy/Zhuh/miniconda3/envs/Li_bgc/lib/python3.12/site-packages/Bio/SeqFeature.py:230: BiopythonDeprecationWarning: Please use .location.strand rather than .strand
  warnings.warn(
/home/wangsy/Zhuh/miniconda3/envs/Li_bgc/lib/python3.12/site-packages/Bio/SeqFeature.py:230: BiopythonDeprecationWarning: Please use .location.strand rather than .strand
  warnings.warn(
/home/wangsy/Zhuh/miniconda3/envs/Li_bgc/lib/python3.12/site-packages/Bio/SeqFeature.py:230: BiopythonDeprecationWarning: Please use .location.strand rather than .strand
  warnings.warn(
/home/wangsy/Zhuh/miniconda3/envs/Li_bgc/lib/python3.12/site-packages/Bio/SeqFeature.py:230: BiopythonDeprecationWarning: Please use .location.strand rather than .strand
  warnings.warn(
/home/wangsy/Zhuh/miniconda3/envs/Li_bgc/lib/python3.12/site-packages/Bio/SeqFeature.py:230: BiopythonDeprecationWarning: Please use .location.strand rather than .strand
  warnings.warn(
/home/wangsy/Zhuh/miniconda3/envs/Li_bgc/lib/python3.12/site-packages/Bio/SeqFeature.py:230: BiopythonDeprecationWarning: Please use .location.strand rather than .strand
  warnings.warn(
/home/wangsy/Zhuh/miniconda3/envs/Li_bgc/lib/python3.12/site-packages/Bio/SeqFeature.py:230: BiopythonDeprecationWarning: Please use .location.strand rather than .strand
  warnings.warn(
/home/wangsy/Zhuh/miniconda3/envs/Li_bgc/lib/python3.12/site-packages/Bio/SeqFeature.py:230: BiopythonDeprecationWarning: Please use .location.strand rather than .strand
  warnings.warn(
/home/wangsy/Zhuh/miniconda3/envs/Li_bgc/lib/python3.12/site-packages/Bio/SeqFeature.py:230: BiopythonDeprecationWarning: Please use .location.strand rather than .strand
  warnings.warn(
/home/wangsy/Zhuh/miniconda3/envs/Li_bgc/lib/python3.12/site-packages/Bio/SeqFeature.py:230: BiopythonDeprecationWarning: Please use .location.strand rather than .strand
  warnings.warn(
/home/wangsy/Zhuh/miniconda3/envs/Li_bgc/lib/python3.12/site-packages/Bio/SeqFeature.py:230: BiopythonDeprecationWarning: Please use .location.strand rather than .strand
  warnings.warn(
/home/wangsy/Zhuh/miniconda3/envs/Li_bgc/lib/python3.12/site-packages/Bio/SeqFeature.py:230: BiopythonDeprecationWarning: Please use .location.strand rather than .strand
  warnings.warn(
/home/wangsy/Zhuh/miniconda3/envs/Li_bgc/lib/python3.12/site-packages/Bio/SeqFeature.py:230: BiopythonDeprecationWarning: Please use .location.strand rather than .strand
  warnings.warn(
/home/wangsy/Zhuh/miniconda3/envs/Li_bgc/lib/python3.12/site-packages/Bio/SeqFeature.py:230: BiopythonDeprecationWarning: Please use .location.strand rather than .strand
  warnings.warn(
/home/wangsy/Zhuh/miniconda3/envs/Li_bgc/lib/python3.12/site-packages/Bio/SeqFeature.py:230: BiopythonDeprecationWarning: Please use .location.strand rather than .strand
  warnings.warn(
/home/wangsy/Zhuh/miniconda3/envs/Li_bgc/lib/python3.12/site-packages/Bio/SeqFeature.py:230: BiopythonDeprecationWarning: Please use .location.strand rather than .strand
  warnings.warn(
/home/wangsy/Zhuh/miniconda3/envs/Li_bgc/lib/python3.12/site-packages/Bio/SeqFeature.py:230: BiopythonDeprecationWarning: Please use .location.strand rather than .strand
  warnings.warn(
/home/wangsy/Zhuh/miniconda3/envs/Li_bgc/lib/python3.12/site-packages/Bio/SeqFeature.py:230: BiopythonDeprecationWarning: Please use .location.strand rather than .strand
  warnings.warn(
/home/wangsy/Zhuh/miniconda3/envs/Li_bgc/lib/python3.12/site-packages/Bio/SeqFeature.py:230: BiopythonDeprecationWarning: Please use .location.strand rather than .strand
  warnings.warn(
/home/wangsy/Zhuh/miniconda3/envs/Li_bgc/lib/python3.12/site-packages/Bio/SeqFeature.py:230: BiopythonDeprecationWarning: Please use .location.strand rather than .strand
  warnings.warn(
/home/wangsy/Zhuh/miniconda3/envs/Li_bgc/lib/python3.12/site-packages/Bio/SeqFeature.py:230: BiopythonDeprecationWarning: Please use .location.strand rather than .strand
  warnings.warn(
/home/wangsy/Zhuh/miniconda3/envs/Li_bgc/lib/python3.12/site-packages/Bio/SeqFeature.py:230: BiopythonDeprecationWarning: Please use .location.strand rather than .strand
  warnings.warn(
/home/wangsy/Zhuh/miniconda3/envs/Li_bgc/lib/python3.12/site-packages/Bio/SeqFeature.py:230: BiopythonDeprecationWarning: Please use .location.strand rather than .strand
  warnings.warn(
/home/wangsy/Zhuh/miniconda3/envs/Li_bgc/lib/python3.12/site-packages/Bio/SeqFeature.py:230: BiopythonDeprecationWarning: Please use .location.strand rather than .strand
  warnings.warn(
/home/wangsy/Zhuh/miniconda3/envs/Li_bgc/lib/python3.12/site-packages/Bio/SeqFeature.py:230: BiopythonDeprecationWarning: Please use .location.strand rather than .strand
  warnings.warn(
/home/wangsy/Zhuh/miniconda3/envs/Li_bgc/lib/python3.12/site-packages/Bio/SeqFeature.py:230: BiopythonDeprecationWarning: Please use .location.strand rather than .strand
  warnings.warn(
/home/wangsy/Zhuh/miniconda3/envs/Li_bgc/lib/python3.12/site-packages/Bio/SeqFeature.py:230: BiopythonDeprecationWarning: Please use .location.strand rather than .strand
  warnings.warn(
/home/wangsy/Zhuh/miniconda3/envs/Li_bgc/lib/python3.12/site-packages/Bio/SeqFeature.py:230: BiopythonDeprecationWarning: Please use .location.strand rather than .strand
  warnings.warn(
/home/wangsy/Zhuh/miniconda3/envs/Li_bgc/lib/python3.12/site-packages/Bio/SeqFeature.py:230: BiopythonDeprecationWarning: Please use .location.strand rather than .strand
  warnings.warn(
/home/wangsy/Zhuh/miniconda3/envs/Li_bgc/lib/python3.12/site-packages/Bio/SeqFeature.py:230: BiopythonDeprecationWarning: Please use .location.strand rather than .strand
  warnings.warn(
/home/wangsy/Zhuh/miniconda3/envs/Li_bgc/lib/python3.12/site-packages/Bio/SeqFeature.py:230: BiopythonDeprecationWarning: Please use .location.strand rather than .strand
  warnings.warn(
/home/wangsy/Zhuh/miniconda3/envs/Li_bgc/lib/python3.12/site-packages/Bio/SeqFeature.py:230: BiopythonDeprecationWarning: Please use .location.strand rather than .strand
  warnings.warn(
/home/wangsy/Zhuh/miniconda3/envs/Li_bgc/lib/python3.12/site-packages/Bio/SeqFeature.py:230: BiopythonDeprecationWarning: Please use .location.strand rather than .strand
  warnings.warn(
/home/wangsy/Zhuh/miniconda3/envs/Li_bgc/lib/python3.12/site-packages/Bio/SeqFeature.py:230: BiopythonDeprecationWarning: Please use .location.strand rather than .strand
  warnings.warn(
/home/wangsy/Zhuh/miniconda3/envs/Li_bgc/lib/python3.12/site-packages/Bio/SeqFeature.py:230: BiopythonDeprecationWarning: Please use .location.strand rather than .strand
  warnings.warn(
/home/wangsy/Zhuh/miniconda3/envs/Li_bgc/lib/python3.12/site-packages/Bio/SeqFeature.py:230: BiopythonDeprecationWarning: Please use .location.strand rather than .strand
  warnings.warn(
/home/wangsy/Zhuh/miniconda3/envs/Li_bgc/lib/python3.12/site-packages/Bio/SeqFeature.py:230: BiopythonDeprecationWarning: Please use .location.strand rather than .strand
  warnings.warn(
/home/wangsy/Zhuh/miniconda3/envs/Li_bgc/lib/python3.12/site-packages/Bio/SeqFeature.py:230: BiopythonDeprecationWarning: Please use .location.strand rather than .strand
  warnings.warn(
/home/wangsy/Zhuh/miniconda3/envs/Li_bgc/lib/python3.12/site-packages/Bio/SeqFeature.py:230: BiopythonDeprecationWarning: Please use .location.strand rather than .strand
  warnings.warn(
/home/wangsy/Zhuh/miniconda3/envs/Li_bgc/lib/python3.12/site-packages/Bio/SeqFeature.py:230: BiopythonDeprecationWarning: Please use .location.strand rather than .strand
  warnings.warn(
/home/wangsy/Zhuh/miniconda3/envs/Li_bgc/lib/python3.12/site-packages/Bio/SeqFeature.py:230: BiopythonDeprecationWarning: Please use .location.strand rather than .strand
  warnings.warn(
/home/wangsy/Zhuh/miniconda3/envs/Li_bgc/lib/python3.12/site-packages/Bio/SeqFeature.py:230: BiopythonDeprecationWarning: Please use .location.strand rather than .strand
  warnings.warn(
/home/wangsy/Zhuh/miniconda3/envs/Li_bgc/lib/python3.12/site-packages/Bio/SeqFeature.py:230: BiopythonDeprecationWarning: Please use .location.strand rather than .strand
  warnings.warn(
/home/wangsy/Zhuh/miniconda3/envs/Li_bgc/lib/python3.12/site-packages/Bio/SeqFeature.py:230: BiopythonDeprecationWarning: Please use .location.strand rather than .strand
  warnings.warn(
/home/wangsy/Zhuh/miniconda3/envs/Li_bgc/lib/python3.12/site-packages/Bio/SeqFeature.py:230: BiopythonDeprecationWarning: Please use .location.strand rather than .strand
  warnings.warn(
/home/wangsy/Zhuh/miniconda3/envs/Li_bgc/lib/python3.12/site-packages/Bio/SeqFeature.py:230: BiopythonDeprecationWarning: Please use .location.strand rather than .strand
  warnings.warn(
/home/wangsy/Zhuh/miniconda3/envs/Li_bgc/lib/python3.12/site-packages/Bio/SeqFeature.py:230: BiopythonDeprecationWarning: Please use .location.strand rather than .strand
  warnings.warn(
/home/wangsy/Zhuh/miniconda3/envs/Li_bgc/lib/python3.12/site-packages/Bio/SeqFeature.py:230: BiopythonDeprecationWarning: Please use .location.strand rather than .strand
  warnings.warn(
/home/wangsy/Zhuh/miniconda3/envs/Li_bgc/lib/python3.12/site-packages/Bio/SeqFeature.py:230: BiopythonDeprecationWarning: Please use .location.strand rather than .strand
  warnings.warn(
/home/wangsy/Zhuh/miniconda3/envs/Li_bgc/lib/python3.12/site-packages/Bio/SeqFeature.py:230: BiopythonDeprecationWarning: Please use .location.strand rather than .strand
  warnings.warn(
/home/wangsy/Zhuh/miniconda3/envs/Li_bgc/lib/python3.12/site-packages/Bio/SeqFeature.py:230: BiopythonDeprecationWarning: Please use .location.strand rather than .strand
  warnings.warn(
/home/wangsy/Zhuh/miniconda3/envs/Li_bgc/lib/python3.12/site-packages/Bio/SeqFeature.py:230: BiopythonDeprecationWarning: Please use .location.strand rather than .strand
  warnings.warn(
/home/wangsy/Zhuh/miniconda3/envs/Li_bgc/lib/python3.12/site-packages/Bio/SeqFeature.py:230: BiopythonDeprecationWarning: Please use .location.strand rather than .strand
  warnings.warn(
/home/wangsy/Zhuh/miniconda3/envs/Li_bgc/lib/python3.12/site-packages/Bio/SeqFeature.py:230: BiopythonDeprecationWarning: Please use .location.strand rather than .strand
  warnings.warn(
/home/wangsy/Zhuh/miniconda3/envs/Li_bgc/lib/python3.12/site-packages/Bio/SeqFeature.py:230: BiopythonDeprecationWarning: Please use .location.strand rather than .strand
  warnings.warn(
/home/wangsy/Zhuh/miniconda3/envs/Li_bgc/lib/python3.12/site-packages/Bio/SeqFeature.py:230: BiopythonDeprecationWarning: Please use .location.strand rather than .strand
  warnings.warn(
/home/wangsy/Zhuh/miniconda3/envs/Li_bgc/lib/python3.12/site-packages/Bio/SeqFeature.py:230: BiopythonDeprecationWarning: Please use .location.strand rather than .strand
  warnings.warn(
/home/wangsy/Zhuh/miniconda3/envs/Li_bgc/lib/python3.12/site-packages/Bio/SeqFeature.py:230: BiopythonDeprecationWarning: Please use .location.strand rather than .strand
  warnings.warn(
/home/wangsy/Zhuh/miniconda3/envs/Li_bgc/lib/python3.12/site-packages/Bio/SeqFeature.py:230: BiopythonDeprecationWarning: Please use .location.strand rather than .strand
  warnings.warn(
/home/wangsy/Zhuh/miniconda3/envs/Li_bgc/lib/python3.12/site-packages/Bio/SeqFeature.py:230: BiopythonDeprecationWarning: Please use .location.strand rather than .strand
  warnings.warn(
/home/wangsy/Zhuh/miniconda3/envs/Li_bgc/lib/python3.12/site-packages/Bio/SeqFeature.py:230: BiopythonDeprecationWarning: Please use .location.strand rather than .strand
  warnings.warn(
/home/wangsy/Zhuh/miniconda3/envs/Li_bgc/lib/python3.12/site-packages/Bio/SeqFeature.py:230: BiopythonDeprecationWarning: Please use .location.strand rather than .strand
  warnings.warn(
/home/wangsy/Zhuh/miniconda3/envs/Li_bgc/lib/python3.12/site-packages/Bio/SeqFeature.py:230: BiopythonDeprecationWarning: Please use .location.strand rather than .strand
  warnings.warn(
/home/wangsy/Zhuh/miniconda3/envs/Li_bgc/lib/python3.12/site-packages/Bio/SeqFeature.py:230: BiopythonDeprecationWarning: Please use .location.strand rather than .strand
  warnings.warn(
/home/wangsy/Zhuh/miniconda3/envs/Li_bgc/lib/python3.12/site-packages/Bio/SeqFeature.py:230: BiopythonDeprecationWarning: Please use .location.strand rather than .strand
  warnings.warn(
/home/wangsy/Zhuh/miniconda3/envs/Li_bgc/lib/python3.12/site-packages/Bio/SeqFeature.py:230: BiopythonDeprecationWarning: Please use .location.strand rather than .strand
  warnings.warn(
/home/wangsy/Zhuh/miniconda3/envs/Li_bgc/lib/python3.12/site-packages/Bio/SeqFeature.py:230: BiopythonDeprecationWarning: Please use .location.strand rather than .strand
  warnings.warn(
/home/wangsy/Zhuh/miniconda3/envs/Li_bgc/lib/python3.12/site-packages/Bio/SeqFeature.py:230: BiopythonDeprecationWarning: Please use .location.strand rather than .strand
  warnings.warn(
/home/wangsy/Zhuh/miniconda3/envs/Li_bgc/lib/python3.12/site-packages/Bio/SeqFeature.py:230: BiopythonDeprecationWarning: Please use .location.strand rather than .strand
  warnings.warn(
/home/wangsy/Zhuh/miniconda3/envs/Li_bgc/lib/python3.12/site-packages/Bio/SeqFeature.py:230: BiopythonDeprecationWarning: Please use .location.strand rather than .strand
  warnings.warn(
/home/wangsy/Zhuh/miniconda3/envs/Li_bgc/lib/python3.12/site-packages/Bio/SeqFeature.py:230: BiopythonDeprecationWarning: Please use .location.strand rather than .strand
  warnings.warn(
/home/wangsy/Zhuh/miniconda3/envs/Li_bgc/lib/python3.12/site-packages/Bio/SeqFeature.py:230: BiopythonDeprecationWarning: Please use .location.strand rather than .strand
  warnings.warn(
/home/wangsy/Zhuh/miniconda3/envs/Li_bgc/lib/python3.12/site-packages/Bio/SeqFeature.py:230: BiopythonDeprecationWarning: Please use .location.strand rather than .strand
  warnings.warn(
/home/wangsy/Zhuh/miniconda3/envs/Li_bgc/lib/python3.12/site-packages/Bio/SeqFeature.py:230: BiopythonDeprecationWarning: Please use .location.strand rather than .strand
  warnings.warn(
/home/wangsy/Zhuh/miniconda3/envs/Li_bgc/lib/python3.12/site-packages/Bio/SeqFeature.py:230: BiopythonDeprecationWarning: Please use .location.strand rather than .strand
  warnings.warn(
/home/wangsy/Zhuh/miniconda3/envs/Li_bgc/lib/python3.12/site-packages/Bio/SeqFeature.py:230: BiopythonDeprecationWarning: Please use .location.strand rather than .strand
  warnings.warn(
/home/wangsy/Zhuh/miniconda3/envs/Li_bgc/lib/python3.12/site-packages/Bio/SeqFeature.py:230: BiopythonDeprecationWarning: Please use .location.strand rather than .strand
  warnings.warn(
/home/wangsy/Zhuh/miniconda3/envs/Li_bgc/lib/python3.12/site-packages/Bio/SeqFeature.py:230: BiopythonDeprecationWarning: Please use .location.strand rather than .strand
  warnings.warn(
/home/wangsy/Zhuh/miniconda3/envs/Li_bgc/lib/python3.12/site-packages/Bio/SeqFeature.py:230: BiopythonDeprecationWarning: Please use .location.strand rather than .strand
  warnings.warn(
/home/wangsy/Zhuh/miniconda3/envs/Li_bgc/lib/python3.12/site-packages/Bio/SeqFeature.py:230: BiopythonDeprecationWarning: Please use .location.strand rather than .strand
  warnings.warn(
/home/wangsy/Zhuh/miniconda3/envs/Li_bgc/lib/python3.12/site-packages/Bio/SeqFeature.py:230: BiopythonDeprecationWarning: Please use .location.strand rather than .strand
  warnings.warn(
/home/wangsy/Zhuh/miniconda3/envs/Li_bgc/lib/python3.12/site-packages/Bio/SeqFeature.py:230: BiopythonDeprecationWarning: Please use .location.strand rather than .strand
  warnings.warn(
/home/wangsy/Zhuh/miniconda3/envs/Li_bgc/lib/python3.12/site-packages/Bio/SeqFeature.py:230: BiopythonDeprecationWarning: Please use .location.strand rather than .strand
  warnings.warn(
/home/wangsy/Zhuh/miniconda3/envs/Li_bgc/lib/python3.12/site-packages/Bio/SeqFeature.py:230: BiopythonDeprecationWarning: Please use .location.strand rather than .strand
  warnings.warn(
/home/wangsy/Zhuh/miniconda3/envs/Li_bgc/lib/python3.12/site-packages/Bio/SeqFeature.py:230: BiopythonDeprecationWarning: Please use .location.strand rather than .strand
  warnings.warn(
/home/wangsy/Zhuh/miniconda3/envs/Li_bgc/lib/python3.12/site-packages/Bio/SeqFeature.py:230: BiopythonDeprecationWarning: Please use .location.strand rather than .strand
  warnings.warn(
/home/wangsy/Zhuh/miniconda3/envs/Li_bgc/lib/python3.12/site-packages/Bio/SeqFeature.py:230: BiopythonDeprecationWarning: Please use .location.strand rather than .strand
  warnings.warn(
/home/wangsy/Zhuh/miniconda3/envs/Li_bgc/lib/python3.12/site-packages/Bio/SeqFeature.py:230: BiopythonDeprecationWarning: Please use .location.strand rather than .strand
  warnings.warn(
/home/wangsy/Zhuh/miniconda3/envs/Li_bgc/lib/python3.12/site-packages/Bio/SeqFeature.py:230: BiopythonDeprecationWarning: Please use .location.strand rather than .strand
  warnings.warn(
/home/wangsy/Zhuh/miniconda3/envs/Li_bgc/lib/python3.12/site-packages/Bio/SeqFeature.py:230: BiopythonDeprecationWarning: Please use .location.strand rather than .strand
  warnings.warn(
/home/wangsy/Zhuh/miniconda3/envs/Li_bgc/lib/python3.12/site-packages/Bio/SeqFeature.py:230: BiopythonDeprecationWarning: Please use .location.strand rather than .strand
  warnings.warn(
/home/wangsy/Zhuh/miniconda3/envs/Li_bgc/lib/python3.12/site-packages/Bio/SeqFeature.py:230: BiopythonDeprecationWarning: Please use .location.strand rather than .strand
  warnings.warn(
/home/wangsy/Zhuh/miniconda3/envs/Li_bgc/lib/python3.12/site-packages/Bio/SeqFeature.py:230: BiopythonDeprecationWarning: Please use .location.strand rather than .strand
  warnings.warn(
/home/wangsy/Zhuh/miniconda3/envs/Li_bgc/lib/python3.12/site-packages/Bio/SeqFeature.py:230: BiopythonDeprecationWarning: Please use .location.strand rather than .strand
  warnings.warn(
/home/wangsy/Zhuh/miniconda3/envs/Li_bgc/lib/python3.12/site-packages/Bio/SeqFeature.py:230: BiopythonDeprecationWarning: Please use .location.strand rather than .strand
  warnings.warn(
/home/wangsy/Zhuh/miniconda3/envs/Li_bgc/lib/python3.12/site-packages/Bio/SeqFeature.py:230: BiopythonDeprecationWarning: Please use .location.strand rather than .strand
  warnings.warn(
/home/wangsy/Zhuh/miniconda3/envs/Li_bgc/lib/python3.12/site-packages/Bio/SeqFeature.py:230: BiopythonDeprecationWarning: Please use .location.strand rather than .strand
  warnings.warn(
/home/wangsy/Zhuh/miniconda3/envs/Li_bgc/lib/python3.12/site-packages/Bio/SeqFeature.py:230: BiopythonDeprecationWarning: Please use .location.strand rather than .strand
  warnings.warn(
/home/wangsy/Zhuh/miniconda3/envs/Li_bgc/lib/python3.12/site-packages/Bio/SeqFeature.py:230: BiopythonDeprecationWarning: Please use .location.strand rather than .strand
  warnings.warn(
/home/wangsy/Zhuh/miniconda3/envs/Li_bgc/lib/python3.12/site-packages/Bio/SeqFeature.py:230: BiopythonDeprecationWarning: Please use .location.strand rather than .strand
  warnings.warn(
/home/wangsy/Zhuh/miniconda3/envs/Li_bgc/lib/python3.12/site-packages/Bio/SeqFeature.py:230: BiopythonDeprecationWarning: Please use .location.strand rather than .strand
  warnings.warn(
/home/wangsy/Zhuh/miniconda3/envs/Li_bgc/lib/python3.12/site-packages/Bio/SeqFeature.py:230: BiopythonDeprecationWarning: Please use .location.strand rather than .strand
  warnings.warn(
/home/wangsy/Zhuh/miniconda3/envs/Li_bgc/lib/python3.12/site-packages/Bio/SeqFeature.py:230: BiopythonDeprecationWarning: Please use .location.strand rather than .strand
  warnings.warn(
/home/wangsy/Zhuh/miniconda3/envs/Li_bgc/lib/python3.12/site-packages/Bio/SeqFeature.py:230: BiopythonDeprecationWarning: Please use .location.strand rather than .strand
  warnings.warn(
/home/wangsy/Zhuh/miniconda3/envs/Li_bgc/lib/python3.12/site-packages/Bio/SeqFeature.py:230: BiopythonDeprecationWarning: Please use .location.strand rather than .strand
  warnings.warn(
/home/wangsy/Zhuh/miniconda3/envs/Li_bgc/lib/python3.12/site-packages/Bio/SeqFeature.py:230: BiopythonDeprecationWarning: Please use .location.strand rather than .strand
  warnings.warn(
/home/wangsy/Zhuh/miniconda3/envs/Li_bgc/lib/python3.12/site-packages/Bio/SeqFeature.py:230: BiopythonDeprecationWarning: Please use .location.strand rather than .strand
  warnings.warn(
/home/wangsy/Zhuh/miniconda3/envs/Li_bgc/lib/python3.12/site-packages/Bio/SeqFeature.py:230: BiopythonDeprecationWarning: Please use .location.strand rather than .strand
  warnings.warn(
/home/wangsy/Zhuh/miniconda3/envs/Li_bgc/lib/python3.12/site-packages/Bio/SeqFeature.py:230: BiopythonDeprecationWarning: Please use .location.strand rather than .strand
  warnings.warn(
/home/wangsy/Zhuh/miniconda3/envs/Li_bgc/lib/python3.12/site-packages/Bio/SeqFeature.py:230: BiopythonDeprecationWarning: Please use .location.strand rather than .strand
  warnings.warn(
/home/wangsy/Zhuh/miniconda3/envs/Li_bgc/lib/python3.12/site-packages/Bio/SeqFeature.py:230: BiopythonDeprecationWarning: Please use .location.strand rather than .strand
  warnings.warn(
/home/wangsy/Zhuh/miniconda3/envs/Li_bgc/lib/python3.12/site-packages/Bio/SeqFeature.py:230: BiopythonDeprecationWarning: Please use .location.strand rather than .strand
  warnings.warn(
/home/wangsy/Zhuh/miniconda3/envs/Li_bgc/lib/python3.12/site-packages/Bio/SeqFeature.py:230: BiopythonDeprecationWarning: Please use .location.strand rather than .strand
  warnings.warn(
/home/wangsy/Zhuh/miniconda3/envs/Li_bgc/lib/python3.12/site-packages/Bio/SeqFeature.py:230: BiopythonDeprecationWarning: Please use .location.strand rather than .strand
  warnings.warn(
/home/wangsy/Zhuh/miniconda3/envs/Li_bgc/lib/python3.12/site-packages/Bio/SeqFeature.py:230: BiopythonDeprecationWarning: Please use .location.strand rather than .strand
  warnings.warn(
/home/wangsy/Zhuh/miniconda3/envs/Li_bgc/lib/python3.12/site-packages/Bio/SeqFeature.py:230: BiopythonDeprecationWarning: Please use .location.strand rather than .strand
  warnings.warn(
/home/wangsy/Zhuh/miniconda3/envs/Li_bgc/lib/python3.12/site-packages/Bio/SeqFeature.py:230: BiopythonDeprecationWarning: Please use .location.strand rather than .strand
  warnings.warn(
/home/wangsy/Zhuh/miniconda3/envs/Li_bgc/lib/python3.12/site-packages/Bio/SeqFeature.py:230: BiopythonDeprecationWarning: Please use .location.strand rather than .strand
  warnings.warn(
/home/wangsy/Zhuh/miniconda3/envs/Li_bgc/lib/python3.12/site-packages/Bio/SeqFeature.py:230: BiopythonDeprecationWarning: Please use .location.strand rather than .strand
  warnings.warn(
/home/wangsy/Zhuh/miniconda3/envs/Li_bgc/lib/python3.12/site-packages/Bio/SeqFeature.py:230: BiopythonDeprecationWarning: Please use .location.strand rather than .strand
  warnings.warn(
/home/wangsy/Zhuh/miniconda3/envs/Li_bgc/lib/python3.12/site-packages/Bio/SeqFeature.py:230: BiopythonDeprecationWarning: Please use .location.strand rather than .strand
  warnings.warn(
/home/wangsy/Zhuh/miniconda3/envs/Li_bgc/lib/python3.12/site-packages/Bio/SeqFeature.py:230: BiopythonDeprecationWarning: Please use .location.strand rather than .strand
  warnings.warn(
/home/wangsy/Zhuh/miniconda3/envs/Li_bgc/lib/python3.12/site-packages/Bio/SeqFeature.py:230: BiopythonDeprecationWarning: Please use .location.strand rather than .strand
  warnings.warn(
/home/wangsy/Zhuh/miniconda3/envs/Li_bgc/lib/python3.12/site-packages/Bio/SeqFeature.py:230: BiopythonDeprecationWarning: Please use .location.strand rather than .strand
  warnings.warn(
/home/wangsy/Zhuh/miniconda3/envs/Li_bgc/lib/python3.12/site-packages/Bio/SeqFeature.py:230: BiopythonDeprecationWarning: Please use .location.strand rather than .strand
  warnings.warn(
/home/wangsy/Zhuh/miniconda3/envs/Li_bgc/lib/python3.12/site-packages/Bio/SeqFeature.py:230: BiopythonDeprecationWarning: Please use .location.strand rather than .strand
  warnings.warn(
/home/wangsy/Zhuh/miniconda3/envs/Li_bgc/lib/python3.12/site-packages/Bio/SeqFeature.py:230: BiopythonDeprecationWarning: Please use .location.strand rather than .strand
  warnings.warn(
/home/wangsy/Zhuh/miniconda3/envs/Li_bgc/lib/python3.12/site-packages/Bio/SeqFeature.py:230: BiopythonDeprecationWarning: Please use .location.strand rather than .strand
  warnings.warn(
/home/wangsy/Zhuh/miniconda3/envs/Li_bgc/lib/python3.12/site-packages/Bio/SeqFeature.py:230: BiopythonDeprecationWarning: Please use .location.strand rather than .strand
  warnings.warn(
/home/wangsy/Zhuh/miniconda3/envs/Li_bgc/lib/python3.12/site-packages/Bio/SeqFeature.py:230: BiopythonDeprecationWarning: Please use .location.strand rather than .strand
  warnings.warn(
/home/wangsy/Zhuh/miniconda3/envs/Li_bgc/lib/python3.12/site-packages/Bio/SeqFeature.py:230: BiopythonDeprecationWarning: Please use .location.strand rather than .strand
  warnings.warn(
/home/wangsy/Zhuh/miniconda3/envs/Li_bgc/lib/python3.12/site-packages/Bio/SeqFeature.py:230: BiopythonDeprecationWarning: Please use .location.strand rather than .strand
  warnings.warn(
/home/wangsy/Zhuh/miniconda3/envs/Li_bgc/lib/python3.12/site-packages/Bio/SeqFeature.py:230: BiopythonDeprecationWarning: Please use .location.strand rather than .strand
  warnings.warn(
/home/wangsy/Zhuh/miniconda3/envs/Li_bgc/lib/python3.12/site-packages/Bio/SeqFeature.py:230: BiopythonDeprecationWarning: Please use .location.strand rather than .strand
  warnings.warn(
/home/wangsy/Zhuh/miniconda3/envs/Li_bgc/lib/python3.12/site-packages/Bio/SeqFeature.py:230: BiopythonDeprecationWarning: Please use .location.strand rather than .strand
  warnings.warn(
/home/wangsy/Zhuh/miniconda3/envs/Li_bgc/lib/python3.12/site-packages/Bio/SeqFeature.py:230: BiopythonDeprecationWarning: Please use .location.strand rather than .strand
  warnings.warn(
/home/wangsy/Zhuh/miniconda3/envs/Li_bgc/lib/python3.12/site-packages/Bio/SeqFeature.py:230: BiopythonDeprecationWarning: Please use .location.strand rather than .strand
  warnings.warn(
/home/wangsy/Zhuh/miniconda3/envs/Li_bgc/lib/python3.12/site-packages/Bio/SeqFeature.py:230: BiopythonDeprecationWarning: Please use .location.strand rather than .strand
  warnings.warn(
/home/wangsy/Zhuh/miniconda3/envs/Li_bgc/lib/python3.12/site-packages/Bio/SeqFeature.py:230: BiopythonDeprecationWarning: Please use .location.strand rather than .strand
  warnings.warn(
/home/wangsy/Zhuh/miniconda3/envs/Li_bgc/lib/python3.12/site-packages/Bio/SeqFeature.py:230: BiopythonDeprecationWarning: Please use .location.strand rather than .strand
  warnings.warn(
/home/wangsy/Zhuh/miniconda3/envs/Li_bgc/lib/python3.12/site-packages/Bio/SeqFeature.py:230: BiopythonDeprecationWarning: Please use .location.strand rather than .strand
  warnings.warn(
/home/wangsy/Zhuh/miniconda3/envs/Li_bgc/lib/python3.12/site-packages/Bio/SeqFeature.py:230: BiopythonDeprecationWarning: Please use .location.strand rather than .strand
  warnings.warn(
/home/wangsy/Zhuh/miniconda3/envs/Li_bgc/lib/python3.12/site-packages/Bio/SeqFeature.py:230: BiopythonDeprecationWarning: Please use .location.strand rather than .strand
  warnings.warn(
/home/wangsy/Zhuh/miniconda3/envs/Li_bgc/lib/python3.12/site-packages/Bio/SeqFeature.py:230: BiopythonDeprecationWarning: Please use .location.strand rather than .strand
  warnings.warn(
/home/wangsy/Zhuh/miniconda3/envs/Li_bgc/lib/python3.12/site-packages/Bio/SeqFeature.py:230: BiopythonDeprecationWarning: Please use .location.strand rather than .strand
  warnings.warn(
/home/wangsy/Zhuh/miniconda3/envs/Li_bgc/lib/python3.12/site-packages/Bio/SeqFeature.py:230: BiopythonDeprecationWarning: Please use .location.strand rather than .strand
  warnings.warn(
/home/wangsy/Zhuh/miniconda3/envs/Li_bgc/lib/python3.12/site-packages/Bio/SeqFeature.py:230: BiopythonDeprecationWarning: Please use .location.strand rather than .strand
  warnings.warn(
/home/wangsy/Zhuh/miniconda3/envs/Li_bgc/lib/python3.12/site-packages/Bio/SeqFeature.py:230: BiopythonDeprecationWarning: Please use .location.strand rather than .strand
  warnings.warn(
/home/wangsy/Zhuh/miniconda3/envs/Li_bgc/lib/python3.12/site-packages/Bio/SeqFeature.py:230: BiopythonDeprecationWarning: Please use .location.strand rather than .strand
  warnings.warn(
/home/wangsy/Zhuh/miniconda3/envs/Li_bgc/lib/python3.12/site-packages/Bio/SeqFeature.py:230: BiopythonDeprecationWarning: Please use .location.strand rather than .strand
  warnings.warn(
creating output folder...
Loading database into memory (this can take a while)...
[0.6216342449188232s] loading sqlite3 database
Using HMM database version 'bigslice-models-2022-11-30' (built using antiSMASH version 7.0.0)
Loading HMM databases...
[15.096426010131836s] loading hmm databases
processing dataset: complete_set...
Found 0 BGCs from 0 GBKs, another 657 to be parsed.
Parsing and inserting 657 GBKs...
  0%|          | 0/657 [00:00<?, ?it/s]/home/wangsy/Zhuh/miniconda3/envs/Li_bgc/lib/python3.12/site-packages/Bio/SeqFeature.py:230: BiopythonDeprecationWarning: Please use .location.strand rather than .strand
  warnings.warn(
/home/wangsy/Zhuh/miniconda3/envs/Li_bgc/lib/python3.12/site-packages/Bio/SeqFeature.py:230: BiopythonDeprecationWarning: Please use .location.strand rather than .strand
  warnings.warn(
/home/wangsy/Zhuh/miniconda3/envs/Li_bgc/lib/python3.12/site-packages/Bio/SeqFeature.py:230: BiopythonDeprecationWarning: Please use .location.strand rather than .strand
  warnings.warn(
/home/wangsy/Zhuh/miniconda3/envs/Li_bgc/lib/python3.12/site-packages/Bio/SeqFeature.py:230: BiopythonDeprecationWarning: Please use .location.strand rather than .strand
  warnings.warn(
/home/wangsy/Zhuh/miniconda3/envs/Li_bgc/lib/python3.12/site-packages/Bio/SeqFeature.py:230: BiopythonDeprecationWarning: Please use .location.strand rather than .strand
  warnings.warn(
/home/wangsy/Zhuh/miniconda3/envs/Li_bgc/lib/python3.12/site-packages/Bio/SeqFeature.py:230: BiopythonDeprecationWarning: Please use .location.strand rather than .strand
  warnings.warn(
/home/wangsy/Zhuh/miniconda3/envs/Li_bgc/lib/python3.12/site-packages/Bio/SeqFeature.py:230: BiopythonDeprecationWarning: Please use .location.strand rather than .strand
  warnings.warn(
/home/wangsy/Zhuh/miniconda3/envs/Li_bgc/lib/python3.12/site-packages/Bio/SeqFeature.py:230: BiopythonDeprecationWarning: Please use .location.strand rather than .strand
  warnings.warn(
/home/wangsy/Zhuh/miniconda3/envs/Li_bgc/lib/python3.12/site-packages/Bio/SeqFeature.py:230: BiopythonDeprecationWarning: Please use .location.strand rather than .strand
  warnings.warn(
/home/wangsy/Zhuh/miniconda3/envs/Li_bgc/lib/python3.12/site-packages/Bio/SeqFeature.py:230: BiopythonDeprecationWarning: Please use .location.strand rather than .strand
  warnings.warn(
/home/wangsy/Zhuh/miniconda3/envs/Li_bgc/lib/python3.12/site-packages/Bio/SeqFeature.py:230: BiopythonDeprecationWarning: Please use .location.strand rather than .strand
  warnings.warn(
/home/wangsy/Zhuh/miniconda3/envs/Li_bgc/lib/python3.12/site-packages/Bio/SeqFeature.py:230: BiopythonDeprecationWarning: Please use .location.strand rather than .strand
  warnings.warn(
/home/wangsy/Zhuh/miniconda3/envs/Li_bgc/lib/python3.12/site-packages/Bio/SeqFeature.py:230: BiopythonDeprecationWarning: Please use .location.strand rather than .strand
  warnings.warn(
/home/wangsy/Zhuh/miniconda3/envs/Li_bgc/lib/python3.12/site-packages/Bio/SeqFeature.py:230: BiopythonDeprecationWarning: Please use .location.strand rather than .strand
  warnings.warn(
/home/wangsy/Zhuh/miniconda3/envs/Li_bgc/lib/python3.12/site-packages/Bio/SeqFeature.py:230: BiopythonDeprecationWarning: Please use .location.strand rather than .strand
  warnings.warn(
/home/wangsy/Zhuh/miniconda3/envs/Li_bgc/lib/python3.12/site-packages/Bio/SeqFeature.py:230: BiopythonDeprecationWarning: Please use .location.strand rather than .strand
  warnings.warn(
/home/wangsy/Zhuh/miniconda3/envs/Li_bgc/lib/python3.12/site-packages/Bio/SeqFeature.py:230: BiopythonDeprecationWarning: Please use .location.strand rather than .strand
  warnings.warn(
/home/wangsy/Zhuh/miniconda3/envs/Li_bgc/lib/python3.12/site-packages/Bio/SeqFeature.py:230: BiopythonDeprecationWarning: Please use .location.strand rather than .strand
  warnings.warn(
/home/wangsy/Zhuh/miniconda3/envs/Li_bgc/lib/python3.12/site-packages/Bio/SeqFeature.py:230: BiopythonDeprecationWarning: Please use .location.strand rather than .strand
  warnings.warn(
/home/wangsy/Zhuh/miniconda3/envs/Li_bgc/lib/python3.12/site-packages/Bio/SeqFeature.py:230: BiopythonDeprecationWarning: Please use .location.strand rather than .strand
  warnings.warn(
/home/wangsy/Zhuh/miniconda3/envs/Li_bgc/lib/python3.12/site-packages/Bio/SeqFeature.py:230: BiopythonDeprecationWarning: Please use .location.strand rather than .strand
  warnings.warn(
/home/wangsy/Zhuh/miniconda3/envs/Li_bgc/lib/python3.12/site-packages/Bio/SeqFeature.py:230: BiopythonDeprecationWarning: Please use .location.strand rather than .strand
  warnings.warn(
/home/wangsy/Zhuh/miniconda3/envs/Li_bgc/lib/python3.12/site-packages/Bio/SeqFeature.py:230: BiopythonDeprecationWarning: Please use .location.strand rather than .strand
  warnings.warn(
/home/wangsy/Zhuh/miniconda3/envs/Li_bgc/lib/python3.12/site-packages/Bio/SeqFeature.py:230: BiopythonDeprecationWarning: Please use .location.strand rather than .strand
  warnings.warn(
/home/wangsy/Zhuh/miniconda3/envs/Li_bgc/lib/python3.12/site-packages/Bio/SeqFeature.py:230: BiopythonDeprecationWarning: Please use .location.strand rather than .strand
  warnings.warn(
/home/wangsy/Zhuh/miniconda3/envs/Li_bgc/lib/python3.12/site-packages/Bio/SeqFeature.py:230: BiopythonDeprecationWarning: Please use .location.strand rather than .strand
  warnings.warn(
/home/wangsy/Zhuh/miniconda3/envs/Li_bgc/lib/python3.12/site-packages/Bio/SeqFeature.py:230: BiopythonDeprecationWarning: Please use .location.strand rather than .strand
  warnings.warn(
/home/wangsy/Zhuh/miniconda3/envs/Li_bgc/lib/python3.12/site-packages/Bio/SeqFeature.py:230: BiopythonDeprecationWarning: Please use .location.strand rather than .strand
  warnings.warn(
/home/wangsy/Zhuh/miniconda3/envs/Li_bgc/lib/python3.12/site-packages/Bio/SeqFeature.py:230: BiopythonDeprecationWarning: Please use .location.strand rather than .strand
  warnings.warn(
/home/wangsy/Zhuh/miniconda3/envs/Li_bgc/lib/python3.12/site-packages/Bio/SeqFeature.py:230: BiopythonDeprecationWarning: Please use .location.strand rather than .strand
  warnings.warn(
/home/wangsy/Zhuh/miniconda3/envs/Li_bgc/lib/python3.12/site-packages/Bio/SeqFeature.py:230: BiopythonDeprecationWarning: Please use .location.strand rather than .strand
  warnings.warn(
/home/wangsy/Zhuh/miniconda3/envs/Li_bgc/lib/python3.12/site-packages/Bio/SeqFeature.py:230: BiopythonDeprecationWarning: Please use .location.strand rather than .strand
  warnings.warn(
/home/wangsy/Zhuh/miniconda3/envs/Li_bgc/lib/python3.12/site-packages/Bio/SeqFeature.py:230: BiopythonDeprecationWarning: Please use .location.strand rather than .strand
  warnings.warn(
/home/wangsy/Zhuh/miniconda3/envs/Li_bgc/lib/python3.12/site-packages/Bio/SeqFeature.py:230: BiopythonDeprecationWarning: Please use .location.strand rather than .strand
  warnings.warn(
/home/wangsy/Zhuh/miniconda3/envs/Li_bgc/lib/python3.12/site-packages/Bio/SeqFeature.py:230: BiopythonDeprecationWarning: Please use .location.strand rather than .strand
  warnings.warn(
/home/wangsy/Zhuh/miniconda3/envs/Li_bgc/lib/python3.12/site-packages/Bio/SeqFeature.py:230: BiopythonDeprecationWarning: Please use .location.strand rather than .strand
  warnings.warn(
/home/wangsy/Zhuh/miniconda3/envs/Li_bgc/lib/python3.12/site-packages/Bio/SeqFeature.py:230: BiopythonDeprecationWarning: Please use .location.strand rather than .strand
  warnings.warn(
/home/wangsy/Zhuh/miniconda3/envs/Li_bgc/lib/python3.12/site-packages/Bio/SeqFeature.py:230: BiopythonDeprecationWarning: Please use .location.strand rather than .strand
  warnings.warn(
/home/wangsy/Zhuh/miniconda3/envs/Li_bgc/lib/python3.12/site-packages/Bio/SeqFeature.py:230: BiopythonDeprecationWarning: Please use .location.strand rather than .strand
  warnings.warn(
/home/wangsy/Zhuh/miniconda3/envs/Li_bgc/lib/python3.12/site-packages/Bio/SeqFeature.py:230: BiopythonDeprecationWarning: Please use .location.strand rather than .strand
  warnings.warn(
/home/wangsy/Zhuh/miniconda3/envs/Li_bgc/lib/python3.12/site-packages/Bio/SeqFeature.py:230: BiopythonDeprecationWarning: Please use .location.strand rather than .strand
  warnings.warn(
/home/wangsy/Zhuh/miniconda3/envs/Li_bgc/lib/python3.12/site-packages/Bio/SeqFeature.py:230: BiopythonDeprecationWarning: Please use .location.strand rather than .strand
  warnings.warn(
/home/wangsy/Zhuh/miniconda3/envs/Li_bgc/lib/python3.12/site-packages/Bio/SeqFeature.py:230: BiopythonDeprecationWarning: Please use .location.strand rather than .strand
  warnings.warn(
/home/wangsy/Zhuh/miniconda3/envs/Li_bgc/lib/python3.12/site-packages/Bio/SeqFeature.py:230: BiopythonDeprecationWarning: Please use .location.strand rather than .strand
  warnings.warn(
/home/wangsy/Zhuh/miniconda3/envs/Li_bgc/lib/python3.12/site-packages/Bio/SeqFeature.py:230: BiopythonDeprecationWarning: Please use .location.strand rather than .strand
  warnings.warn(
/home/wangsy/Zhuh/miniconda3/envs/Li_bgc/lib/python3.12/site-packages/Bio/SeqFeature.py:230: BiopythonDeprecationWarning: Please use .location.strand rather than .strand
  warnings.warn(
/home/wangsy/Zhuh/miniconda3/envs/Li_bgc/lib/python3.12/site-packages/Bio/SeqFeature.py:230: BiopythonDeprecationWarning: Please use .location.strand rather than .strand
  warnings.warn(
/home/wangsy/Zhuh/miniconda3/envs/Li_bgc/lib/python3.12/site-packages/Bio/SeqFeature.py:230: BiopythonDeprecationWarning: Please use .location.strand rather than .strand
  warnings.warn(
/home/wangsy/Zhuh/miniconda3/envs/Li_bgc/lib/python3.12/site-packages/Bio/SeqFeature.py:230: BiopythonDeprecationWarning: Please use .location.strand rather than .strand
  warnings.warn(
/home/wangsy/Zhuh/miniconda3/envs/Li_bgc/lib/python3.12/site-packages/Bio/SeqFeature.py:230: BiopythonDeprecationWarning: Please use .location.strand rather than .strand
  warnings.warn(
/home/wangsy/Zhuh/miniconda3/envs/Li_bgc/lib/python3.12/site-packages/Bio/SeqFeature.py:230: BiopythonDeprecationWarning: Please use .location.strand rather than .strand
  warnings.warn(
/home/wangsy/Zhuh/miniconda3/envs/Li_bgc/lib/python3.12/site-packages/Bio/SeqFeature.py:230: BiopythonDeprecationWarning: Please use .location.strand rather than .strand
  warnings.warn(
/home/wangsy/Zhuh/miniconda3/envs/Li_bgc/lib/python3.12/site-packages/Bio/SeqFeature.py:230: BiopythonDeprecationWarning: Please use .location.strand rather than .strand
  warnings.warn(
/home/wangsy/Zhuh/miniconda3/envs/Li_bgc/lib/python3.12/site-packages/Bio/SeqFeature.py:230: BiopythonDeprecationWarning: Please use .location.strand rather than .strand
  warnings.warn(
/home/wangsy/Zhuh/miniconda3/envs/Li_bgc/lib/python3.12/site-packages/Bio/SeqFeature.py:230: BiopythonDeprecationWarning: Please use .location.strand rather than .strand
  warnings.warn(
/home/wangsy/Zhuh/miniconda3/envs/Li_bgc/lib/python3.12/site-packages/Bio/SeqFeature.py:230: BiopythonDeprecationWarning: Please use .location.strand rather than .strand
  warnings.warn(
/home/wangsy/Zhuh/miniconda3/envs/Li_bgc/lib/python3.12/site-packages/Bio/SeqFeature.py:230: BiopythonDeprecationWarning: Please use .location.strand rather than .strand
  warnings.warn(
/home/wangsy/Zhuh/miniconda3/envs/Li_bgc/lib/python3.12/site-packages/Bio/SeqFeature.py:230: BiopythonDeprecationWarning: Please use .location.strand rather than .strand
  warnings.warn(
/home/wangsy/Zhuh/miniconda3/envs/Li_bgc/lib/python3.12/site-packages/Bio/SeqFeature.py:230: BiopythonDeprecationWarning: Please use .location.strand rather than .strand
  warnings.warn(
/home/wangsy/Zhuh/miniconda3/envs/Li_bgc/lib/python3.12/site-packages/Bio/SeqFeature.py:230: BiopythonDeprecationWarning: Please use .location.strand rather than .strand
  warnings.warn(
/home/wangsy/Zhuh/miniconda3/envs/Li_bgc/lib/python3.12/site-packages/Bio/SeqFeature.py:230: BiopythonDeprecationWarning: Please use .location.strand rather than .strand
  warnings.warn(
/home/wangsy/Zhuh/miniconda3/envs/Li_bgc/lib/python3.12/site-packages/Bio/SeqFeature.py:230: BiopythonDeprecationWarning: Please use .location.strand rather than .strand
  warnings.warn(
/home/wangsy/Zhuh/miniconda3/envs/Li_bgc/lib/python3.12/site-packages/Bio/SeqFeature.py:230: BiopythonDeprecationWarning: Please use .location.strand rather than .strand
  warnings.warn(
/home/wangsy/Zhuh/miniconda3/envs/Li_bgc/lib/python3.12/site-packages/Bio/SeqFeature.py:230: BiopythonDeprecationWarning: Please use .location.strand rather than .strand
  warnings.warn(
/home/wangsy/Zhuh/miniconda3/envs/Li_bgc/lib/python3.12/site-packages/Bio/SeqFeature.py:230: BiopythonDeprecationWarning: Please use .location.strand rather than .strand
  warnings.warn(
/home/wangsy/Zhuh/miniconda3/envs/Li_bgc/lib/python3.12/site-packages/Bio/SeqFeature.py:230: BiopythonDeprecationWarning: Please use .location.strand rather than .strand
  warnings.warn(
/home/wangsy/Zhuh/miniconda3/envs/Li_bgc/lib/python3.12/site-packages/Bio/SeqFeature.py:230: BiopythonDeprecationWarning: Please use .location.strand rather than .strand
  warnings.warn(
/home/wangsy/Zhuh/miniconda3/envs/Li_bgc/lib/python3.12/site-packages/Bio/SeqFeature.py:230: BiopythonDeprecationWarning: Please use .location.strand rather than .strand
  warnings.warn(
/home/wangsy/Zhuh/miniconda3/envs/Li_bgc/lib/python3.12/site-packages/Bio/SeqFeature.py:230: BiopythonDeprecationWarning: Please use .location.strand rather than .strand
  warnings.warn(
/home/wangsy/Zhuh/miniconda3/envs/Li_bgc/lib/python3.12/site-packages/Bio/SeqFeature.py:230: BiopythonDeprecationWarning: Please use .location.strand rather than .strand
  warnings.warn(
/home/wangsy/Zhuh/miniconda3/envs/Li_bgc/lib/python3.12/site-packages/Bio/SeqFeature.py:230: BiopythonDeprecationWarning: Please use .location.strand rather than .strand
  warnings.warn(
/home/wangsy/Zhuh/miniconda3/envs/Li_bgc/lib/python3.12/site-packages/Bio/SeqFeature.py:230: BiopythonDeprecationWarning: Please use .location.strand rather than .strand
  warnings.warn(
/home/wangsy/Zhuh/miniconda3/envs/Li_bgc/lib/python3.12/site-packages/Bio/SeqFeature.py:230: BiopythonDeprecationWarning: Please use .location.strand rather than .strand
  warnings.warn(
/home/wangsy/Zhuh/miniconda3/envs/Li_bgc/lib/python3.12/site-packages/Bio/SeqFeature.py:230: BiopythonDeprecationWarning: Please use .location.strand rather than .strand
  warnings.warn(
/home/wangsy/Zhuh/miniconda3/envs/Li_bgc/lib/python3.12/site-packages/Bio/SeqFeature.py:230: BiopythonDeprecationWarning: Please use .location.strand rather than .strand
  warnings.warn(
100%|| 657/657 [00:00<00:00, 1546.07it/s]
Inserted 657 new BGCs.
Parsing and inserting taxonomy information...
0it [00:00, ?it/s]381it [00:00, 804.66it/s]
Added taxonomy info for 657 BGCs...
[3.1343982219696045s] processing dataset: complete_set
Found 657 BGC(s) from 1 dataset(s)
Checking run status of 657 BGCs...
  0%|          | 0/657 [00:00<?, ?it/s]100%|| 657/657 [00:00<00:00, 1377828.86it/s]
[0.025658369064331055s] checking run status
Doing biosyn_pfam scan on 657 BGCs...
  0%|          | 0/657 [00:00<?, ?it/s]100%|| 657/657 [00:00<00:00, 6748.36it/s]
0 BGCs are already scanned in previous run
Preparing fasta files for hmmscans...
  0%|          | 0/657 [00:00<?, ?it/s]100%|| 657/657 [00:00<00:00, 1748.65it/s]
Running hmmsearch in parallel...657 BGCs (in 329 chunks)
  0%|          | 0/657 [00:00<?, ?it/s]  0%|          | 2/657 [00:06<36:54,  3.38s/it]  1%|          | 4/657 [00:12<34:38,  3.18s/it]  1%|          | 6/657 [00:19<34:33,  3.18s/it]  1%|          | 8/657 [00:25<33:29,  3.10s/it]  2%|         | 10/657 [00:31<33:14,  3.08s/it]  2%|         | 12/657 [00:37<33:39,  3.13s/it]  2%|         | 14/657 [00:43<33:02,  3.08s/it]  2%|         | 16/657 [00:49<32:44,  3.06s/it]  3%|         | 18/657 [00:54<30:23,  2.85s/it]  3%|         | 20/657 [00:59<29:12,  2.75s/it]  3%|         | 22/657 [01:05<30:00,  2.83s/it]  4%|         | 24/657 [01:11<29:48,  2.83s/it]  4%|         | 26/657 [01:19<33:13,  3.16s/it]  4%|         | 28/657 [01:24<31:27,  3.00s/it]  5%|         | 30/657 [01:29<30:21,  2.91s/it]  5%|         | 32/657 [01:34<29:22,  2.82s/it]  5%|         | 34/657 [01:40<29:22,  2.83s/it]  5%|         | 36/657 [01:45<28:32,  2.76s/it]  6%|         | 38/657 [01:52<29:39,  2.87s/it]  6%|         | 40/657 [01:56<26:47,  2.61s/it]  6%|         | 42/657 [02:02<28:18,  2.76s/it]  7%|         | 44/657 [02:08<28:47,  2.82s/it]  7%|         | 46/657 [02:13<28:05,  2.76s/it]  7%|         | 48/657 [02:19<29:14,  2.88s/it]  8%|         | 50/657 [02:23<26:41,  2.64s/it]  8%|         | 52/657 [02:28<25:03,  2.49s/it]  8%|         | 54/657 [02:32<24:10,  2.41s/it]  9%|         | 56/657 [02:36<22:44,  2.27s/it]  9%|         | 58/657 [02:41<22:48,  2.28s/it]  9%|         | 60/657 [02:48<26:15,  2.64s/it]  9%|         | 62/657 [02:53<27:02,  2.73s/it] 10%|         | 64/657 [02:59<27:30,  2.78s/it] 10%|         | 66/657 [03:05<28:17,  2.87s/it] 10%|         | 68/657 [03:11<28:12,  2.87s/it] 11%|         | 70/657 [03:17<28:35,  2.92s/it] 11%|         | 72/657 [03:24<30:02,  3.08s/it] 11%|        | 74/657 [03:30<28:53,  2.97s/it] 12%|        | 76/657 [03:36<28:59,  2.99s/it] 12%|        | 78/657 [03:41<28:17,  2.93s/it] 12%|        | 80/657 [03:47<28:11,  2.93s/it] 12%|        | 82/657 [03:53<27:45,  2.90s/it] 13%|        | 84/657 [03:59<27:51,  2.92s/it] 13%|        | 86/657 [04:04<27:29,  2.89s/it] 13%|        | 88/657 [04:10<26:54,  2.84s/it] 14%|        | 90/657 [04:15<26:31,  2.81s/it] 14%|        | 92/657 [04:20<25:48,  2.74s/it] 14%|        | 94/657 [04:27<26:45,  2.85s/it] 15%|        | 96/657 [04:33<27:34,  2.95s/it] 15%|        | 98/657 [04:39<27:23,  2.94s/it] 15%|        | 100/657 [04:45<27:29,  2.96s/it] 16%|        | 102/657 [04:50<26:54,  2.91s/it] 16%|        | 104/657 [04:56<26:42,  2.90s/it] 16%|        | 106/657 [05:02<26:21,  2.87s/it] 16%|        | 108/657 [05:08<27:23,  2.99s/it] 17%|        | 110/657 [05:14<27:02,  2.97s/it] 17%|        | 112/657 [05:19<25:54,  2.85s/it] 17%|        | 114/657 [05:25<25:39,  2.83s/it] 18%|        | 116/657 [05:30<25:13,  2.80s/it] 18%|        | 118/657 [05:35<24:15,  2.70s/it] 18%|        | 120/657 [05:41<24:45,  2.77s/it] 19%|        | 122/657 [05:47<25:36,  2.87s/it] 19%|        | 124/657 [05:51<23:03,  2.59s/it] 19%|        | 126/657 [05:57<23:05,  2.61s/it] 19%|        | 128/657 [06:02<23:42,  2.69s/it] 20%|        | 130/657 [06:08<24:20,  2.77s/it] 20%|        | 132/657 [06:15<25:38,  2.93s/it] 20%|        | 134/657 [06:20<24:38,  2.83s/it] 21%|        | 136/657 [06:26<24:47,  2.86s/it] 21%|        | 138/657 [06:32<24:59,  2.89s/it] 21%|       | 140/657 [06:38<25:14,  2.93s/it] 22%|       | 142/657 [06:44<25:39,  2.99s/it] 22%|       | 144/657 [06:50<25:23,  2.97s/it] 22%|       | 146/657 [06:56<25:15,  2.97s/it] 23%|       | 148/657 [07:02<24:53,  2.93s/it] 23%|       | 150/657 [07:08<25:17,  2.99s/it] 23%|       | 152/657 [07:14<25:16,  3.00s/it] 23%|       | 154/657 [07:18<23:16,  2.78s/it] 24%|       | 156/657 [07:23<22:10,  2.66s/it] 24%|       | 158/657 [07:29<22:34,  2.71s/it] 24%|       | 160/657 [07:35<22:47,  2.75s/it] 25%|       | 162/657 [07:40<22:55,  2.78s/it] 25%|       | 164/657 [07:46<23:44,  2.89s/it] 25%|       | 166/657 [07:52<23:21,  2.85s/it] 26%|       | 168/657 [07:59<24:11,  2.97s/it] 26%|       | 170/657 [08:05<24:12,  2.98s/it] 26%|       | 172/657 [08:11<24:29,  3.03s/it] 26%|       | 174/657 [08:17<24:14,  3.01s/it] 27%|       | 176/657 [08:23<23:55,  2.99s/it] 27%|       | 178/657 [08:26<21:18,  2.67s/it] 27%|       | 180/657 [08:32<21:08,  2.66s/it] 28%|       | 182/657 [08:38<21:48,  2.75s/it] 28%|       | 184/657 [08:43<21:18,  2.70s/it] 28%|       | 186/657 [08:48<20:57,  2.67s/it] 29%|       | 188/657 [08:53<20:32,  2.63s/it] 29%|       | 190/657 [08:58<19:41,  2.53s/it] 29%|       | 192/657 [09:04<20:38,  2.66s/it] 30%|       | 194/657 [09:08<19:52,  2.58s/it] 30%|       | 196/657 [09:13<19:15,  2.51s/it] 30%|       | 198/657 [09:19<19:41,  2.57s/it] 30%|       | 200/657 [09:25<20:33,  2.70s/it] 31%|       | 202/657 [09:31<21:08,  2.79s/it] 31%|       | 204/657 [09:36<20:52,  2.76s/it] 31%|      | 206/657 [09:42<21:27,  2.86s/it] 32%|      | 208/657 [09:47<20:43,  2.77s/it] 32%|      | 210/657 [09:53<21:13,  2.85s/it] 32%|      | 212/657 [09:59<20:43,  2.80s/it] 33%|      | 214/657 [10:04<19:50,  2.69s/it] 33%|      | 216/657 [10:10<20:38,  2.81s/it] 33%|      | 218/657 [10:15<19:51,  2.71s/it] 33%|      | 220/657 [10:20<20:01,  2.75s/it] 34%|      | 222/657 [10:26<20:04,  2.77s/it] 34%|      | 224/657 [10:31<19:49,  2.75s/it] 34%|      | 226/657 [10:36<19:13,  2.68s/it] 35%|      | 228/657 [10:42<19:38,  2.75s/it] 35%|      | 230/657 [10:47<18:53,  2.65s/it] 35%|      | 232/657 [10:53<19:16,  2.72s/it] 36%|      | 234/657 [10:59<19:48,  2.81s/it] 36%|      | 236/657 [11:05<19:55,  2.84s/it] 36%|      | 238/657 [11:10<19:26,  2.78s/it] 37%|      | 240/657 [11:16<20:09,  2.90s/it] 37%|      | 242/657 [11:22<19:43,  2.85s/it] 37%|      | 244/657 [11:27<18:45,  2.72s/it] 37%|      | 246/657 [11:31<17:52,  2.61s/it] 38%|      | 248/657 [11:37<18:26,  2.70s/it] 38%|      | 250/657 [11:43<18:52,  2.78s/it] 38%|      | 252/657 [11:50<19:58,  2.96s/it] 39%|      | 254/657 [11:55<19:13,  2.86s/it] 39%|      | 256/657 [12:01<19:01,  2.85s/it] 39%|      | 258/657 [12:06<18:33,  2.79s/it] 40%|      | 260/657 [12:12<18:35,  2.81s/it] 40%|      | 262/657 [12:19<19:34,  2.97s/it] 40%|      | 264/657 [12:24<19:11,  2.93s/it] 40%|      | 266/657 [12:30<18:49,  2.89s/it] 41%|      | 268/657 [12:36<19:04,  2.94s/it] 41%|      | 270/657 [12:40<17:31,  2.72s/it] 41%|     | 272/657 [12:45<16:52,  2.63s/it] 42%|     | 274/657 [12:52<18:16,  2.86s/it] 42%|     | 276/657 [12:58<18:13,  2.87s/it] 42%|     | 278/657 [13:04<18:15,  2.89s/it] 43%|     | 280/657 [13:08<16:32,  2.63s/it] 43%|     | 282/657 [13:13<16:47,  2.69s/it] 43%|     | 284/657 [13:19<16:49,  2.71s/it] 44%|     | 286/657 [13:25<17:19,  2.80s/it] 44%|     | 288/657 [13:30<16:59,  2.76s/it] 44%|     | 290/657 [13:36<17:28,  2.86s/it] 44%|     | 292/657 [13:41<16:10,  2.66s/it] 45%|     | 294/657 [13:46<16:21,  2.70s/it] 45%|     | 296/657 [13:52<16:50,  2.80s/it] 45%|     | 298/657 [13:58<17:10,  2.87s/it] 46%|     | 300/657 [14:04<17:13,  2.89s/it] 46%|     | 302/657 [14:10<17:23,  2.94s/it] 46%|     | 304/657 [14:17<17:37,  3.00s/it] 47%|     | 306/657 [14:22<17:05,  2.92s/it] 47%|     | 308/657 [14:28<17:14,  2.96s/it] 47%|     | 310/657 [14:35<18:00,  3.11s/it] 47%|     | 312/657 [14:41<17:36,  3.06s/it] 48%|     | 314/657 [14:46<16:41,  2.92s/it] 48%|     | 316/657 [14:53<16:54,  2.97s/it] 48%|     | 318/657 [14:57<15:50,  2.80s/it] 49%|     | 320/657 [15:02<14:39,  2.61s/it] 49%|     | 322/657 [15:08<15:41,  2.81s/it] 49%|     | 324/657 [15:13<14:39,  2.64s/it] 50%|     | 326/657 [15:19<15:01,  2.72s/it] 50%|     | 328/657 [15:24<14:48,  2.70s/it] 50%|     | 330/657 [15:28<13:52,  2.55s/it] 51%|     | 332/657 [15:33<13:16,  2.45s/it] 51%|     | 334/657 [15:38<13:13,  2.46s/it] 51%|     | 336/657 [15:43<13:41,  2.56s/it] 51%|    | 338/657 [15:48<13:10,  2.48s/it] 52%|    | 340/657 [15:53<13:06,  2.48s/it] 52%|    | 342/657 [15:58<13:35,  2.59s/it] 52%|    | 344/657 [16:03<12:43,  2.44s/it] 53%|    | 346/657 [16:08<12:46,  2.46s/it] 53%|    | 348/657 [16:13<12:52,  2.50s/it] 53%|    | 350/657 [16:18<12:59,  2.54s/it] 54%|    | 352/657 [16:24<13:13,  2.60s/it] 54%|    | 354/657 [16:30<13:49,  2.74s/it] 54%|    | 356/657 [16:35<13:50,  2.76s/it] 54%|    | 358/657 [16:41<13:54,  2.79s/it] 55%|    | 360/657 [16:46<13:27,  2.72s/it] 55%|    | 362/657 [16:52<13:20,  2.71s/it] 55%|    | 364/657 [16:56<12:24,  2.54s/it] 56%|    | 366/657 [17:00<11:35,  2.39s/it] 56%|    | 368/657 [17:05<11:56,  2.48s/it] 56%|    | 370/657 [17:10<11:48,  2.47s/it] 57%|    | 372/657 [17:15<11:47,  2.48s/it] 57%|    | 374/657 [17:21<12:05,  2.56s/it] 57%|    | 376/657 [17:26<12:14,  2.61s/it] 58%|    | 378/657 [17:31<11:37,  2.50s/it] 58%|    | 380/657 [17:37<12:20,  2.67s/it] 58%|    | 382/657 [17:42<12:28,  2.72s/it] 58%|    | 384/657 [17:47<12:04,  2.65s/it] 59%|    | 386/657 [17:52<11:32,  2.56s/it] 59%|    | 388/657 [17:57<11:37,  2.59s/it] 59%|    | 390/657 [18:03<11:35,  2.60s/it] 60%|    | 392/657 [18:09<12:19,  2.79s/it] 60%|    | 394/657 [18:14<11:27,  2.61s/it] 60%|    | 396/657 [18:19<11:41,  2.69s/it] 61%|    | 398/657 [18:24<11:27,  2.65s/it] 61%|    | 400/657 [18:29<11:07,  2.60s/it] 61%|    | 402/657 [18:34<10:59,  2.59s/it] 61%|   | 404/657 [18:39<10:41,  2.53s/it] 62%|   | 406/657 [18:45<10:53,  2.60s/it] 62%|   | 408/657 [18:51<11:09,  2.69s/it] 62%|   | 410/657 [18:56<11:13,  2.73s/it] 63%|   | 412/657 [19:02<11:19,  2.78s/it] 63%|   | 414/657 [19:08<11:40,  2.88s/it] 63%|   | 416/657 [19:14<11:29,  2.86s/it] 64%|   | 418/657 [19:20<11:30,  2.89s/it] 64%|   | 420/657 [19:25<11:01,  2.79s/it] 64%|   | 422/657 [19:31<11:11,  2.86s/it] 65%|   | 424/657 [19:36<10:37,  2.74s/it] 65%|   | 426/657 [19:41<10:34,  2.75s/it] 65%|   | 428/657 [19:47<10:45,  2.82s/it] 65%|   | 430/657 [19:52<10:14,  2.71s/it] 66%|   | 432/657 [19:59<10:56,  2.92s/it] 66%|   | 434/657 [20:04<10:07,  2.72s/it] 66%|   | 436/657 [20:09<09:48,  2.66s/it] 67%|   | 438/657 [20:14<09:30,  2.61s/it] 67%|   | 440/657 [20:18<09:12,  2.55s/it] 67%|   | 442/657 [20:24<09:16,  2.59s/it] 68%|   | 444/657 [20:31<10:02,  2.83s/it] 68%|   | 446/657 [20:37<10:13,  2.91s/it] 68%|   | 448/657 [20:42<09:53,  2.84s/it] 68%|   | 450/657 [20:48<09:55,  2.88s/it] 69%|   | 452/657 [20:54<09:55,  2.90s/it] 69%|   | 454/657 [21:00<09:49,  2.91s/it] 69%|   | 456/657 [21:06<09:49,  2.93s/it] 70%|   | 458/657 [21:11<09:20,  2.82s/it] 70%|   | 460/657 [21:17<09:24,  2.87s/it] 70%|   | 462/657 [21:22<09:05,  2.80s/it] 71%|   | 464/657 [21:28<09:02,  2.81s/it] 71%|   | 466/657 [21:32<08:07,  2.55s/it] 71%|   | 468/657 [21:38<08:37,  2.74s/it] 72%|  | 470/657 [21:44<08:38,  2.77s/it] 72%|  | 472/657 [21:49<08:27,  2.74s/it] 72%|  | 474/657 [21:55<08:27,  2.77s/it] 72%|  | 476/657 [22:01<08:34,  2.84s/it] 73%|  | 478/657 [22:06<08:12,  2.75s/it] 73%|  | 480/657 [22:13<08:40,  2.94s/it] 73%|  | 482/657 [22:18<08:15,  2.83s/it] 74%|  | 484/657 [22:24<08:19,  2.89s/it] 74%|  | 486/657 [22:29<08:03,  2.83s/it] 74%|  | 488/657 [22:34<07:46,  2.76s/it] 75%|  | 490/657 [22:40<07:49,  2.81s/it] 75%|  | 492/657 [22:47<08:07,  2.95s/it] 75%|  | 494/657 [22:52<07:43,  2.84s/it] 75%|  | 496/657 [22:58<07:40,  2.86s/it] 76%|  | 498/657 [23:04<07:47,  2.94s/it] 76%|  | 500/657 [23:10<07:36,  2.91s/it] 76%|  | 502/657 [23:15<07:25,  2.87s/it] 77%|  | 504/657 [23:21<07:28,  2.93s/it] 77%|  | 506/657 [23:27<07:24,  2.94s/it] 77%|  | 508/657 [23:33<07:08,  2.88s/it] 78%|  | 510/657 [23:38<06:49,  2.79s/it] 78%|  | 512/657 [23:43<06:35,  2.73s/it] 78%|  | 514/657 [23:49<06:32,  2.74s/it] 79%|  | 516/657 [23:56<06:57,  2.96s/it] 79%|  | 518/657 [24:01<06:38,  2.87s/it] 79%|  | 520/657 [24:06<06:20,  2.78s/it] 79%|  | 522/657 [24:12<06:24,  2.85s/it] 80%|  | 524/657 [24:17<06:10,  2.78s/it] 80%|  | 526/657 [24:23<06:10,  2.83s/it] 80%|  | 528/657 [24:30<06:19,  2.94s/it] 81%|  | 530/657 [24:36<06:20,  2.99s/it] 81%|  | 532/657 [24:42<06:22,  3.06s/it] 81%| | 534/657 [24:48<06:04,  2.97s/it] 82%| | 536/657 [24:53<05:39,  2.81s/it] 82%| | 538/657 [24:57<05:15,  2.66s/it] 82%| | 540/657 [25:03<05:14,  2.69s/it] 82%| | 542/657 [25:09<05:22,  2.80s/it] 83%| | 544/657 [25:14<05:07,  2.72s/it] 83%| | 546/657 [25:20<05:14,  2.83s/it] 83%| | 548/657 [25:25<05:01,  2.76s/it] 84%| | 550/657 [25:31<04:54,  2.75s/it] 84%| | 552/657 [25:36<04:37,  2.65s/it] 84%| | 554/657 [25:42<04:49,  2.81s/it] 85%| | 556/657 [25:48<04:47,  2.84s/it] 85%| | 558/657 [25:53<04:25,  2.68s/it] 85%| | 560/657 [25:58<04:20,  2.69s/it] 86%| | 562/657 [26:03<04:08,  2.62s/it] 86%| | 564/657 [26:10<04:27,  2.87s/it] 86%| | 566/657 [26:15<04:20,  2.87s/it] 86%| | 568/657 [26:21<04:12,  2.84s/it] 87%| | 570/657 [26:27<04:11,  2.89s/it] 87%| | 572/657 [26:32<03:59,  2.82s/it] 87%| | 574/657 [26:38<03:58,  2.87s/it] 88%| | 576/657 [26:44<03:56,  2.92s/it] 88%| | 578/657 [26:51<04:03,  3.08s/it] 88%| | 580/657 [26:56<03:42,  2.89s/it] 89%| | 582/657 [27:01<03:23,  2.71s/it] 89%| | 584/657 [27:05<03:09,  2.60s/it] 89%| | 586/657 [27:11<03:05,  2.61s/it] 89%| | 588/657 [27:17<03:09,  2.75s/it] 90%| | 590/657 [27:23<03:11,  2.85s/it] 90%| | 592/657 [27:29<03:04,  2.84s/it] 90%| | 594/657 [27:34<02:59,  2.85s/it] 91%| | 596/657 [27:37<02:28,  2.44s/it] 91%| | 598/657 [27:42<02:20,  2.38s/it] 91%|| 600/657 [27:47<02:17,  2.42s/it] 92%|| 602/657 [27:53<02:27,  2.68s/it] 92%|| 604/657 [27:59<02:22,  2.70s/it] 92%|| 606/657 [28:05<02:19,  2.73s/it] 93%|| 608/657 [28:09<02:09,  2.64s/it] 93%|| 610/657 [28:16<02:10,  2.77s/it] 93%|| 612/657 [28:21<02:03,  2.75s/it] 93%|| 614/657 [28:28<02:06,  2.95s/it] 94%|| 616/657 [28:33<01:58,  2.90s/it] 94%|| 618/657 [28:38<01:49,  2.80s/it] 94%|| 620/657 [28:44<01:41,  2.74s/it] 95%|| 622/657 [28:50<01:39,  2.86s/it] 95%|| 624/657 [28:55<01:31,  2.77s/it] 95%|| 626/657 [29:00<01:24,  2.73s/it] 96%|| 628/657 [29:06<01:20,  2.78s/it] 96%|| 630/657 [29:12<01:14,  2.75s/it] 96%|| 632/657 [29:18<01:11,  2.87s/it] 96%|| 634/657 [29:23<01:02,  2.71s/it] 97%|| 636/657 [29:28<00:58,  2.77s/it] 97%|| 638/657 [29:35<00:56,  2.95s/it] 97%|| 640/657 [29:41<00:49,  2.89s/it] 98%|| 642/657 [29:44<00:38,  2.58s/it] 98%|| 644/657 [29:50<00:33,  2.59s/it] 98%|| 646/657 [29:55<00:28,  2.62s/it] 99%|| 648/657 [29:59<00:22,  2.45s/it] 99%|| 650/657 [30:06<00:18,  2.70s/it] 99%|| 652/657 [30:11<00:13,  2.64s/it]100%|| 654/657 [30:17<00:08,  2.76s/it]100%|| 656/657 [30:20<00:02,  2.50s/it]100%|| 657/657 [30:26<00:00,  2.98s/it]100%|| 657/657 [30:26<00:00,  2.78s/it]
[1826.7328023910522s] biosyn_pfam scan
run_status is now BIOSYN_SCANNED
Doing sub_pfam scan on 657 BGCs...
  0%|          | 0/657 [00:00<?, ?it/s]100%|| 657/657 [00:00<00:00, 5389.59it/s]
0 BGCs are already scanned in previous run
Preparing fasta files for subpfam_scans...
  0%|          | 0/657 [00:00<?, ?it/s] 11%|         | 72/657 [00:01<00:08, 71.09it/s] 26%|       | 174/657 [00:02<00:05, 88.04it/s] 40%|      | 266/657 [00:03<00:04, 89.61it/s] 54%|    | 356/657 [00:04<00:03, 86.92it/s] 68%|   | 444/657 [00:05<00:02, 82.34it/s] 81%| | 534/657 [00:06<00:01, 84.67it/s] 94%|| 620/657 [00:07<00:00, 82.49it/s]100%|| 657/657 [00:07<00:00, 84.83it/s]
Running subpfam_scans in parallel... 657 BGCs
  0%|          | 0/4674 [00:00<?, ?it/s]  0%|          | 8/4674 [00:02<28:53,  2.69it/s]  0%|          | 12/4674 [00:04<26:55,  2.89it/s] 10%|         | 455/4674 [00:05<00:36, 116.40it/s] 20%|        | 925/4674 [00:07<00:20, 179.92it/s] 26%|       | 1199/4674 [00:08<00:17, 198.18it/s] 35%|      | 1650/4674 [00:09<00:11, 259.94it/s] 43%|     | 2027/4674 [00:10<00:09, 290.12it/s] 50%|     | 2343/4674 [00:13<00:11, 200.01it/s] 64%|   | 2999/4674 [00:16<00:08, 209.26it/s] 85%| | 3961/4674 [00:20<00:03, 212.23it/s]100%|| 4674/4674 [00:21<00:00, 222.08it/s]
[30.60744881629944s] sub_pfam scan
run_status is now SUBPFAM_SCANNED
Extracting features from 657 BGCs...
0 BGCs are already extracted in previous run
Extracting features...
  0%|          | 0/657 [00:00<?, ?it/s]  1%|          | 4/657 [00:01<02:50,  3.84it/s]  2%|         | 12/657 [00:02<01:58,  5.46it/s]  3%|         | 18/657 [00:04<02:39,  4.00it/s]  4%|         | 24/657 [00:05<02:18,  4.57it/s]  5%|         | 30/657 [00:07<02:34,  4.07it/s]  5%|         | 36/657 [00:08<02:36,  3.97it/s]  6%|         | 42/657 [00:10<02:30,  4.10it/s]  7%|         | 48/657 [00:11<02:15,  4.48it/s]  8%|         | 54/657 [00:12<02:10,  4.63it/s]  9%|         | 60/657 [00:13<02:12,  4.49it/s] 10%|         | 66/657 [00:14<02:08,  4.60it/s] 11%|         | 72/657 [00:16<01:59,  4.90it/s] 12%|        | 80/657 [00:17<01:47,  5.38it/s] 13%|        | 86/657 [00:18<01:50,  5.19it/s] 14%|        | 92/657 [00:19<01:47,  5.26it/s] 15%|        | 98/657 [00:20<01:52,  4.97it/s] 16%|        | 106/657 [00:22<01:42,  5.36it/s] 17%|        | 112/657 [00:23<01:41,  5.37it/s] 18%|        | 120/657 [00:24<01:29,  6.00it/s] 19%|        | 128/657 [00:26<01:36,  5.48it/s] 20%|        | 134/657 [00:27<01:38,  5.31it/s] 21%|       | 140/657 [00:28<01:41,  5.12it/s] 22%|       | 146/657 [00:29<01:42,  4.99it/s] 23%|       | 152/657 [00:31<01:38,  5.11it/s] 24%|       | 158/657 [00:32<01:36,  5.15it/s] 25%|       | 166/657 [00:33<01:28,  5.52it/s] 26%|       | 172/657 [00:34<01:32,  5.23it/s] 27%|       | 180/657 [00:35<01:23,  5.70it/s] 29%|       | 188/657 [00:37<01:16,  6.10it/s] 30%|       | 196/657 [00:38<01:12,  6.34it/s] 31%|       | 204/657 [00:39<01:15,  6.02it/s] 32%|      | 212/657 [00:41<01:15,  5.93it/s] 33%|      | 218/657 [00:42<01:18,  5.61it/s] 34%|      | 224/657 [00:43<01:18,  5.49it/s] 35%|      | 230/657 [00:44<01:22,  5.19it/s] 36%|      | 236/657 [00:46<01:26,  4.84it/s] 37%|      | 242/657 [00:47<01:22,  5.01it/s] 38%|      | 250/657 [00:48<01:19,  5.11it/s] 39%|      | 256/657 [00:50<01:29,  4.48it/s] 40%|      | 262/657 [00:51<01:22,  4.78it/s] 41%|      | 268/657 [00:52<01:22,  4.70it/s] 42%|     | 274/657 [00:54<01:20,  4.76it/s] 43%|     | 280/657 [00:55<01:15,  5.01it/s] 44%|     | 286/657 [00:56<01:16,  4.83it/s] 45%|     | 294/657 [00:57<01:06,  5.49it/s] 46%|     | 300/657 [00:59<01:10,  5.10it/s] 47%|     | 308/657 [01:00<01:03,  5.53it/s] 48%|     | 314/657 [01:01<01:04,  5.36it/s] 49%|     | 320/657 [01:02<01:03,  5.32it/s] 50%|     | 326/657 [01:03<01:00,  5.49it/s] 51%|     | 332/657 [01:04<00:59,  5.44it/s] 51%|    | 338/657 [01:06<01:01,  5.21it/s] 52%|    | 344/657 [01:07<00:58,  5.38it/s] 53%|    | 350/657 [01:08<00:55,  5.52it/s] 54%|    | 356/657 [01:09<00:55,  5.43it/s] 55%|    | 362/657 [01:10<00:57,  5.15it/s] 56%|    | 368/657 [01:11<00:55,  5.19it/s] 57%|    | 374/657 [01:13<00:57,  4.91it/s] 58%|    | 380/657 [01:14<00:59,  4.67it/s] 59%|    | 386/657 [01:15<00:59,  4.56it/s] 60%|    | 392/657 [01:17<00:57,  4.64it/s] 61%|    | 398/657 [01:18<00:56,  4.61it/s] 61%|   | 404/657 [01:19<00:56,  4.46it/s] 63%|   | 414/657 [01:21<00:50,  4.84it/s] 64%|   | 422/657 [01:23<00:45,  5.12it/s] 65%|   | 428/657 [01:24<00:44,  5.15it/s] 66%|   | 434/657 [01:25<00:42,  5.22it/s] 67%|   | 440/657 [01:26<00:43,  5.04it/s] 68%|   | 448/657 [01:27<00:37,  5.60it/s] 69%|   | 454/657 [01:29<00:40,  5.02it/s] 70%|   | 462/657 [01:30<00:37,  5.25it/s] 71%|   | 468/657 [01:31<00:35,  5.26it/s] 72%|  | 474/657 [01:32<00:34,  5.27it/s] 73%|  | 480/657 [01:33<00:32,  5.44it/s] 74%|  | 486/657 [01:35<00:32,  5.34it/s] 75%|  | 492/657 [01:36<00:30,  5.34it/s] 76%|  | 498/657 [01:37<00:29,  5.38it/s] 77%|  | 504/657 [01:38<00:29,  5.27it/s] 78%|  | 512/657 [01:39<00:25,  5.71it/s] 79%|  | 518/657 [01:40<00:25,  5.52it/s] 80%|  | 524/657 [01:42<00:24,  5.43it/s] 81%|  | 530/657 [01:43<00:23,  5.40it/s] 82%| | 536/657 [01:44<00:22,  5.44it/s] 82%| | 542/657 [01:45<00:21,  5.40it/s] 83%| | 548/657 [01:46<00:19,  5.55it/s] 85%| | 556/657 [01:47<00:16,  6.07it/s] 86%| | 566/657 [01:48<00:12,  7.02it/s] 87%| | 574/657 [01:49<00:12,  6.84it/s] 89%| | 582/657 [01:51<00:12,  5.83it/s] 90%| | 590/657 [01:53<00:12,  5.35it/s] 91%| | 596/657 [01:54<00:11,  5.24it/s] 92%|| 602/657 [01:55<00:10,  5.26it/s] 93%|| 608/657 [01:56<00:09,  5.42it/s] 93%|| 614/657 [01:58<00:08,  5.24it/s] 94%|| 620/657 [01:59<00:07,  5.13it/s] 95%|| 626/657 [02:00<00:06,  5.02it/s] 96%|| 632/657 [02:02<00:05,  4.28it/s] 97%|| 638/657 [02:03<00:04,  4.26it/s] 98%|| 646/657 [02:05<00:02,  4.71it/s]100%|| 654/657 [02:06<00:00,  5.21it/s]100%|| 657/657 [02:06<00:00,  5.18it/s]
/home/wangsy/Zhuh/miniconda3/envs/Li_bgc/lib/python3.12/site-packages/sklearn/cluster/_birch.py:536: FutureWarning: `copy` was deprecated in 1.6 and will be removed in 1.8 since it has no effect internally. Simply leave this parameter to its default value to avoid this warning.
  warnings.warn(
[128.42815113067627s] features extraction
run_status is now FEATURES_EXTRACTED
Building GCF models...
[23.189674615859985s] clustering
run_status is now CLUSTERING_FINISHED
Assigning GCF membership...
[2.889582872390747s] membership_assignment
run_status is now MEMBERSHIPS_ASSIGNED
[2.384185791015625e-06s] preparing_output
run_status is now RUN_FINISHED
Dumping in-memory database content into /home/wangsy/Intertidal_BGCs_Mining/bigslice_output4/result/data.db... 5.2466s
BiG-SLiCE run complete!
